PREHOOK: query: CREATE TABLE table1(i int CHECK -i > -10,
    j int CHECK +j > 10,
    ij boolean CHECK ij IS NOT NULL,
    a int CHECK a BETWEEN i AND j,
    bb float CHECK bb IN (23.4,56,4),
    d bigint CHECK d > round(567.6) AND d < round(1000.4))
    clustered by (i) into 2 buckets stored as orc TBLPROPERTIES('transactional'='true')
PREHOOK: type: CREATETABLE
PREHOOK: Output: database:default
PREHOOK: Output: default@table1
POSTHOOK: query: CREATE TABLE table1(i int CHECK -i > -10,
    j int CHECK +j > 10,
    ij boolean CHECK ij IS NOT NULL,
    a int CHECK a BETWEEN i AND j,
    bb float CHECK bb IN (23.4,56,4),
    d bigint CHECK d > round(567.6) AND d < round(1000.4))
    clustered by (i) into 2 buckets stored as orc TBLPROPERTIES('transactional'='true')
POSTHOOK: type: CREATETABLE
POSTHOOK: Output: database:default
POSTHOOK: Output: default@table1
PREHOOK: query: DESC FORMATTED table1
PREHOOK: type: DESCTABLE
PREHOOK: Input: default@table1
POSTHOOK: query: DESC FORMATTED table1
POSTHOOK: type: DESCTABLE
POSTHOOK: Input: default@table1
# col_name            	data_type           	comment             
i                   	int                 	                    
j                   	int                 	                    
ij                  	boolean             	                    
a                   	int                 	                    
bb                  	float               	                    
d                   	bigint              	                    
	 	 
# Detailed Table Information	 	 
Database:           	default             	 
#### A masked pattern was here ####
Retention:          	0                   	 
#### A masked pattern was here ####
Table Type:         	MANAGED_TABLE       	 
Table Parameters:	 	 
	transactional       	true                
	transactional_properties	default             
#### A masked pattern was here ####
	 	 
# Storage Information	 	 
SerDe Library:      	org.apache.hadoop.hive.ql.io.orc.OrcSerde	 
InputFormat:        	org.apache.hadoop.hive.ql.io.orc.OrcInputFormat	 
OutputFormat:       	org.apache.hadoop.hive.ql.io.orc.OrcOutputFormat	 
Compressed:         	No                  	 
Num Buckets:        	2                   	 
Bucket Columns:     	[i]                 	 
Sort Columns:       	[]                  	 
Storage Desc Params:	 	 
	serialization.format	1                   
	 	 
# Constraints	 	 
	 	 
# Check Constraints	 	 
Table:              	default.table1      	 
Constraint Name:    	#### A masked pattern was here ####	 
Column Name:a       	Check Value:a BETWEEN i AND j	 
	 	 
Constraint Name:    	#### A masked pattern was here ####	 
Column Name:d       	Check Value:d > round(567.6) AND d < round(1000.4)	 
	 	 
Constraint Name:    	#### A masked pattern was here ####	 
Column Name:i       	Check Value:-i > -10	 
	 	 
Constraint Name:    	#### A masked pattern was here ####	 
Column Name:j       	Check Value:+j > 10 	 
	 	 
Constraint Name:    	#### A masked pattern was here ####	 
Column Name:ij      	Check Value:ij IS NOT NULL	 
	 	 
Constraint Name:    	#### A masked pattern was here ####	 
Column Name:bb      	Check Value:bb IN (23.4,56,4)	 
	 	 
PREHOOK: query: EXPLAIN INSERT INTO table1 values(1,100,true, 5, 23.4, 700.5)
PREHOOK: type: QUERY
POSTHOOK: query: EXPLAIN INSERT INTO table1 values(1,100,true, 5, 23.4, 700.5)
POSTHOOK: type: QUERY
STAGE DEPENDENCIES:
  Stage-1 is a root stage
  Stage-2 depends on stages: Stage-1
  Stage-0 depends on stages: Stage-2

STAGE PLANS:
  Stage: Stage-1
    Tez
#### A masked pattern was here ####
      Edges:
        Reducer 2 <- Map 1 (CUSTOM_SIMPLE_EDGE)
#### A masked pattern was here ####
      Vertices:
        Map 1 
            Map Operator Tree:
                TableScan
                  alias: _dummy_table
                  Row Limit Per Split: 1
                  Statistics: Num rows: 1 Data size: 10 Basic stats: COMPLETE Column stats: COMPLETE
                  Select Operator
                    expressions: array(const struct(1,100,true,5,23.4,700.5)) (type: array<struct<col1:int,col2:int,col3:boolean,col4:int,col5:decimal(3,1),col6:decimal(4,1)>>)
                    outputColumnNames: _col0
                    Statistics: Num rows: 1 Data size: 48 Basic stats: COMPLETE Column stats: COMPLETE
                    UDTF Operator
                      Statistics: Num rows: 1 Data size: 48 Basic stats: COMPLETE Column stats: COMPLETE
                      function name: inline
                      Select Operator
                        expressions: col1 (type: int), col2 (type: int), col3 (type: boolean), col4 (type: int), col5 (type: decimal(3,1)), col6 (type: decimal(4,1))
                        outputColumnNames: _col0, _col1, _col2, _col3, _col4, _col5
                        Statistics: Num rows: 1 Data size: 8 Basic stats: COMPLETE Column stats: COMPLETE
                        Filter Operator
                          predicate: enforce_constraint((((((((- _col0) > (- 10)) is not false and (_col1 > 10) is not false) and _col2 is not null is not false) and _col3 BETWEEN _col0 AND _col1 is not false) and (_col4) IN (23.4, 56, 4) is not false) and ((_col5 > round(567.6)) and (_col5 < round(1000.4))) is not false)) (type: boolean)
                          Statistics: Num rows: 1 Data size: 8 Basic stats: COMPLETE Column stats: COMPLETE
                          Reduce Output Operator
                            sort order: 
                            Map-reduce partition columns: _col0 (type: int)
                            Statistics: Num rows: 1 Data size: 8 Basic stats: COMPLETE Column stats: COMPLETE
                            value expressions: _col0 (type: int), _col1 (type: int), _col2 (type: boolean), _col3 (type: int), _col4 (type: decimal(3,1)), _col5 (type: decimal(4,1))
            Execution mode: llap
            LLAP IO: no inputs
        Reducer 2 
            Execution mode: llap
            Reduce Operator Tree:
              Select Operator
                expressions: VALUE._col0 (type: int), VALUE._col1 (type: int), VALUE._col2 (type: boolean), VALUE._col3 (type: int), UDFToFloat(VALUE._col4) (type: float), UDFToLong(VALUE._col5) (type: bigint)
                outputColumnNames: _col0, _col1, _col2, _col3, _col4, _col5
                Statistics: Num rows: 1 Data size: 12 Basic stats: COMPLETE Column stats: COMPLETE
                File Output Operator
                  compressed: false
                  Statistics: Num rows: 1 Data size: 12 Basic stats: COMPLETE Column stats: COMPLETE
                  table:
                      input format: org.apache.hadoop.hive.ql.io.orc.OrcInputFormat
                      output format: org.apache.hadoop.hive.ql.io.orc.OrcOutputFormat
                      serde: org.apache.hadoop.hive.ql.io.orc.OrcSerde
                      name: default.table1
                  Write Type: INSERT

  Stage: Stage-2
    Dependency Collection

  Stage: Stage-0
    Move Operator
      tables:
          replace: false
          table:
              input format: org.apache.hadoop.hive.ql.io.orc.OrcInputFormat
              output format: org.apache.hadoop.hive.ql.io.orc.OrcOutputFormat
              serde: org.apache.hadoop.hive.ql.io.orc.OrcSerde
              name: default.table1
          Write Type: INSERT

PREHOOK: query: INSERT INTO table1 values(1,100,true, 5, 23.4, 700.5)
PREHOOK: type: QUERY
PREHOOK: Input: _dummy_database@_dummy_table
PREHOOK: Output: default@table1
POSTHOOK: query: INSERT INTO table1 values(1,100,true, 5, 23.4, 700.5)
POSTHOOK: type: QUERY
POSTHOOK: Input: _dummy_database@_dummy_table
POSTHOOK: Output: default@table1
POSTHOOK: Lineage: table1.a SCRIPT []
POSTHOOK: Lineage: table1.bb SCRIPT []
POSTHOOK: Lineage: table1.d SCRIPT []
POSTHOOK: Lineage: table1.i SCRIPT []
POSTHOOK: Lineage: table1.ij SCRIPT []
POSTHOOK: Lineage: table1.j SCRIPT []
PREHOOK: query: SELECT * from table1
PREHOOK: type: QUERY
PREHOOK: Input: default@table1
#### A masked pattern was here ####
POSTHOOK: query: SELECT * from table1
POSTHOOK: type: QUERY
POSTHOOK: Input: default@table1
#### A masked pattern was here ####
1	100	true	5	23.4	700
PREHOOK: query: DROP TABLE table1
PREHOOK: type: DROPTABLE
PREHOOK: Input: default@table1
PREHOOK: Output: default@table1
POSTHOOK: query: DROP TABLE table1
POSTHOOK: type: DROPTABLE
POSTHOOK: Input: default@table1
POSTHOOK: Output: default@table1
PREHOOK: query: CREATE TABLE table2(i int CHECK i + NULL > 0)
PREHOOK: type: CREATETABLE
PREHOOK: Output: database:default
PREHOOK: Output: default@table2
POSTHOOK: query: CREATE TABLE table2(i int CHECK i + NULL > 0)
POSTHOOK: type: CREATETABLE
POSTHOOK: Output: database:default
POSTHOOK: Output: default@table2
PREHOOK: query: DESC FORMATTED table2
PREHOOK: type: DESCTABLE
PREHOOK: Input: default@table2
POSTHOOK: query: DESC FORMATTED table2
POSTHOOK: type: DESCTABLE
POSTHOOK: Input: default@table2
# col_name            	data_type           	comment             
i                   	int                 	                    
	 	 
# Detailed Table Information	 	 
Database:           	default             	 
#### A masked pattern was here ####
Retention:          	0                   	 
#### A masked pattern was here ####
Table Type:         	MANAGED_TABLE       	 
Table Parameters:	 	 
#### A masked pattern was here ####
	 	 
# Storage Information	 	 
SerDe Library:      	org.apache.hadoop.hive.serde2.lazy.LazySimpleSerDe	 
InputFormat:        	org.apache.hadoop.mapred.TextInputFormat	 
OutputFormat:       	org.apache.hadoop.hive.ql.io.HiveIgnoreKeyTextOutputFormat	 
Compressed:         	No                  	 
Num Buckets:        	-1                  	 
Bucket Columns:     	[]                  	 
Sort Columns:       	[]                  	 
Storage Desc Params:	 	 
	serialization.format	1                   
	 	 
# Constraints	 	 
	 	 
# Check Constraints	 	 
Table:              	default.table2      	 
Constraint Name:    	#### A masked pattern was here ####	 
Column Name:i       	Check Value:i + NULL > 0	 
	 	 
PREHOOK: query: EXPLAIN INSERT INTO table2 values(8)
PREHOOK: type: QUERY
POSTHOOK: query: EXPLAIN INSERT INTO table2 values(8)
POSTHOOK: type: QUERY
STAGE DEPENDENCIES:
  Stage-1 is a root stage
  Stage-2 depends on stages: Stage-1
  Stage-0 depends on stages: Stage-2

STAGE PLANS:
  Stage: Stage-1
    Tez
#### A masked pattern was here ####
      Vertices:
        Map 1 
            Map Operator Tree:
                TableScan
                  alias: _dummy_table
                  Row Limit Per Split: 1
                  Statistics: Num rows: 1 Data size: 10 Basic stats: COMPLETE Column stats: COMPLETE
                  Select Operator
                    expressions: array(const struct(8)) (type: array<struct<col1:int>>)
                    outputColumnNames: _col0
                    Statistics: Num rows: 1 Data size: 48 Basic stats: COMPLETE Column stats: COMPLETE
                    UDTF Operator
                      Statistics: Num rows: 1 Data size: 48 Basic stats: COMPLETE Column stats: COMPLETE
                      function name: inline
                      Select Operator
                        expressions: col1 (type: int)
                        outputColumnNames: _col0
                        Statistics: Num rows: 1 Data size: 8 Basic stats: COMPLETE Column stats: COMPLETE
                        Filter Operator
                          predicate: enforce_constraint(((_col0 + null) > 0) is not false) (type: boolean)
                          Statistics: Num rows: 1 Data size: 8 Basic stats: COMPLETE Column stats: COMPLETE
                          File Output Operator
                            compressed: false
                            Statistics: Num rows: 1 Data size: 8 Basic stats: COMPLETE Column stats: COMPLETE
                            table:
                                input format: org.apache.hadoop.mapred.TextInputFormat
                                output format: org.apache.hadoop.hive.ql.io.HiveIgnoreKeyTextOutputFormat
                                serde: org.apache.hadoop.hive.serde2.lazy.LazySimpleSerDe
                                name: default.table2
            Execution mode: llap
            LLAP IO: no inputs

  Stage: Stage-2
    Dependency Collection

  Stage: Stage-0
    Move Operator
      tables:
          replace: false
          table:
              input format: org.apache.hadoop.mapred.TextInputFormat
              output format: org.apache.hadoop.hive.ql.io.HiveIgnoreKeyTextOutputFormat
              serde: org.apache.hadoop.hive.serde2.lazy.LazySimpleSerDe
              name: default.table2

PREHOOK: query: INSERT INTO table2 values(8)
PREHOOK: type: QUERY
PREHOOK: Input: _dummy_database@_dummy_table
PREHOOK: Output: default@table2
POSTHOOK: query: INSERT INTO table2 values(8)
POSTHOOK: type: QUERY
POSTHOOK: Input: _dummy_database@_dummy_table
POSTHOOK: Output: default@table2
POSTHOOK: Lineage: table2.i SCRIPT []
PREHOOK: query: select * from table2
PREHOOK: type: QUERY
PREHOOK: Input: default@table2
#### A masked pattern was here ####
POSTHOOK: query: select * from table2
POSTHOOK: type: QUERY
POSTHOOK: Input: default@table2
#### A masked pattern was here ####
8
PREHOOK: query: Drop table table2
PREHOOK: type: DROPTABLE
PREHOOK: Input: default@table2
PREHOOK: Output: default@table2
POSTHOOK: query: Drop table table2
POSTHOOK: type: DROPTABLE
POSTHOOK: Input: default@table2
POSTHOOK: Output: default@table2
PREHOOK: query: CREATE FUNCTION test_udf2 AS 'org.apache.hadoop.hive.ql.udf.generic.GenericUDFTestGetJavaString'
PREHOOK: type: CREATEFUNCTION
PREHOOK: Output: database:default
PREHOOK: Output: default.test_udf2
POSTHOOK: query: CREATE FUNCTION test_udf2 AS 'org.apache.hadoop.hive.ql.udf.generic.GenericUDFTestGetJavaString'
POSTHOOK: type: CREATEFUNCTION
POSTHOOK: Output: database:default
POSTHOOK: Output: default.test_udf2
PREHOOK: query: CREATE TABLE tudf(v string CHECK test_udf2(v) <> 'vin')
PREHOOK: type: CREATETABLE
PREHOOK: Output: database:default
PREHOOK: Output: default@tudf
POSTHOOK: query: CREATE TABLE tudf(v string CHECK test_udf2(v) <> 'vin')
POSTHOOK: type: CREATETABLE
POSTHOOK: Output: database:default
POSTHOOK: Output: default@tudf
PREHOOK: query: EXPLAIN INSERT INTO tudf values('function1')
PREHOOK: type: QUERY
POSTHOOK: query: EXPLAIN INSERT INTO tudf values('function1')
POSTHOOK: type: QUERY
STAGE DEPENDENCIES:
  Stage-1 is a root stage
  Stage-2 depends on stages: Stage-1
  Stage-0 depends on stages: Stage-2

STAGE PLANS:
  Stage: Stage-1
    Tez
#### A masked pattern was here ####
      Vertices:
        Map 1 
            Map Operator Tree:
                TableScan
                  alias: _dummy_table
                  Row Limit Per Split: 1
                  Statistics: Num rows: 1 Data size: 10 Basic stats: COMPLETE Column stats: COMPLETE
                  Select Operator
                    expressions: array(const struct('function1')) (type: array<struct<col1:string>>)
                    outputColumnNames: _col0
                    Statistics: Num rows: 1 Data size: 48 Basic stats: COMPLETE Column stats: COMPLETE
                    UDTF Operator
                      Statistics: Num rows: 1 Data size: 48 Basic stats: COMPLETE Column stats: COMPLETE
                      function name: inline
                      Select Operator
                        expressions: col1 (type: string)
                        outputColumnNames: _col0
                        Statistics: Num rows: 1 Data size: 8 Basic stats: COMPLETE Column stats: COMPLETE
                        Filter Operator
                          predicate: enforce_constraint((GenericUDFTestGetJavaString(_col0) <> 'vin') is not false) (type: boolean)
                          Statistics: Num rows: 1 Data size: 8 Basic stats: COMPLETE Column stats: COMPLETE
                          File Output Operator
                            compressed: false
                            Statistics: Num rows: 1 Data size: 8 Basic stats: COMPLETE Column stats: COMPLETE
                            table:
                                input format: org.apache.hadoop.mapred.TextInputFormat
                                output format: org.apache.hadoop.hive.ql.io.HiveIgnoreKeyTextOutputFormat
                                serde: org.apache.hadoop.hive.serde2.lazy.LazySimpleSerDe
                                name: default.tudf
            Execution mode: llap
            LLAP IO: no inputs

  Stage: Stage-2
    Dependency Collection

  Stage: Stage-0
    Move Operator
      tables:
          replace: false
          table:
              input format: org.apache.hadoop.mapred.TextInputFormat
              output format: org.apache.hadoop.hive.ql.io.HiveIgnoreKeyTextOutputFormat
              serde: org.apache.hadoop.hive.serde2.lazy.LazySimpleSerDe
              name: default.tudf

PREHOOK: query: Drop table tudf
PREHOOK: type: DROPTABLE
PREHOOK: Input: default@tudf
PREHOOK: Output: default@tudf
POSTHOOK: query: Drop table tudf
POSTHOOK: type: DROPTABLE
POSTHOOK: Input: default@tudf
POSTHOOK: Output: default@tudf
PREHOOK: query: create table tmulti(url string NOT NULL ENABLE, userName string, numClicks int CHECK numClicks > 0, d date)
PREHOOK: type: CREATETABLE
PREHOOK: Output: database:default
PREHOOK: Output: default@tmulti
POSTHOOK: query: create table tmulti(url string NOT NULL ENABLE, userName string, numClicks int CHECK numClicks > 0, d date)
POSTHOOK: type: CREATETABLE
POSTHOOK: Output: database:default
POSTHOOK: Output: default@tmulti
PREHOOK: query: alter table tmulti add constraint un1 UNIQUE (userName, numClicks) DISABLE
PREHOOK: type: ALTERTABLE_ADDCONSTRAINT
POSTHOOK: query: alter table tmulti add constraint un1 UNIQUE (userName, numClicks) DISABLE
POSTHOOK: type: ALTERTABLE_ADDCONSTRAINT
PREHOOK: query: DESC formatted tmulti
PREHOOK: type: DESCTABLE
PREHOOK: Input: default@tmulti
POSTHOOK: query: DESC formatted tmulti
POSTHOOK: type: DESCTABLE
POSTHOOK: Input: default@tmulti
# col_name            	data_type           	comment             
url                 	string              	                    
username            	string              	                    
numclicks           	int                 	                    
d                   	date                	                    
	 	 
# Detailed Table Information	 	 
Database:           	default             	 
#### A masked pattern was here ####
Retention:          	0                   	 
#### A masked pattern was here ####
Table Type:         	MANAGED_TABLE       	 
Table Parameters:	 	 
#### A masked pattern was here ####
	 	 
# Storage Information	 	 
SerDe Library:      	org.apache.hadoop.hive.serde2.lazy.LazySimpleSerDe	 
InputFormat:        	org.apache.hadoop.mapred.TextInputFormat	 
OutputFormat:       	org.apache.hadoop.hive.ql.io.HiveIgnoreKeyTextOutputFormat	 
Compressed:         	No                  	 
Num Buckets:        	-1                  	 
Bucket Columns:     	[]                  	 
Sort Columns:       	[]                  	 
Storage Desc Params:	 	 
	serialization.format	1                   
	 	 
# Constraints	 	 
	 	 
# Unique Constraints	 	 
Table:              	default.tmulti      	 
Constraint Name:    	un1                 	 
Column Name:username	Key Sequence:1      	 
Column Name:numclicks	Key Sequence:2      	 
	 	 
	 	 
# Not Null Constraints	 	 
Table:              	default.tmulti      	 
Constraint Name:    	#### A masked pattern was here ####	 
Column Name:        	url                 	 
	 	 
	 	 
# Check Constraints	 	 
Table:              	default.tmulti      	 
Constraint Name:    	#### A masked pattern was here ####	 
Column Name:numclicks	Check Value:numClicks > 0	 
	 	 
PREHOOK: query: EXPLAIN INSERT INTO tmulti values('hive.apache.com', 'user1', 48, '12-01-2018')
PREHOOK: type: QUERY
POSTHOOK: query: EXPLAIN INSERT INTO tmulti values('hive.apache.com', 'user1', 48, '12-01-2018')
POSTHOOK: type: QUERY
STAGE DEPENDENCIES:
  Stage-1 is a root stage
  Stage-2 depends on stages: Stage-1
  Stage-0 depends on stages: Stage-2

STAGE PLANS:
  Stage: Stage-1
    Tez
#### A masked pattern was here ####
      Vertices:
        Map 1 
            Map Operator Tree:
                TableScan
                  alias: _dummy_table
                  Row Limit Per Split: 1
                  Statistics: Num rows: 1 Data size: 10 Basic stats: COMPLETE Column stats: COMPLETE
                  Select Operator
                    expressions: array(const struct('hive.apache.com','user1',48,'12-01-2018')) (type: array<struct<col1:string,col2:string,col3:int,col4:string>>)
                    outputColumnNames: _col0
                    Statistics: Num rows: 1 Data size: 48 Basic stats: COMPLETE Column stats: COMPLETE
                    UDTF Operator
                      Statistics: Num rows: 1 Data size: 48 Basic stats: COMPLETE Column stats: COMPLETE
                      function name: inline
                      Select Operator
                        expressions: col1 (type: string), col2 (type: string), col3 (type: int), col4 (type: string)
                        outputColumnNames: _col0, _col1, _col2, _col3
                        Statistics: Num rows: 1 Data size: 8 Basic stats: COMPLETE Column stats: COMPLETE
                        Filter Operator
                          predicate: enforce_constraint((_col0 is not null and (_col2 > 0) is not false)) (type: boolean)
                          Statistics: Num rows: 1 Data size: 8 Basic stats: COMPLETE Column stats: COMPLETE
                          Select Operator
                            expressions: _col0 (type: string), _col1 (type: string), _col2 (type: int), CAST( _col3 AS DATE) (type: date)
                            outputColumnNames: _col0, _col1, _col2, _col3
                            Statistics: Num rows: 1 Data size: 56 Basic stats: COMPLETE Column stats: COMPLETE
                            File Output Operator
                              compressed: false
                              Statistics: Num rows: 1 Data size: 56 Basic stats: COMPLETE Column stats: COMPLETE
                              table:
                                  input format: org.apache.hadoop.mapred.TextInputFormat
                                  output format: org.apache.hadoop.hive.ql.io.HiveIgnoreKeyTextOutputFormat
                                  serde: org.apache.hadoop.hive.serde2.lazy.LazySimpleSerDe
                                  name: default.tmulti
            Execution mode: llap
            LLAP IO: no inputs

  Stage: Stage-2
    Dependency Collection

  Stage: Stage-0
    Move Operator
      tables:
          replace: false
          table:
              input format: org.apache.hadoop.mapred.TextInputFormat
              output format: org.apache.hadoop.hive.ql.io.HiveIgnoreKeyTextOutputFormat
              serde: org.apache.hadoop.hive.serde2.lazy.LazySimpleSerDe
              name: default.tmulti

PREHOOK: query: INSERT INTO tmulti values('hive.apache.com', 'user1', 48, '12-01-2018')
PREHOOK: type: QUERY
PREHOOK: Input: _dummy_database@_dummy_table
PREHOOK: Output: default@tmulti
POSTHOOK: query: INSERT INTO tmulti values('hive.apache.com', 'user1', 48, '12-01-2018')
POSTHOOK: type: QUERY
POSTHOOK: Input: _dummy_database@_dummy_table
POSTHOOK: Output: default@tmulti
POSTHOOK: Lineage: tmulti.d SCRIPT []
POSTHOOK: Lineage: tmulti.numclicks SCRIPT []
POSTHOOK: Lineage: tmulti.url SCRIPT []
POSTHOOK: Lineage: tmulti.username SCRIPT []
PREHOOK: query: Select * from tmulti
PREHOOK: type: QUERY
PREHOOK: Input: default@tmulti
#### A masked pattern was here ####
POSTHOOK: query: Select * from tmulti
POSTHOOK: type: QUERY
POSTHOOK: Input: default@tmulti
#### A masked pattern was here ####
hive.apache.com	user1	48	NULL
PREHOOK: query: Drop table tmulti
PREHOOK: type: DROPTABLE
PREHOOK: Input: default@tmulti
PREHOOK: Output: default@tmulti
POSTHOOK: query: Drop table tmulti
POSTHOOK: type: DROPTABLE
POSTHOOK: Input: default@tmulti
POSTHOOK: Output: default@tmulti
PREHOOK: query: create table tcase(url string NOT NULL ENABLE, userName string, d date, numClicks int CHECK numclicks > 0)
PREHOOK: type: CREATETABLE
PREHOOK: Output: database:default
PREHOOK: Output: default@tcase
POSTHOOK: query: create table tcase(url string NOT NULL ENABLE, userName string, d date, numClicks int CHECK numclicks > 0)
POSTHOOK: type: CREATETABLE
POSTHOOK: Output: database:default
POSTHOOK: Output: default@tcase
PREHOOK: query: DESC formatted tcase
PREHOOK: type: DESCTABLE
PREHOOK: Input: default@tcase
POSTHOOK: query: DESC formatted tcase
POSTHOOK: type: DESCTABLE
POSTHOOK: Input: default@tcase
# col_name            	data_type           	comment             
url                 	string              	                    
username            	string              	                    
d                   	date                	                    
numclicks           	int                 	                    
	 	 
# Detailed Table Information	 	 
Database:           	default             	 
#### A masked pattern was here ####
Retention:          	0                   	 
#### A masked pattern was here ####
Table Type:         	MANAGED_TABLE       	 
Table Parameters:	 	 
#### A masked pattern was here ####
	 	 
# Storage Information	 	 
SerDe Library:      	org.apache.hadoop.hive.serde2.lazy.LazySimpleSerDe	 
InputFormat:        	org.apache.hadoop.mapred.TextInputFormat	 
OutputFormat:       	org.apache.hadoop.hive.ql.io.HiveIgnoreKeyTextOutputFormat	 
Compressed:         	No                  	 
Num Buckets:        	-1                  	 
Bucket Columns:     	[]                  	 
Sort Columns:       	[]                  	 
Storage Desc Params:	 	 
	serialization.format	1                   
	 	 
# Constraints	 	 
	 	 
# Not Null Constraints	 	 
Table:              	default.tcase       	 
Constraint Name:    	#### A masked pattern was here ####	 
Column Name:        	url                 	 
	 	 
	 	 
# Check Constraints	 	 
Table:              	default.tcase       	 
Constraint Name:    	#### A masked pattern was here ####	 
Column Name:numclicks	Check Value:numclicks > 0	 
	 	 
PREHOOK: query: EXPLAIN INSERT INTO tcase values('hive.apache.com', 'user1', '12-01-2018', 48)
PREHOOK: type: QUERY
POSTHOOK: query: EXPLAIN INSERT INTO tcase values('hive.apache.com', 'user1', '12-01-2018', 48)
POSTHOOK: type: QUERY
STAGE DEPENDENCIES:
  Stage-1 is a root stage
  Stage-2 depends on stages: Stage-1
  Stage-0 depends on stages: Stage-2

STAGE PLANS:
  Stage: Stage-1
    Tez
#### A masked pattern was here ####
      Vertices:
        Map 1 
            Map Operator Tree:
                TableScan
                  alias: _dummy_table
                  Row Limit Per Split: 1
                  Statistics: Num rows: 1 Data size: 10 Basic stats: COMPLETE Column stats: COMPLETE
                  Select Operator
                    expressions: array(const struct('hive.apache.com','user1','12-01-2018',48)) (type: array<struct<col1:string,col2:string,col3:string,col4:int>>)
                    outputColumnNames: _col0
                    Statistics: Num rows: 1 Data size: 48 Basic stats: COMPLETE Column stats: COMPLETE
                    UDTF Operator
                      Statistics: Num rows: 1 Data size: 48 Basic stats: COMPLETE Column stats: COMPLETE
                      function name: inline
                      Select Operator
                        expressions: col1 (type: string), col2 (type: string), col3 (type: string), col4 (type: int)
                        outputColumnNames: _col0, _col1, _col2, _col3
                        Statistics: Num rows: 1 Data size: 8 Basic stats: COMPLETE Column stats: COMPLETE
                        Filter Operator
                          predicate: enforce_constraint((_col0 is not null and (_col3 > 0) is not false)) (type: boolean)
                          Statistics: Num rows: 1 Data size: 8 Basic stats: COMPLETE Column stats: COMPLETE
                          Select Operator
                            expressions: _col0 (type: string), _col1 (type: string), CAST( _col2 AS DATE) (type: date), _col3 (type: int)
                            outputColumnNames: _col0, _col1, _col2, _col3
                            Statistics: Num rows: 1 Data size: 56 Basic stats: COMPLETE Column stats: COMPLETE
                            File Output Operator
                              compressed: false
                              Statistics: Num rows: 1 Data size: 56 Basic stats: COMPLETE Column stats: COMPLETE
                              table:
                                  input format: org.apache.hadoop.mapred.TextInputFormat
                                  output format: org.apache.hadoop.hive.ql.io.HiveIgnoreKeyTextOutputFormat
                                  serde: org.apache.hadoop.hive.serde2.lazy.LazySimpleSerDe
                                  name: default.tcase
            Execution mode: llap
            LLAP IO: no inputs

  Stage: Stage-2
    Dependency Collection

  Stage: Stage-0
    Move Operator
      tables:
          replace: false
          table:
              input format: org.apache.hadoop.mapred.TextInputFormat
              output format: org.apache.hadoop.hive.ql.io.HiveIgnoreKeyTextOutputFormat
              serde: org.apache.hadoop.hive.serde2.lazy.LazySimpleSerDe
              name: default.tcase

PREHOOK: query: INSERT INTO tcase values('hive.apache.com', 'user1', '12-01-2018', 48)
PREHOOK: type: QUERY
PREHOOK: Input: _dummy_database@_dummy_table
PREHOOK: Output: default@tcase
POSTHOOK: query: INSERT INTO tcase values('hive.apache.com', 'user1', '12-01-2018', 48)
POSTHOOK: type: QUERY
POSTHOOK: Input: _dummy_database@_dummy_table
POSTHOOK: Output: default@tcase
POSTHOOK: Lineage: tcase.d SCRIPT []
POSTHOOK: Lineage: tcase.numclicks SCRIPT []
POSTHOOK: Lineage: tcase.url SCRIPT []
POSTHOOK: Lineage: tcase.username SCRIPT []
PREHOOK: query: Select * from tcase
PREHOOK: type: QUERY
PREHOOK: Input: default@tcase
#### A masked pattern was here ####
POSTHOOK: query: Select * from tcase
POSTHOOK: type: QUERY
POSTHOOK: Input: default@tcase
#### A masked pattern was here ####
hive.apache.com	user1	NULL	48
PREHOOK: query: Drop table tcase
PREHOOK: type: DROPTABLE
PREHOOK: Input: default@tcase
PREHOOK: Output: default@tcase
POSTHOOK: query: Drop table tcase
POSTHOOK: type: DROPTABLE
POSTHOOK: Input: default@tcase
POSTHOOK: Output: default@tcase
PREHOOK: query: CREATE TABLE numericDataType(a TINYINT CONSTRAINT tinyint_constraint DEFAULT 127Y ENABLE,
    b bigint CONSTRAINT check1 CHECK b in(4,5) ENABLE)
    clustered by (b) into 2 buckets stored as orc TBLPROPERTIES ('transactional'='true')
PREHOOK: type: CREATETABLE
PREHOOK: Output: database:default
PREHOOK: Output: default@numericDataType
POSTHOOK: query: CREATE TABLE numericDataType(a TINYINT CONSTRAINT tinyint_constraint DEFAULT 127Y ENABLE,
    b bigint CONSTRAINT check1 CHECK b in(4,5) ENABLE)
    clustered by (b) into 2 buckets stored as orc TBLPROPERTIES ('transactional'='true')
POSTHOOK: type: CREATETABLE
POSTHOOK: Output: database:default
POSTHOOK: Output: default@numericDataType
PREHOOK: query: DESC FORMATTED numericDataType
PREHOOK: type: DESCTABLE
PREHOOK: Input: default@numericdatatype
POSTHOOK: query: DESC FORMATTED numericDataType
POSTHOOK: type: DESCTABLE
POSTHOOK: Input: default@numericdatatype
# col_name            	data_type           	comment             
a                   	tinyint             	                    
b                   	bigint              	                    
	 	 
# Detailed Table Information	 	 
Database:           	default             	 
#### A masked pattern was here ####
Retention:          	0                   	 
#### A masked pattern was here ####
Table Type:         	MANAGED_TABLE       	 
Table Parameters:	 	 
	transactional       	true                
	transactional_properties	default             
#### A masked pattern was here ####
	 	 
# Storage Information	 	 
SerDe Library:      	org.apache.hadoop.hive.ql.io.orc.OrcSerde	 
InputFormat:        	org.apache.hadoop.hive.ql.io.orc.OrcInputFormat	 
OutputFormat:       	org.apache.hadoop.hive.ql.io.orc.OrcOutputFormat	 
Compressed:         	No                  	 
Num Buckets:        	2                   	 
Bucket Columns:     	[b]                 	 
Sort Columns:       	[]                  	 
Storage Desc Params:	 	 
	serialization.format	1                   
	 	 
# Constraints	 	 
	 	 
# Default Constraints	 	 
Table:              	default.numericdatatype	 
Constraint Name:    	tinyint_constraint  	 
Column Name:a       	Default Value:127Y  	 
	 	 
	 	 
# Check Constraints	 	 
Table:              	default.numericdatatype	 
Constraint Name:    	check1              	 
Column Name:b       	Check Value:b in(4,5)	 
	 	 
PREHOOK: query: ALTER TABLE numericDataType DROP CONSTRAINT check1
PREHOOK: type: ALTERTABLE_DROPCONSTRAINT
POSTHOOK: query: ALTER TABLE numericDataType DROP CONSTRAINT check1
POSTHOOK: type: ALTERTABLE_DROPCONSTRAINT
PREHOOK: query: DESC FORMATTED numericDataType
PREHOOK: type: DESCTABLE
PREHOOK: Input: default@numericdatatype
POSTHOOK: query: DESC FORMATTED numericDataType
POSTHOOK: type: DESCTABLE
POSTHOOK: Input: default@numericdatatype
# col_name            	data_type           	comment             
a                   	tinyint             	                    
b                   	bigint              	                    
	 	 
# Detailed Table Information	 	 
Database:           	default             	 
#### A masked pattern was here ####
Retention:          	0                   	 
#### A masked pattern was here ####
Table Type:         	MANAGED_TABLE       	 
Table Parameters:	 	 
	transactional       	true                
	transactional_properties	default             
#### A masked pattern was here ####
	 	 
# Storage Information	 	 
SerDe Library:      	org.apache.hadoop.hive.ql.io.orc.OrcSerde	 
InputFormat:        	org.apache.hadoop.hive.ql.io.orc.OrcInputFormat	 
OutputFormat:       	org.apache.hadoop.hive.ql.io.orc.OrcOutputFormat	 
Compressed:         	No                  	 
Num Buckets:        	2                   	 
Bucket Columns:     	[b]                 	 
Sort Columns:       	[]                  	 
Storage Desc Params:	 	 
	serialization.format	1                   
	 	 
# Constraints	 	 
	 	 
# Default Constraints	 	 
Table:              	default.numericdatatype	 
Constraint Name:    	tinyint_constraint  	 
Column Name:a       	Default Value:127Y  	 
	 	 
PREHOOK: query: EXPLAIN INSERT INTO numericDataType(b) values(456)
PREHOOK: type: QUERY
POSTHOOK: query: EXPLAIN INSERT INTO numericDataType(b) values(456)
POSTHOOK: type: QUERY
STAGE DEPENDENCIES:
  Stage-1 is a root stage
  Stage-2 depends on stages: Stage-1
  Stage-0 depends on stages: Stage-2

STAGE PLANS:
  Stage: Stage-1
    Tez
#### A masked pattern was here ####
      Edges:
        Reducer 2 <- Map 1 (CUSTOM_SIMPLE_EDGE)
#### A masked pattern was here ####
      Vertices:
        Map 1 
            Map Operator Tree:
                TableScan
                  alias: _dummy_table
                  Row Limit Per Split: 1
                  Statistics: Num rows: 1 Data size: 10 Basic stats: COMPLETE Column stats: COMPLETE
                  Select Operator
                    expressions: array(const struct(456)) (type: array<struct<col1:int>>)
                    outputColumnNames: _col0
                    Statistics: Num rows: 1 Data size: 48 Basic stats: COMPLETE Column stats: COMPLETE
                    UDTF Operator
                      Statistics: Num rows: 1 Data size: 48 Basic stats: COMPLETE Column stats: COMPLETE
                      function name: inline
                      Select Operator
                        expressions: 127Y (type: tinyint), col1 (type: int)
                        outputColumnNames: _col0, _col1
                        Statistics: Num rows: 1 Data size: 4 Basic stats: COMPLETE Column stats: COMPLETE
                        Reduce Output Operator
                          sort order: 
                          Map-reduce partition columns: UDFToLong(_col1) (type: bigint)
                          Statistics: Num rows: 1 Data size: 4 Basic stats: COMPLETE Column stats: COMPLETE
                          value expressions: _col0 (type: tinyint), _col1 (type: int)
            Execution mode: llap
            LLAP IO: no inputs
        Reducer 2 
            Execution mode: llap
            Reduce Operator Tree:
              Select Operator
                expressions: VALUE._col0 (type: tinyint), UDFToLong(VALUE._col1) (type: bigint)
                outputColumnNames: _col0, _col1
                Statistics: Num rows: 1 Data size: 12 Basic stats: COMPLETE Column stats: COMPLETE
                File Output Operator
                  compressed: false
                  Statistics: Num rows: 1 Data size: 12 Basic stats: COMPLETE Column stats: COMPLETE
                  table:
                      input format: org.apache.hadoop.hive.ql.io.orc.OrcInputFormat
                      output format: org.apache.hadoop.hive.ql.io.orc.OrcOutputFormat
                      serde: org.apache.hadoop.hive.ql.io.orc.OrcSerde
                      name: default.numericdatatype
                  Write Type: INSERT

  Stage: Stage-2
    Dependency Collection

  Stage: Stage-0
    Move Operator
      tables:
          replace: false
          table:
              input format: org.apache.hadoop.hive.ql.io.orc.OrcInputFormat
              output format: org.apache.hadoop.hive.ql.io.orc.OrcOutputFormat
              serde: org.apache.hadoop.hive.ql.io.orc.OrcSerde
              name: default.numericdatatype
          Write Type: INSERT

PREHOOK: query: INSERT INTO numericDataType(b) values(456)
PREHOOK: type: QUERY
PREHOOK: Input: _dummy_database@_dummy_table
PREHOOK: Output: default@numericdatatype
POSTHOOK: query: INSERT INTO numericDataType(b) values(456)
POSTHOOK: type: QUERY
POSTHOOK: Input: _dummy_database@_dummy_table
POSTHOOK: Output: default@numericdatatype
POSTHOOK: Lineage: numericdatatype.a SIMPLE []
POSTHOOK: Lineage: numericdatatype.b SCRIPT []
PREHOOK: query: SELECT * from numericDataType
PREHOOK: type: QUERY
PREHOOK: Input: default@numericdatatype
#### A masked pattern was here ####
POSTHOOK: query: SELECT * from numericDataType
POSTHOOK: type: QUERY
POSTHOOK: Input: default@numericdatatype
#### A masked pattern was here ####
127	456
PREHOOK: query: DROP TABLE numericDataType
PREHOOK: type: DROPTABLE
PREHOOK: Input: default@numericdatatype
PREHOOK: Output: default@numericdatatype
POSTHOOK: query: DROP TABLE numericDataType
POSTHOOK: type: DROPTABLE
POSTHOOK: Input: default@numericdatatype
POSTHOOK: Output: default@numericdatatype
PREHOOK: query: CREATE TABLE tcheck(a TINYINT, b bigint CONSTRAINT check1 CHECK b in(4,5) ENABLE)
    clustered by (b) into 2 buckets stored as orc TBLPROPERTIES ('transactional'='true')
PREHOOK: type: CREATETABLE
PREHOOK: Output: database:default
PREHOOK: Output: default@tcheck
POSTHOOK: query: CREATE TABLE tcheck(a TINYINT, b bigint CONSTRAINT check1 CHECK b in(4,5) ENABLE)
    clustered by (b) into 2 buckets stored as orc TBLPROPERTIES ('transactional'='true')
POSTHOOK: type: CREATETABLE
POSTHOOK: Output: database:default
POSTHOOK: Output: default@tcheck
PREHOOK: query: DESC FORMATTED tcheck
PREHOOK: type: DESCTABLE
PREHOOK: Input: default@tcheck
POSTHOOK: query: DESC FORMATTED tcheck
POSTHOOK: type: DESCTABLE
POSTHOOK: Input: default@tcheck
# col_name            	data_type           	comment             
a                   	tinyint             	                    
b                   	bigint              	                    
	 	 
# Detailed Table Information	 	 
Database:           	default             	 
#### A masked pattern was here ####
Retention:          	0                   	 
#### A masked pattern was here ####
Table Type:         	MANAGED_TABLE       	 
Table Parameters:	 	 
	transactional       	true                
	transactional_properties	default             
#### A masked pattern was here ####
	 	 
# Storage Information	 	 
SerDe Library:      	org.apache.hadoop.hive.ql.io.orc.OrcSerde	 
InputFormat:        	org.apache.hadoop.hive.ql.io.orc.OrcInputFormat	 
OutputFormat:       	org.apache.hadoop.hive.ql.io.orc.OrcOutputFormat	 
Compressed:         	No                  	 
Num Buckets:        	2                   	 
Bucket Columns:     	[b]                 	 
Sort Columns:       	[]                  	 
Storage Desc Params:	 	 
	serialization.format	1                   
	 	 
# Constraints	 	 
	 	 
# Check Constraints	 	 
Table:              	default.tcheck      	 
Constraint Name:    	check1              	 
Column Name:b       	Check Value:b in(4,5)	 
	 	 
PREHOOK: query: EXPLAIN INSERT INTO tcheck(a) values(1)
PREHOOK: type: QUERY
POSTHOOK: query: EXPLAIN INSERT INTO tcheck(a) values(1)
POSTHOOK: type: QUERY
STAGE DEPENDENCIES:
  Stage-1 is a root stage
  Stage-2 depends on stages: Stage-1
  Stage-0 depends on stages: Stage-2

STAGE PLANS:
  Stage: Stage-1
    Tez
#### A masked pattern was here ####
      Edges:
        Reducer 2 <- Map 1 (CUSTOM_SIMPLE_EDGE)
#### A masked pattern was here ####
      Vertices:
        Map 1 
            Map Operator Tree:
                TableScan
                  alias: _dummy_table
                  Row Limit Per Split: 1
                  Statistics: Num rows: 1 Data size: 10 Basic stats: COMPLETE Column stats: COMPLETE
                  Select Operator
                    expressions: array(const struct(1)) (type: array<struct<col1:int>>)
                    outputColumnNames: _col0
                    Statistics: Num rows: 1 Data size: 48 Basic stats: COMPLETE Column stats: COMPLETE
                    UDTF Operator
                      Statistics: Num rows: 1 Data size: 48 Basic stats: COMPLETE Column stats: COMPLETE
                      function name: inline
                      Select Operator
                        expressions: col1 (type: int), null (type: bigint)
                        outputColumnNames: _col0, _col1
                        Statistics: Num rows: 1 Data size: 8 Basic stats: COMPLETE Column stats: COMPLETE
                        Filter Operator
                          predicate: enforce_constraint((null) IN (4, 5) is not false) (type: boolean)
                          Statistics: Num rows: 1 Data size: 8 Basic stats: COMPLETE Column stats: COMPLETE
                          Reduce Output Operator
                            sort order: 
                            Map-reduce partition columns: _col1 (type: bigint)
                            Statistics: Num rows: 1 Data size: 8 Basic stats: COMPLETE Column stats: COMPLETE
                            value expressions: _col0 (type: int), _col1 (type: bigint)
            Execution mode: llap
            LLAP IO: no inputs
        Reducer 2 
            Execution mode: llap
            Reduce Operator Tree:
              Select Operator
                expressions: UDFToByte(VALUE._col0) (type: tinyint), VALUE._col1 (type: bigint)
                outputColumnNames: _col0, _col1
                Statistics: Num rows: 1 Data size: 12 Basic stats: COMPLETE Column stats: COMPLETE
                File Output Operator
                  compressed: false
                  Statistics: Num rows: 1 Data size: 12 Basic stats: COMPLETE Column stats: COMPLETE
                  table:
                      input format: org.apache.hadoop.hive.ql.io.orc.OrcInputFormat
                      output format: org.apache.hadoop.hive.ql.io.orc.OrcOutputFormat
                      serde: org.apache.hadoop.hive.ql.io.orc.OrcSerde
                      name: default.tcheck
                  Write Type: INSERT

  Stage: Stage-2
    Dependency Collection

  Stage: Stage-0
    Move Operator
      tables:
          replace: false
          table:
              input format: org.apache.hadoop.hive.ql.io.orc.OrcInputFormat
              output format: org.apache.hadoop.hive.ql.io.orc.OrcOutputFormat
              serde: org.apache.hadoop.hive.ql.io.orc.OrcSerde
              name: default.tcheck
          Write Type: INSERT

PREHOOK: query: EXPLAIN INSERT INTO tcheck(b) values(4)
PREHOOK: type: QUERY
POSTHOOK: query: EXPLAIN INSERT INTO tcheck(b) values(4)
POSTHOOK: type: QUERY
STAGE DEPENDENCIES:
  Stage-1 is a root stage
  Stage-2 depends on stages: Stage-1
  Stage-0 depends on stages: Stage-2

STAGE PLANS:
  Stage: Stage-1
    Tez
#### A masked pattern was here ####
      Edges:
        Reducer 2 <- Map 1 (CUSTOM_SIMPLE_EDGE)
#### A masked pattern was here ####
      Vertices:
        Map 1 
            Map Operator Tree:
                TableScan
                  alias: _dummy_table
                  Row Limit Per Split: 1
                  Statistics: Num rows: 1 Data size: 10 Basic stats: COMPLETE Column stats: COMPLETE
                  Select Operator
                    expressions: array(const struct(4)) (type: array<struct<col1:int>>)
                    outputColumnNames: _col0
                    Statistics: Num rows: 1 Data size: 48 Basic stats: COMPLETE Column stats: COMPLETE
                    UDTF Operator
                      Statistics: Num rows: 1 Data size: 48 Basic stats: COMPLETE Column stats: COMPLETE
                      function name: inline
                      Select Operator
                        expressions: null (type: tinyint), col1 (type: int)
                        outputColumnNames: _col0, _col1
                        Statistics: Num rows: 1 Data size: 4 Basic stats: COMPLETE Column stats: COMPLETE
                        Filter Operator
                          predicate: enforce_constraint((_col1) IN (4, 5) is not false) (type: boolean)
                          Statistics: Num rows: 1 Data size: 4 Basic stats: COMPLETE Column stats: COMPLETE
                          Reduce Output Operator
                            sort order: 
                            Map-reduce partition columns: UDFToLong(_col1) (type: bigint)
                            Statistics: Num rows: 1 Data size: 4 Basic stats: COMPLETE Column stats: COMPLETE
                            value expressions: _col0 (type: tinyint), _col1 (type: int)
            Execution mode: llap
            LLAP IO: no inputs
        Reducer 2 
            Execution mode: llap
            Reduce Operator Tree:
              Select Operator
                expressions: VALUE._col0 (type: tinyint), UDFToLong(VALUE._col1) (type: bigint)
                outputColumnNames: _col0, _col1
                Statistics: Num rows: 1 Data size: 12 Basic stats: COMPLETE Column stats: COMPLETE
                File Output Operator
                  compressed: false
                  Statistics: Num rows: 1 Data size: 12 Basic stats: COMPLETE Column stats: COMPLETE
                  table:
                      input format: org.apache.hadoop.hive.ql.io.orc.OrcInputFormat
                      output format: org.apache.hadoop.hive.ql.io.orc.OrcOutputFormat
                      serde: org.apache.hadoop.hive.ql.io.orc.OrcSerde
                      name: default.tcheck
                  Write Type: INSERT

  Stage: Stage-2
    Dependency Collection

  Stage: Stage-0
    Move Operator
      tables:
          replace: false
          table:
              input format: org.apache.hadoop.hive.ql.io.orc.OrcInputFormat
              output format: org.apache.hadoop.hive.ql.io.orc.OrcOutputFormat
              serde: org.apache.hadoop.hive.ql.io.orc.OrcSerde
              name: default.tcheck
          Write Type: INSERT

PREHOOK: query: INSERT INTO tcheck(b) values(4)
PREHOOK: type: QUERY
PREHOOK: Input: _dummy_database@_dummy_table
PREHOOK: Output: default@tcheck
POSTHOOK: query: INSERT INTO tcheck(b) values(4)
POSTHOOK: type: QUERY
POSTHOOK: Input: _dummy_database@_dummy_table
POSTHOOK: Output: default@tcheck
POSTHOOK: Lineage: tcheck.a SIMPLE []
POSTHOOK: Lineage: tcheck.b SCRIPT []
PREHOOK: query: SELECT * FROM tcheck
PREHOOK: type: QUERY
PREHOOK: Input: default@tcheck
#### A masked pattern was here ####
POSTHOOK: query: SELECT * FROM tcheck
POSTHOOK: type: QUERY
POSTHOOK: Input: default@tcheck
#### A masked pattern was here ####
NULL	4
PREHOOK: query: DROP TABLE tcheck
PREHOOK: type: DROPTABLE
PREHOOK: Input: default@tcheck
PREHOOK: Output: default@tcheck
POSTHOOK: query: DROP TABLE tcheck
POSTHOOK: type: DROPTABLE
POSTHOOK: Input: default@tcheck
POSTHOOK: Output: default@tcheck
