PREHOOK: query: CREATE TABLE table1 (a STRING NOT NULL ENFORCED, b STRING, c STRING NOT NULL ENFORCED)
PREHOOK: type: CREATETABLE
PREHOOK: Output: database:default
PREHOOK: Output: default@table1
POSTHOOK: query: CREATE TABLE table1 (a STRING NOT NULL ENFORCED, b STRING, c STRING NOT NULL ENFORCED)
POSTHOOK: type: CREATETABLE
POSTHOOK: Output: database:default
POSTHOOK: Output: default@table1
PREHOOK: query: explain INSERT INTO table1 values('not', 'null', 'constraint')
PREHOOK: type: QUERY
POSTHOOK: query: explain INSERT INTO table1 values('not', 'null', 'constraint')
POSTHOOK: type: QUERY
STAGE DEPENDENCIES:
  Stage-1 is a root stage
  Stage-2 depends on stages: Stage-1
  Stage-0 depends on stages: Stage-2
  Stage-3 depends on stages: Stage-0

STAGE PLANS:
  Stage: Stage-1
    Tez
#### A masked pattern was here ####
      Edges:
        Reducer 2 <- Map 1 (CUSTOM_SIMPLE_EDGE)
#### A masked pattern was here ####
      Vertices:
        Map 1 
            Map Operator Tree:
                TableScan
                  alias: values__tmp__table__1
                  Statistics: Num rows: 1 Data size: 552 Basic stats: COMPLETE Column stats: NONE
                  Filter Operator
                    predicate: (enforce_constraint(tmp_values_col1 is not null) and enforce_constraint(tmp_values_col3 is not null)) (type: boolean)
                    Statistics: Num rows: 1 Data size: 552 Basic stats: COMPLETE Column stats: NONE
                    Select Operator
                      expressions: tmp_values_col1 (type: string), tmp_values_col2 (type: string), tmp_values_col3 (type: string)
                      outputColumnNames: _col0, _col1, _col2
                      Statistics: Num rows: 1 Data size: 552 Basic stats: COMPLETE Column stats: NONE
                      File Output Operator
                        compressed: false
                        Statistics: Num rows: 1 Data size: 552 Basic stats: COMPLETE Column stats: NONE
                        table:
                            input format: org.apache.hadoop.mapred.TextInputFormat
                            output format: org.apache.hadoop.hive.ql.io.HiveIgnoreKeyTextOutputFormat
                            serde: org.apache.hadoop.hive.serde2.lazy.LazySimpleSerDe
                            name: default.table1
                      Select Operator
                        expressions: _col0 (type: string), _col1 (type: string), _col2 (type: string)
                        outputColumnNames: a, b, c
                        Statistics: Num rows: 1 Data size: 552 Basic stats: COMPLETE Column stats: NONE
                        Group By Operator
                          aggregations: compute_stats(a, 'hll'), compute_stats(b, 'hll'), compute_stats(c, 'hll')
                          mode: hash
                          outputColumnNames: _col0, _col1, _col2
                          Statistics: Num rows: 1 Data size: 1872 Basic stats: COMPLETE Column stats: NONE
                          Reduce Output Operator
                            sort order: 
                            Statistics: Num rows: 1 Data size: 1872 Basic stats: COMPLETE Column stats: NONE
                            value expressions: _col0 (type: struct<columntype:string,maxlength:bigint,sumlength:bigint,count:bigint,countnulls:bigint,bitvector:binary>), _col1 (type: struct<columntype:string,maxlength:bigint,sumlength:bigint,count:bigint,countnulls:bigint,bitvector:binary>), _col2 (type: struct<columntype:string,maxlength:bigint,sumlength:bigint,count:bigint,countnulls:bigint,bitvector:binary>)
            Execution mode: llap
            LLAP IO: no inputs
        Reducer 2 
            Execution mode: llap
            Reduce Operator Tree:
              Group By Operator
                aggregations: compute_stats(VALUE._col0), compute_stats(VALUE._col1), compute_stats(VALUE._col2)
                mode: mergepartial
                outputColumnNames: _col0, _col1, _col2
                Statistics: Num rows: 1 Data size: 1872 Basic stats: COMPLETE Column stats: NONE
                File Output Operator
                  compressed: false
                  Statistics: Num rows: 1 Data size: 1872 Basic stats: COMPLETE Column stats: NONE
                  table:
                      input format: org.apache.hadoop.mapred.SequenceFileInputFormat
                      output format: org.apache.hadoop.hive.ql.io.HiveSequenceFileOutputFormat
                      serde: org.apache.hadoop.hive.serde2.lazy.LazySimpleSerDe

  Stage: Stage-2
    Dependency Collection

  Stage: Stage-0
    Move Operator
      tables:
          replace: false
          table:
              input format: org.apache.hadoop.mapred.TextInputFormat
              output format: org.apache.hadoop.hive.ql.io.HiveIgnoreKeyTextOutputFormat
              serde: org.apache.hadoop.hive.serde2.lazy.LazySimpleSerDe
              name: default.table1

  Stage: Stage-3
    Stats Work
      Basic Stats Work:
      Column Stats Desc:
          Columns: a, b, c
          Column Types: string, string, string
          Table: default.table1

PREHOOK: query: explain INSERT INTO table1 select key, src.value, value from src
PREHOOK: type: QUERY
POSTHOOK: query: explain INSERT INTO table1 select key, src.value, value from src
POSTHOOK: type: QUERY
STAGE DEPENDENCIES:
  Stage-1 is a root stage
  Stage-2 depends on stages: Stage-1
  Stage-0 depends on stages: Stage-2
  Stage-3 depends on stages: Stage-0

STAGE PLANS:
  Stage: Stage-1
    Tez
#### A masked pattern was here ####
      Edges:
        Reducer 2 <- Map 1 (CUSTOM_SIMPLE_EDGE)
#### A masked pattern was here ####
      Vertices:
        Map 1 
            Map Operator Tree:
                TableScan
                  alias: src
                  Statistics: Num rows: 500 Data size: 89000 Basic stats: COMPLETE Column stats: COMPLETE
                  Filter Operator
                    predicate: (enforce_constraint(key is not null) and enforce_constraint(value is not null)) (type: boolean)
                    Statistics: Num rows: 125 Data size: 22250 Basic stats: COMPLETE Column stats: COMPLETE
                    Select Operator
                      expressions: key (type: string), value (type: string), value (type: string)
                      outputColumnNames: _col0, _col1, _col2
                      Statistics: Num rows: 125 Data size: 33625 Basic stats: COMPLETE Column stats: COMPLETE
                      File Output Operator
                        compressed: false
                        Statistics: Num rows: 125 Data size: 33625 Basic stats: COMPLETE Column stats: COMPLETE
                        table:
                            input format: org.apache.hadoop.mapred.TextInputFormat
                            output format: org.apache.hadoop.hive.ql.io.HiveIgnoreKeyTextOutputFormat
                            serde: org.apache.hadoop.hive.serde2.lazy.LazySimpleSerDe
                            name: default.table1
                      Select Operator
                        expressions: _col0 (type: string), _col1 (type: string), _col2 (type: string)
                        outputColumnNames: a, b, c
                        Statistics: Num rows: 125 Data size: 33625 Basic stats: COMPLETE Column stats: COMPLETE
                        Group By Operator
                          aggregations: compute_stats(a, 'hll'), compute_stats(b, 'hll'), compute_stats(c, 'hll')
                          mode: hash
                          outputColumnNames: _col0, _col1, _col2
                          Statistics: Num rows: 1 Data size: 1320 Basic stats: COMPLETE Column stats: COMPLETE
                          Reduce Output Operator
                            sort order: 
                            Statistics: Num rows: 1 Data size: 1320 Basic stats: COMPLETE Column stats: COMPLETE
                            value expressions: _col0 (type: struct<columntype:string,maxlength:bigint,sumlength:bigint,count:bigint,countnulls:bigint,bitvector:binary>), _col1 (type: struct<columntype:string,maxlength:bigint,sumlength:bigint,count:bigint,countnulls:bigint,bitvector:binary>), _col2 (type: struct<columntype:string,maxlength:bigint,sumlength:bigint,count:bigint,countnulls:bigint,bitvector:binary>)
            Execution mode: llap
            LLAP IO: no inputs
        Reducer 2 
            Execution mode: llap
            Reduce Operator Tree:
              Group By Operator
                aggregations: compute_stats(VALUE._col0), compute_stats(VALUE._col1), compute_stats(VALUE._col2)
                mode: mergepartial
                outputColumnNames: _col0, _col1, _col2
                Statistics: Num rows: 1 Data size: 1320 Basic stats: COMPLETE Column stats: COMPLETE
                File Output Operator
                  compressed: false
                  Statistics: Num rows: 1 Data size: 1320 Basic stats: COMPLETE Column stats: COMPLETE
                  table:
                      input format: org.apache.hadoop.mapred.SequenceFileInputFormat
                      output format: org.apache.hadoop.hive.ql.io.HiveSequenceFileOutputFormat
                      serde: org.apache.hadoop.hive.serde2.lazy.LazySimpleSerDe

  Stage: Stage-2
    Dependency Collection

  Stage: Stage-0
    Move Operator
      tables:
          replace: false
          table:
              input format: org.apache.hadoop.mapred.TextInputFormat
              output format: org.apache.hadoop.hive.ql.io.HiveIgnoreKeyTextOutputFormat
              serde: org.apache.hadoop.hive.serde2.lazy.LazySimpleSerDe
              name: default.table1

  Stage: Stage-3
    Stats Work
      Basic Stats Work:
      Column Stats Desc:
          Columns: a, b, c
          Column Types: string, string, string
          Table: default.table1

PREHOOK: query: explain INSERT OVERWRITE TABLE table1 select src.*, value from src
PREHOOK: type: QUERY
POSTHOOK: query: explain INSERT OVERWRITE TABLE table1 select src.*, value from src
POSTHOOK: type: QUERY
STAGE DEPENDENCIES:
  Stage-1 is a root stage
  Stage-2 depends on stages: Stage-1
  Stage-0 depends on stages: Stage-2
  Stage-3 depends on stages: Stage-0

STAGE PLANS:
  Stage: Stage-1
    Tez
#### A masked pattern was here ####
      Edges:
        Reducer 2 <- Map 1 (CUSTOM_SIMPLE_EDGE)
#### A masked pattern was here ####
      Vertices:
        Map 1 
            Map Operator Tree:
                TableScan
                  alias: src
                  Statistics: Num rows: 500 Data size: 89000 Basic stats: COMPLETE Column stats: COMPLETE
                  Filter Operator
                    predicate: (enforce_constraint(key is not null) and enforce_constraint(value is not null)) (type: boolean)
                    Statistics: Num rows: 125 Data size: 22250 Basic stats: COMPLETE Column stats: COMPLETE
                    Select Operator
                      expressions: key (type: string), value (type: string), value (type: string)
                      outputColumnNames: _col0, _col1, _col2
                      Statistics: Num rows: 125 Data size: 33625 Basic stats: COMPLETE Column stats: COMPLETE
                      File Output Operator
                        compressed: false
                        Statistics: Num rows: 125 Data size: 33625 Basic stats: COMPLETE Column stats: COMPLETE
                        table:
                            input format: org.apache.hadoop.mapred.TextInputFormat
                            output format: org.apache.hadoop.hive.ql.io.HiveIgnoreKeyTextOutputFormat
                            serde: org.apache.hadoop.hive.serde2.lazy.LazySimpleSerDe
                            name: default.table1
                      Select Operator
                        expressions: _col0 (type: string), _col1 (type: string), _col2 (type: string)
                        outputColumnNames: a, b, c
                        Statistics: Num rows: 125 Data size: 33625 Basic stats: COMPLETE Column stats: COMPLETE
                        Group By Operator
                          aggregations: compute_stats(a, 'hll'), compute_stats(b, 'hll'), compute_stats(c, 'hll')
                          mode: hash
                          outputColumnNames: _col0, _col1, _col2
                          Statistics: Num rows: 1 Data size: 1320 Basic stats: COMPLETE Column stats: COMPLETE
                          Reduce Output Operator
                            sort order: 
                            Statistics: Num rows: 1 Data size: 1320 Basic stats: COMPLETE Column stats: COMPLETE
                            value expressions: _col0 (type: struct<columntype:string,maxlength:bigint,sumlength:bigint,count:bigint,countnulls:bigint,bitvector:binary>), _col1 (type: struct<columntype:string,maxlength:bigint,sumlength:bigint,count:bigint,countnulls:bigint,bitvector:binary>), _col2 (type: struct<columntype:string,maxlength:bigint,sumlength:bigint,count:bigint,countnulls:bigint,bitvector:binary>)
            Execution mode: llap
            LLAP IO: no inputs
        Reducer 2 
            Execution mode: llap
            Reduce Operator Tree:
              Group By Operator
                aggregations: compute_stats(VALUE._col0), compute_stats(VALUE._col1), compute_stats(VALUE._col2)
                mode: mergepartial
                outputColumnNames: _col0, _col1, _col2
                Statistics: Num rows: 1 Data size: 1320 Basic stats: COMPLETE Column stats: COMPLETE
                File Output Operator
                  compressed: false
                  Statistics: Num rows: 1 Data size: 1320 Basic stats: COMPLETE Column stats: COMPLETE
                  table:
                      input format: org.apache.hadoop.mapred.SequenceFileInputFormat
                      output format: org.apache.hadoop.hive.ql.io.HiveSequenceFileOutputFormat
                      serde: org.apache.hadoop.hive.serde2.lazy.LazySimpleSerDe

  Stage: Stage-2
    Dependency Collection

  Stage: Stage-0
    Move Operator
      tables:
          replace: true
          table:
              input format: org.apache.hadoop.mapred.TextInputFormat
              output format: org.apache.hadoop.hive.ql.io.HiveIgnoreKeyTextOutputFormat
              serde: org.apache.hadoop.hive.serde2.lazy.LazySimpleSerDe
              name: default.table1

  Stage: Stage-3
    Stats Work
      Basic Stats Work:
      Column Stats Desc:
          Columns: a, b, c
          Column Types: string, string, string
          Table: default.table1

PREHOOK: query: explain INSERT OVERWRITE TABLE table1 if not exists select src.key, src.key, src.value from src
PREHOOK: type: QUERY
POSTHOOK: query: explain INSERT OVERWRITE TABLE table1 if not exists select src.key, src.key, src.value from src
POSTHOOK: type: QUERY
STAGE DEPENDENCIES:
  Stage-1 is a root stage
  Stage-2 depends on stages: Stage-1
  Stage-0 depends on stages: Stage-2
  Stage-3 depends on stages: Stage-0

STAGE PLANS:
  Stage: Stage-1
    Tez
#### A masked pattern was here ####
      Edges:
        Reducer 2 <- Map 1 (CUSTOM_SIMPLE_EDGE)
#### A masked pattern was here ####
      Vertices:
        Map 1 
            Map Operator Tree:
                TableScan
                  alias: src
                  Statistics: Num rows: 500 Data size: 89000 Basic stats: COMPLETE Column stats: COMPLETE
                  Filter Operator
                    predicate: (enforce_constraint(key is not null) and enforce_constraint(value is not null)) (type: boolean)
                    Statistics: Num rows: 125 Data size: 22250 Basic stats: COMPLETE Column stats: COMPLETE
                    Select Operator
                      expressions: key (type: string), key (type: string), value (type: string)
                      outputColumnNames: _col0, _col1, _col2
                      Statistics: Num rows: 125 Data size: 33125 Basic stats: COMPLETE Column stats: COMPLETE
                      File Output Operator
                        compressed: false
                        Statistics: Num rows: 125 Data size: 33125 Basic stats: COMPLETE Column stats: COMPLETE
                        table:
                            input format: org.apache.hadoop.mapred.TextInputFormat
                            output format: org.apache.hadoop.hive.ql.io.HiveIgnoreKeyTextOutputFormat
                            serde: org.apache.hadoop.hive.serde2.lazy.LazySimpleSerDe
                            name: default.table1
                      Select Operator
                        expressions: _col0 (type: string), _col1 (type: string), _col2 (type: string)
                        outputColumnNames: a, b, c
                        Statistics: Num rows: 125 Data size: 33125 Basic stats: COMPLETE Column stats: COMPLETE
                        Group By Operator
                          aggregations: compute_stats(a, 'hll'), compute_stats(b, 'hll'), compute_stats(c, 'hll')
                          mode: hash
                          outputColumnNames: _col0, _col1, _col2
                          Statistics: Num rows: 1 Data size: 1320 Basic stats: COMPLETE Column stats: COMPLETE
                          Reduce Output Operator
                            sort order: 
                            Statistics: Num rows: 1 Data size: 1320 Basic stats: COMPLETE Column stats: COMPLETE
                            value expressions: _col0 (type: struct<columntype:string,maxlength:bigint,sumlength:bigint,count:bigint,countnulls:bigint,bitvector:binary>), _col1 (type: struct<columntype:string,maxlength:bigint,sumlength:bigint,count:bigint,countnulls:bigint,bitvector:binary>), _col2 (type: struct<columntype:string,maxlength:bigint,sumlength:bigint,count:bigint,countnulls:bigint,bitvector:binary>)
            Execution mode: llap
            LLAP IO: no inputs
        Reducer 2 
            Execution mode: llap
            Reduce Operator Tree:
              Group By Operator
                aggregations: compute_stats(VALUE._col0), compute_stats(VALUE._col1), compute_stats(VALUE._col2)
                mode: mergepartial
                outputColumnNames: _col0, _col1, _col2
                Statistics: Num rows: 1 Data size: 1320 Basic stats: COMPLETE Column stats: COMPLETE
                File Output Operator
                  compressed: false
                  Statistics: Num rows: 1 Data size: 1320 Basic stats: COMPLETE Column stats: COMPLETE
                  table:
                      input format: org.apache.hadoop.mapred.SequenceFileInputFormat
                      output format: org.apache.hadoop.hive.ql.io.HiveSequenceFileOutputFormat
                      serde: org.apache.hadoop.hive.serde2.lazy.LazySimpleSerDe

  Stage: Stage-2
    Dependency Collection

  Stage: Stage-0
    Move Operator
      tables:
          replace: true
          table:
              input format: org.apache.hadoop.mapred.TextInputFormat
              output format: org.apache.hadoop.hive.ql.io.HiveIgnoreKeyTextOutputFormat
              serde: org.apache.hadoop.hive.serde2.lazy.LazySimpleSerDe
              name: default.table1

  Stage: Stage-3
    Stats Work
      Basic Stats Work:
      Column Stats Desc:
          Columns: a, b, c
          Column Types: string, string, string
          Table: default.table1

PREHOOK: query: create table src_multi1 (a STRING NOT NULL ENFORCED, b STRING)
PREHOOK: type: CREATETABLE
PREHOOK: Output: database:default
PREHOOK: Output: default@src_multi1
POSTHOOK: query: create table src_multi1 (a STRING NOT NULL ENFORCED, b STRING)
POSTHOOK: type: CREATETABLE
POSTHOOK: Output: database:default
POSTHOOK: Output: default@src_multi1
PREHOOK: query: create table src_multi2 (i STRING, j STRING NOT NULL DISABLE)
PREHOOK: type: CREATETABLE
PREHOOK: Output: database:default
PREHOOK: Output: default@src_multi2
POSTHOOK: query: create table src_multi2 (i STRING, j STRING NOT NULL DISABLE)
POSTHOOK: type: CREATETABLE
POSTHOOK: Output: database:default
POSTHOOK: Output: default@src_multi2
PREHOOK: query: explain
from src
insert overwrite table src_multi1 select * where key < 10
insert overwrite table src_multi2 select * where key > 10 and key < 20
PREHOOK: type: QUERY
POSTHOOK: query: explain
from src
insert overwrite table src_multi1 select * where key < 10
insert overwrite table src_multi2 select * where key > 10 and key < 20
POSTHOOK: type: QUERY
STAGE DEPENDENCIES:
  Stage-2 is a root stage
  Stage-3 depends on stages: Stage-2
  Stage-0 depends on stages: Stage-3
  Stage-4 depends on stages: Stage-0
  Stage-1 depends on stages: Stage-3
  Stage-5 depends on stages: Stage-1

STAGE PLANS:
  Stage: Stage-2
    Tez
#### A masked pattern was here ####
      Edges:
        Reducer 2 <- Map 1 (CUSTOM_SIMPLE_EDGE)
        Reducer 3 <- Map 1 (CUSTOM_SIMPLE_EDGE)
#### A masked pattern was here ####
      Vertices:
        Map 1 
            Map Operator Tree:
                TableScan
                  alias: src
                  Statistics: Num rows: 500 Data size: 89000 Basic stats: COMPLETE Column stats: COMPLETE
                  Filter Operator
                    predicate: ((key < 10) and enforce_constraint(key is not null)) (type: boolean)
                    Statistics: Num rows: 83 Data size: 14774 Basic stats: COMPLETE Column stats: COMPLETE
                    Select Operator
                      expressions: key (type: string), value (type: string)
                      outputColumnNames: _col0, _col1
                      Statistics: Num rows: 83 Data size: 14774 Basic stats: COMPLETE Column stats: COMPLETE
                      File Output Operator
                        compressed: false
                        Statistics: Num rows: 83 Data size: 14774 Basic stats: COMPLETE Column stats: COMPLETE
                        table:
                            input format: org.apache.hadoop.mapred.TextInputFormat
                            output format: org.apache.hadoop.hive.ql.io.HiveIgnoreKeyTextOutputFormat
                            serde: org.apache.hadoop.hive.serde2.lazy.LazySimpleSerDe
                            name: default.src_multi1
                      Select Operator
                        expressions: _col0 (type: string), _col1 (type: string)
                        outputColumnNames: a, b
                        Statistics: Num rows: 83 Data size: 14774 Basic stats: COMPLETE Column stats: COMPLETE
                        Group By Operator
                          aggregations: compute_stats(a, 'hll'), compute_stats(b, 'hll')
                          mode: hash
                          outputColumnNames: _col0, _col1
                          Statistics: Num rows: 1 Data size: 880 Basic stats: COMPLETE Column stats: COMPLETE
                          Reduce Output Operator
                            sort order: 
                            Statistics: Num rows: 1 Data size: 880 Basic stats: COMPLETE Column stats: COMPLETE
                            value expressions: _col0 (type: struct<columntype:string,maxlength:bigint,sumlength:bigint,count:bigint,countnulls:bigint,bitvector:binary>), _col1 (type: struct<columntype:string,maxlength:bigint,sumlength:bigint,count:bigint,countnulls:bigint,bitvector:binary>)
                  Filter Operator
                    predicate: ((key < 20) and (key > 10)) (type: boolean)
                    Statistics: Num rows: 55 Data size: 9790 Basic stats: COMPLETE Column stats: COMPLETE
                    Select Operator
                      expressions: key (type: string), value (type: string)
                      outputColumnNames: _col0, _col1
                      Statistics: Num rows: 55 Data size: 9790 Basic stats: COMPLETE Column stats: COMPLETE
                      File Output Operator
                        compressed: false
                        Statistics: Num rows: 55 Data size: 9790 Basic stats: COMPLETE Column stats: COMPLETE
                        table:
                            input format: org.apache.hadoop.mapred.TextInputFormat
                            output format: org.apache.hadoop.hive.ql.io.HiveIgnoreKeyTextOutputFormat
                            serde: org.apache.hadoop.hive.serde2.lazy.LazySimpleSerDe
                            name: default.src_multi2
                      Select Operator
                        expressions: _col0 (type: string), _col1 (type: string)
                        outputColumnNames: i, j
                        Statistics: Num rows: 55 Data size: 9790 Basic stats: COMPLETE Column stats: COMPLETE
                        Group By Operator
                          aggregations: compute_stats(i, 'hll'), compute_stats(j, 'hll')
                          mode: hash
                          outputColumnNames: _col0, _col1
                          Statistics: Num rows: 1 Data size: 880 Basic stats: COMPLETE Column stats: COMPLETE
                          Reduce Output Operator
                            sort order: 
                            Statistics: Num rows: 1 Data size: 880 Basic stats: COMPLETE Column stats: COMPLETE
                            value expressions: _col0 (type: struct<columntype:string,maxlength:bigint,sumlength:bigint,count:bigint,countnulls:bigint,bitvector:binary>), _col1 (type: struct<columntype:string,maxlength:bigint,sumlength:bigint,count:bigint,countnulls:bigint,bitvector:binary>)
            Execution mode: llap
            LLAP IO: no inputs
        Reducer 2 
            Execution mode: llap
            Reduce Operator Tree:
              Group By Operator
                aggregations: compute_stats(VALUE._col0), compute_stats(VALUE._col1)
                mode: mergepartial
                outputColumnNames: _col0, _col1
                Statistics: Num rows: 1 Data size: 880 Basic stats: COMPLETE Column stats: COMPLETE
                File Output Operator
                  compressed: false
                  Statistics: Num rows: 1 Data size: 880 Basic stats: COMPLETE Column stats: COMPLETE
                  table:
                      input format: org.apache.hadoop.mapred.SequenceFileInputFormat
                      output format: org.apache.hadoop.hive.ql.io.HiveSequenceFileOutputFormat
                      serde: org.apache.hadoop.hive.serde2.lazy.LazySimpleSerDe
        Reducer 3 
            Execution mode: llap
            Reduce Operator Tree:
              Group By Operator
                aggregations: compute_stats(VALUE._col0), compute_stats(VALUE._col1)
                mode: mergepartial
                outputColumnNames: _col0, _col1
                Statistics: Num rows: 1 Data size: 880 Basic stats: COMPLETE Column stats: COMPLETE
                File Output Operator
                  compressed: false
                  Statistics: Num rows: 1 Data size: 880 Basic stats: COMPLETE Column stats: COMPLETE
                  table:
                      input format: org.apache.hadoop.mapred.SequenceFileInputFormat
                      output format: org.apache.hadoop.hive.ql.io.HiveSequenceFileOutputFormat
                      serde: org.apache.hadoop.hive.serde2.lazy.LazySimpleSerDe

  Stage: Stage-3
    Dependency Collection

  Stage: Stage-0
    Move Operator
      tables:
          replace: true
          table:
              input format: org.apache.hadoop.mapred.TextInputFormat
              output format: org.apache.hadoop.hive.ql.io.HiveIgnoreKeyTextOutputFormat
              serde: org.apache.hadoop.hive.serde2.lazy.LazySimpleSerDe
              name: default.src_multi1

  Stage: Stage-4
    Stats Work
      Basic Stats Work:
      Column Stats Desc:
          Columns: a, b
          Column Types: string, string
          Table: default.src_multi1

  Stage: Stage-1
    Move Operator
      tables:
          replace: true
          table:
              input format: org.apache.hadoop.mapred.TextInputFormat
              output format: org.apache.hadoop.hive.ql.io.HiveIgnoreKeyTextOutputFormat
              serde: org.apache.hadoop.hive.serde2.lazy.LazySimpleSerDe
              name: default.src_multi2

  Stage: Stage-5
    Stats Work
      Basic Stats Work:
      Column Stats Desc:
          Columns: i, j
          Column Types: string, string
          Table: default.src_multi2

PREHOOK: query: explain
from src
insert into table src_multi1 select * where src.key < 10
insert into table src_multi2 select src.* where key > 10 and key < 20
PREHOOK: type: QUERY
POSTHOOK: query: explain
from src
insert into table src_multi1 select * where src.key < 10
insert into table src_multi2 select src.* where key > 10 and key < 20
POSTHOOK: type: QUERY
STAGE DEPENDENCIES:
  Stage-2 is a root stage
  Stage-3 depends on stages: Stage-2
  Stage-0 depends on stages: Stage-3
  Stage-4 depends on stages: Stage-0
  Stage-1 depends on stages: Stage-3
  Stage-5 depends on stages: Stage-1

STAGE PLANS:
  Stage: Stage-2
    Tez
#### A masked pattern was here ####
      Edges:
        Reducer 2 <- Map 1 (CUSTOM_SIMPLE_EDGE)
        Reducer 3 <- Map 1 (CUSTOM_SIMPLE_EDGE)
#### A masked pattern was here ####
      Vertices:
        Map 1 
            Map Operator Tree:
                TableScan
                  alias: src
                  Statistics: Num rows: 500 Data size: 89000 Basic stats: COMPLETE Column stats: COMPLETE
                  Filter Operator
                    predicate: ((key < 10) and enforce_constraint(key is not null)) (type: boolean)
                    Statistics: Num rows: 83 Data size: 14774 Basic stats: COMPLETE Column stats: COMPLETE
                    Select Operator
                      expressions: key (type: string), value (type: string)
                      outputColumnNames: _col0, _col1
                      Statistics: Num rows: 83 Data size: 14774 Basic stats: COMPLETE Column stats: COMPLETE
                      File Output Operator
                        compressed: false
                        Statistics: Num rows: 83 Data size: 14774 Basic stats: COMPLETE Column stats: COMPLETE
                        table:
                            input format: org.apache.hadoop.mapred.TextInputFormat
                            output format: org.apache.hadoop.hive.ql.io.HiveIgnoreKeyTextOutputFormat
                            serde: org.apache.hadoop.hive.serde2.lazy.LazySimpleSerDe
                            name: default.src_multi1
                      Select Operator
                        expressions: _col0 (type: string), _col1 (type: string)
                        outputColumnNames: a, b
                        Statistics: Num rows: 83 Data size: 14774 Basic stats: COMPLETE Column stats: COMPLETE
                        Group By Operator
                          aggregations: compute_stats(a, 'hll'), compute_stats(b, 'hll')
                          mode: hash
                          outputColumnNames: _col0, _col1
                          Statistics: Num rows: 1 Data size: 880 Basic stats: COMPLETE Column stats: COMPLETE
                          Reduce Output Operator
                            sort order: 
                            Statistics: Num rows: 1 Data size: 880 Basic stats: COMPLETE Column stats: COMPLETE
                            value expressions: _col0 (type: struct<columntype:string,maxlength:bigint,sumlength:bigint,count:bigint,countnulls:bigint,bitvector:binary>), _col1 (type: struct<columntype:string,maxlength:bigint,sumlength:bigint,count:bigint,countnulls:bigint,bitvector:binary>)
                  Filter Operator
                    predicate: ((key < 20) and (key > 10)) (type: boolean)
                    Statistics: Num rows: 55 Data size: 9790 Basic stats: COMPLETE Column stats: COMPLETE
                    Select Operator
                      expressions: key (type: string), value (type: string)
                      outputColumnNames: _col0, _col1
                      Statistics: Num rows: 55 Data size: 9790 Basic stats: COMPLETE Column stats: COMPLETE
                      File Output Operator
                        compressed: false
                        Statistics: Num rows: 55 Data size: 9790 Basic stats: COMPLETE Column stats: COMPLETE
                        table:
                            input format: org.apache.hadoop.mapred.TextInputFormat
                            output format: org.apache.hadoop.hive.ql.io.HiveIgnoreKeyTextOutputFormat
                            serde: org.apache.hadoop.hive.serde2.lazy.LazySimpleSerDe
                            name: default.src_multi2
                      Select Operator
                        expressions: _col0 (type: string), _col1 (type: string)
                        outputColumnNames: i, j
                        Statistics: Num rows: 55 Data size: 9790 Basic stats: COMPLETE Column stats: COMPLETE
                        Group By Operator
                          aggregations: compute_stats(i, 'hll'), compute_stats(j, 'hll')
                          mode: hash
                          outputColumnNames: _col0, _col1
                          Statistics: Num rows: 1 Data size: 880 Basic stats: COMPLETE Column stats: COMPLETE
                          Reduce Output Operator
                            sort order: 
                            Statistics: Num rows: 1 Data size: 880 Basic stats: COMPLETE Column stats: COMPLETE
                            value expressions: _col0 (type: struct<columntype:string,maxlength:bigint,sumlength:bigint,count:bigint,countnulls:bigint,bitvector:binary>), _col1 (type: struct<columntype:string,maxlength:bigint,sumlength:bigint,count:bigint,countnulls:bigint,bitvector:binary>)
            Execution mode: llap
            LLAP IO: no inputs
        Reducer 2 
            Execution mode: llap
            Reduce Operator Tree:
              Group By Operator
                aggregations: compute_stats(VALUE._col0), compute_stats(VALUE._col1)
                mode: mergepartial
                outputColumnNames: _col0, _col1
                Statistics: Num rows: 1 Data size: 880 Basic stats: COMPLETE Column stats: COMPLETE
                File Output Operator
                  compressed: false
                  Statistics: Num rows: 1 Data size: 880 Basic stats: COMPLETE Column stats: COMPLETE
                  table:
                      input format: org.apache.hadoop.mapred.SequenceFileInputFormat
                      output format: org.apache.hadoop.hive.ql.io.HiveSequenceFileOutputFormat
                      serde: org.apache.hadoop.hive.serde2.lazy.LazySimpleSerDe
        Reducer 3 
            Execution mode: llap
            Reduce Operator Tree:
              Group By Operator
                aggregations: compute_stats(VALUE._col0), compute_stats(VALUE._col1)
                mode: mergepartial
                outputColumnNames: _col0, _col1
                Statistics: Num rows: 1 Data size: 880 Basic stats: COMPLETE Column stats: COMPLETE
                File Output Operator
                  compressed: false
                  Statistics: Num rows: 1 Data size: 880 Basic stats: COMPLETE Column stats: COMPLETE
                  table:
                      input format: org.apache.hadoop.mapred.SequenceFileInputFormat
                      output format: org.apache.hadoop.hive.ql.io.HiveSequenceFileOutputFormat
                      serde: org.apache.hadoop.hive.serde2.lazy.LazySimpleSerDe

  Stage: Stage-3
    Dependency Collection

  Stage: Stage-0
    Move Operator
      tables:
          replace: false
          table:
              input format: org.apache.hadoop.mapred.TextInputFormat
              output format: org.apache.hadoop.hive.ql.io.HiveIgnoreKeyTextOutputFormat
              serde: org.apache.hadoop.hive.serde2.lazy.LazySimpleSerDe
              name: default.src_multi1

  Stage: Stage-4
    Stats Work
      Basic Stats Work:
      Column Stats Desc:
          Columns: a, b
          Column Types: string, string
          Table: default.src_multi1

  Stage: Stage-1
    Move Operator
      tables:
          replace: false
          table:
              input format: org.apache.hadoop.mapred.TextInputFormat
              output format: org.apache.hadoop.hive.ql.io.HiveIgnoreKeyTextOutputFormat
              serde: org.apache.hadoop.hive.serde2.lazy.LazySimpleSerDe
              name: default.src_multi2

  Stage: Stage-5
    Stats Work
      Basic Stats Work:
      Column Stats Desc:
          Columns: i, j
          Column Types: string, string
          Table: default.src_multi2

