PREHOOK: query: CREATE TABLE dest_j1(key INT, value STRING) STORED AS TEXTFILE
PREHOOK: type: CREATETABLE
PREHOOK: Output: database:default
PREHOOK: Output: default@dest_j1
POSTHOOK: query: CREATE TABLE dest_j1(key INT, value STRING) STORED AS TEXTFILE
POSTHOOK: type: CREATETABLE
POSTHOOK: Output: database:default
POSTHOOK: Output: default@dest_j1
PREHOOK: query: EXPLAIN
FROM src src1 JOIN src src2 ON (src1.key = src2.key)
INSERT OVERWRITE TABLE dest_j1 SELECT src1.key, src2.value
PREHOOK: type: QUERY
POSTHOOK: query: EXPLAIN
FROM src src1 JOIN src src2 ON (src1.key = src2.key)
INSERT OVERWRITE TABLE dest_j1 SELECT src1.key, src2.value
POSTHOOK: type: QUERY
STAGE DEPENDENCIES:
  Stage-1 is a root stage
  Stage-6 depends on stages: Stage-1 , consists of Stage-7, Stage-0, Stage-3
  Stage-7
  Stage-5 depends on stages: Stage-7
  Stage-0 depends on stages: Stage-5
  Stage-2 depends on stages: Stage-0
  Stage-8 depends on stages: Stage-2, Stage-3
  Stage-3 depends on stages: Stage-5

STAGE PLANS:
  Stage: Stage-1
    Map Reduce
      Map Operator Tree:
          TableScan
            alias: src1
            Statistics: Num rows: 500 Data size: 5312 Basic stats: COMPLETE Column stats: NONE
            Filter Operator
              predicate: key is not null (type: boolean)
              Statistics: Num rows: 500 Data size: 5312 Basic stats: COMPLETE Column stats: NONE
              Select Operator
                expressions: key (type: string)
                outputColumnNames: _col0
                Statistics: Num rows: 500 Data size: 5312 Basic stats: COMPLETE Column stats: NONE
                Reduce Output Operator
                  key expressions: _col0 (type: string)
                  sort order: +
                  Map-reduce partition columns: _col0 (type: string)
                  Statistics: Num rows: 500 Data size: 5312 Basic stats: COMPLETE Column stats: NONE
          TableScan
            alias: src2
            Statistics: Num rows: 500 Data size: 5312 Basic stats: COMPLETE Column stats: NONE
            Filter Operator
              predicate: key is not null (type: boolean)
              Statistics: Num rows: 500 Data size: 5312 Basic stats: COMPLETE Column stats: NONE
              Select Operator
                expressions: key (type: string), value (type: string)
                outputColumnNames: _col0, _col1
                Statistics: Num rows: 500 Data size: 5312 Basic stats: COMPLETE Column stats: NONE
                Reduce Output Operator
                  key expressions: _col0 (type: string)
                  sort order: +
                  Map-reduce partition columns: _col0 (type: string)
                  Statistics: Num rows: 500 Data size: 5312 Basic stats: COMPLETE Column stats: NONE
                  value expressions: _col1 (type: string)
      Reduce Operator Tree:
        Join Operator
          condition map:
               Inner Join 0 to 1
          handleSkewJoin: true
          keys:
            0 _col0 (type: string)
            1 _col0 (type: string)
          outputColumnNames: _col0, _col2
          Statistics: Num rows: 550 Data size: 5843 Basic stats: COMPLETE Column stats: NONE
          Select Operator
            expressions: UDFToInteger(_col0) (type: int), _col2 (type: string)
            outputColumnNames: _col0, _col1
            Statistics: Num rows: 550 Data size: 5843 Basic stats: COMPLETE Column stats: NONE
            File Output Operator
              compressed: false
              Statistics: Num rows: 550 Data size: 5843 Basic stats: COMPLETE Column stats: NONE
              table:
                  input format: org.apache.hadoop.mapred.TextInputFormat
                  output format: org.apache.hadoop.hive.ql.io.HiveIgnoreKeyTextOutputFormat
                  serde: org.apache.hadoop.hive.serde2.lazy.LazySimpleSerDe
                  name: default.dest_j1
            Select Operator
              expressions: _col0 (type: int), _col1 (type: string)
              outputColumnNames: key, value
              Statistics: Num rows: 550 Data size: 5843 Basic stats: COMPLETE Column stats: NONE
              Group By Operator
                aggregations: compute_stats(key, 'hll'), compute_stats(value, 'hll')
                mode: hash
                outputColumnNames: _col0, _col1
                Statistics: Num rows: 1 Data size: 944 Basic stats: COMPLETE Column stats: NONE
                File Output Operator
                  compressed: false
                  table:
                      input format: org.apache.hadoop.mapred.SequenceFileInputFormat
                      output format: org.apache.hadoop.hive.ql.io.HiveSequenceFileOutputFormat
                      serde: org.apache.hadoop.hive.serde2.lazybinary.LazyBinarySerDe

  Stage: Stage-6
    Conditional Operator

  Stage: Stage-7
    Map Reduce Local Work
      Alias -> Map Local Tables:
        1 
          Fetch Operator
            limit: -1
      Alias -> Map Local Operator Tree:
        1 
          TableScan
            HashTable Sink Operator
              keys:
                0 reducesinkkey0 (type: string)
                1 reducesinkkey0 (type: string)

  Stage: Stage-5
    Map Reduce
      Map Operator Tree:
          TableScan
            Map Join Operator
              condition map:
                   Inner Join 0 to 1
              keys:
                0 reducesinkkey0 (type: string)
                1 reducesinkkey0 (type: string)
              outputColumnNames: _col0, _col2
              Select Operator
                expressions: UDFToInteger(_col0) (type: int), _col2 (type: string)
                outputColumnNames: _col0, _col1
                Statistics: Num rows: 550 Data size: 5843 Basic stats: COMPLETE Column stats: NONE
                File Output Operator
                  compressed: false
                  Statistics: Num rows: 550 Data size: 5843 Basic stats: COMPLETE Column stats: NONE
                  table:
                      input format: org.apache.hadoop.mapred.TextInputFormat
                      output format: org.apache.hadoop.hive.ql.io.HiveIgnoreKeyTextOutputFormat
                      serde: org.apache.hadoop.hive.serde2.lazy.LazySimpleSerDe
                      name: default.dest_j1
                Select Operator
                  expressions: _col0 (type: int), _col1 (type: string)
                  outputColumnNames: key, value
                  Statistics: Num rows: 550 Data size: 5843 Basic stats: COMPLETE Column stats: NONE
                  Group By Operator
                    aggregations: compute_stats(key, 'hll'), compute_stats(value, 'hll')
                    mode: hash
                    outputColumnNames: _col0, _col1
                    Statistics: Num rows: 1 Data size: 944 Basic stats: COMPLETE Column stats: NONE
                    File Output Operator
                      compressed: false
                      table:
                          input format: org.apache.hadoop.mapred.SequenceFileInputFormat
                          output format: org.apache.hadoop.hive.ql.io.HiveSequenceFileOutputFormat
                          serde: org.apache.hadoop.hive.serde2.lazybinary.LazyBinarySerDe
      Local Work:
        Map Reduce Local Work

  Stage: Stage-0
    Move Operator
      tables:
          replace: true
          table:
              input format: org.apache.hadoop.mapred.TextInputFormat
              output format: org.apache.hadoop.hive.ql.io.HiveIgnoreKeyTextOutputFormat
              serde: org.apache.hadoop.hive.serde2.lazy.LazySimpleSerDe
              name: default.dest_j1

  Stage: Stage-2
    Stats-Aggr Operator

  Stage: Stage-8
    Column Stats Work
      Column Stats Desc:
          Columns: key, value
          Column Types: int, string
          Table: default.dest_j1

  Stage: Stage-3
    Map Reduce
      Map Operator Tree:
          TableScan
            Reduce Output Operator
              sort order: 
              Statistics: Num rows: 1 Data size: 944 Basic stats: COMPLETE Column stats: NONE
              value expressions: _col0 (type: struct<columntype:string,min:bigint,max:bigint,countnulls:bigint,bitvector:string>), _col1 (type: struct<columntype:string,maxlength:bigint,sumlength:bigint,count:bigint,countnulls:bigint,bitvector:string>)
      Reduce Operator Tree:
        Group By Operator
          aggregations: compute_stats(VALUE._col0), compute_stats(VALUE._col1)
          mode: mergepartial
          outputColumnNames: _col0, _col1
          Statistics: Num rows: 1 Data size: 960 Basic stats: COMPLETE Column stats: NONE
          File Output Operator
            compressed: false
            Statistics: Num rows: 1 Data size: 960 Basic stats: COMPLETE Column stats: NONE
            table:
                input format: org.apache.hadoop.mapred.SequenceFileInputFormat
                output format: org.apache.hadoop.hive.ql.io.HiveSequenceFileOutputFormat
                serde: org.apache.hadoop.hive.serde2.lazy.LazySimpleSerDe

PREHOOK: query: FROM src src1 JOIN src src2 ON (src1.key = src2.key)
INSERT OVERWRITE TABLE dest_j1 SELECT src1.key, src2.value
PREHOOK: type: QUERY
PREHOOK: Input: default@src
PREHOOK: Output: default@dest_j1
POSTHOOK: query: FROM src src1 JOIN src src2 ON (src1.key = src2.key)
INSERT OVERWRITE TABLE dest_j1 SELECT src1.key, src2.value
POSTHOOK: type: QUERY
POSTHOOK: Input: default@src
POSTHOOK: Output: default@dest_j1
POSTHOOK: Lineage: dest_j1.key EXPRESSION [(src)src1.FieldSchema(name:key, type:string, comment:default), ]
POSTHOOK: Lineage: dest_j1.value SIMPLE [(src)src2.FieldSchema(name:value, type:string, comment:default), ]
PREHOOK: query: desc formatted dest_j1
PREHOOK: type: DESCTABLE
PREHOOK: Input: default@dest_j1
POSTHOOK: query: desc formatted dest_j1
POSTHOOK: type: DESCTABLE
POSTHOOK: Input: default@dest_j1
# col_name            	data_type           	comment             
	 	 
key                 	int                 	                    
value               	string              	                    
	 	 
# Detailed Table Information	 	 
Database:           	default             	 
#### A masked pattern was here ####
Retention:          	0                   	 
#### A masked pattern was here ####
Table Type:         	MANAGED_TABLE       	 
Table Parameters:	 	 
	COLUMN_STATS_ACCURATE	{\"BASIC_STATS\":\"true\",\"COLUMN_STATS\":{\"key\":\"true\",\"value\":\"true\"}}
	numFiles            	137                 
	numRows             	855                 
	rawDataSize         	9143                
	totalSize           	11996               
#### A masked pattern was here ####
	 	 
# Storage Information	 	 
SerDe Library:      	org.apache.hadoop.hive.serde2.lazy.LazySimpleSerDe	 
InputFormat:        	org.apache.hadoop.mapred.TextInputFormat	 
OutputFormat:       	org.apache.hadoop.hive.ql.io.HiveIgnoreKeyTextOutputFormat	 
Compressed:         	No                  	 
Num Buckets:        	-1                  	 
Bucket Columns:     	[]                  	 
Sort Columns:       	[]                  	 
Storage Desc Params:	 	 
	serialization.format	1                   
PREHOOK: query: desc formatted dest_j1 key
PREHOOK: type: DESCTABLE
PREHOOK: Input: default@dest_j1
POSTHOOK: query: desc formatted dest_j1 key
POSTHOOK: type: DESCTABLE
POSTHOOK: Input: default@dest_j1
# col_name            	data_type           	min                 	max                 	num_nulls           	distinct_count      	avg_col_len         	max_col_len         	num_trues           	num_falses          	comment             	bitVector           
	 	 	 	 	 	 	 	 	 	 	 
key                 	int                 	0                   	498                 	0                   	309                 	                    	                    	                    	                    	SExM4LUCtQKN6yH2ofgFwu2cAvzblwLAqoIDwf6+AcDkmgT/i5kBxOPKA72MowGA5fAbg4LgAr2L	 
vQH/+x+A0gOA0fsBgefUBb+gkhPB+03A7aUCg+BdwKUTvbaQA4LIeL7O3QTCo6IDvbuRAsCRFoGb	 	 	 	 	 	 	 	 	 	 	 
YL/lO4LfuQK+4acBgLePCsHvrQHD43u87s4EwP0QwJJtyL23ArjLvQPCz7wG/5yDC7/N4AKCxMcO	 	 	 	 	 	 	 	 	 	 	 
vvCNA4HI4wP/6rEDgIIJwaZOv+cwgaevAf+GzQHA14ICwPz+BcDb+gKAhg+H7RS67okB/5HHAoOo	 	 	 	 	 	 	 	 	 	 	 
Nb2V2wWA6fAIwJSODsCT9gGAiY8Bg/xI/bq4CoDXkgHAyvYGgOduwJKLAYKbvgH+2bQBwNCWBoK7	 	 	 	 	 	 	 	 	 	 	 
Gb+fmQO/6J8Bgb89/9fzAsCPywLAp/wHgbJeg/z8Ar25kQGA4P0Dv/OUA4CgoQaBpL4EwDuC+m69	 	 	 	 	 	 	 	 	 	 	 
yDWA/BLApYELxMEv/I1LgYWwBMbTlAP56cMEgZssgeiCAb+kowHBvf0CgYHSAf3g0QaBi9sC/9yi	 	 	 	 	 	 	 	 	 	 	 
AoDbIYHllQnAhAGBqJkFvrBKgZmZDIKEogG9slWC7qgF/q5DwM30DoKHRcCN7wO+ir0DwLOtAcDy	 	 	 	 	 	 	 	 	 	 	 
8wKB4L0Dv/HEA4adpAOAqxr6kkyA14EIwbkUgIihCIGfcoCODr/z5wKAs/QBw7JvvLnQBMHmsgL/	 	 	 	 	 	 	 	 	 	 	 
1UTAy5gCgbHaAf+UpgOAjO0HwcRQhOePAYChCruLvQaBtSj/osUBwoK1AYGn+Qm9kLcDgLSoAYCQ	 	 	 	 	 	 	 	 	 	 	 
2QeAv54FwoIavsJ2wYYL/9jbAoCTjgGBjDX/ztkBgPF8gtNC/r2PAoGgUcHDcb+LqAe/laoBwsOe	 	 	 	 	 	 	 	 	 	 	 
A8D6EsDQkAT+0tcGgIRzgIqQAYCT+gXB7wv/jvQMw4miBr3LvgTA0YYBgKCTCIHyxQHBtPcCvts+	 	 	 	 	 	 	 	 	 	 	 
we3HAsD/9gG/zaEDgMiqA8H6iQHAniPCiIQB/bucAYDykQGCodED/o+VAsa89gO6pqAHwKvqAYGu	 	 	 	 	 	 	 	 	 	 	 
9QO/0bgPwLiEAcH7lwHA4v4FgMUrwe9k/v9ggaI5wbniAr7lOYP3tAH9vmXBxscCwPDuAYCkFoPc	 	 	 	 	 	 	 	 	 	 	 
6QaCoOUH/MSUAr/4gwmAw4wIv/rBAsCH2QGEl1n86qQBgOWcEoLOsgb+k74EhNjFAbyX2QHAi4MB	 	 	 	 	 	 	 	 	 	 	 
gJiCAYHyiwnAvYgC/5LkB4HnoQLA46QU/6+SBsGv6QHBut4Evo/iA8KzFL7b0AKAwJkJwZSRAb+g	 	 	 	 	 	 	 	 	 	 	 
4gHBux+B/58F/+D2Av/5tgKAmieA4MsBwrvkBMDIBb77GoCqnwjA3PkBgPOTCMD9e8P8tgK91poD	 	 	 	 	 	 	 	 	 	 	 
gIGeAcH3nQKAhqIEv6LdA4DK2AKClCm+mc4BxoVo+rCiAoDfoAKAtPoFwdCUAsHtpwH+j8QBwYWl	 	 	 	 	 	 	 	 	 	 	 
Ab+00gOAy9gMgfHAA7/hvwTAqCeCsUq/yUj/t9wCxYPOArvNrQTAq5ADwJrZCcKbX764IcHS1QKA	 	 	 	 	 	 	 	 	 	 	 
t+kLwtSlC/3wyweAl2bAhKEDwLXQCYDXhQXBpeICgcpm//3nBoDmGMG7lwH/y+YI//XaAYHTlQKA	 	 	 	 	 	 	 	 	 	 	 
4gPA7aoC/6mKCIDZpgLDoEQ=	 	 	 	 	 	 	 	 	 	 	 
	from deserializer   	 	 	 	 	 	 	 	 	 	 
COLUMN_STATS_ACCURATE	{\"BASIC_STATS\":\"true\",\"COLUMN_STATS\":{\"key\":\"true\",\"value\":\"true\"}}	 	 	 	 	 	 	 	 	 	 
PREHOOK: query: desc formatted dest_j1 value
PREHOOK: type: DESCTABLE
PREHOOK: Input: default@dest_j1
POSTHOOK: query: desc formatted dest_j1 value
POSTHOOK: type: DESCTABLE
POSTHOOK: Input: default@dest_j1
# col_name            	data_type           	min                 	max                 	num_nulls           	distinct_count      	avg_col_len         	max_col_len         	num_trues           	num_falses          	comment             	bitVector           
	 	 	 	 	 	 	 	 	 	 	 
value               	string              	                    	                    	0                   	309                 	6.834630350194552   	7                   	                    	                    	SExM4LUCtQLM7Sz2qpEHw751/KEegclIgPbqBb/+4QWCxbMFvttNwJ79A8DuYoDMqgOCtK0Dv6qT	 
A/+3OMCb5AGBvuwFgLXtAb/E0QOB1IQGwKwc/9PdBMCu9gSBw0y/1IYJwKeVDcCdmAGBuSGAhBmF	 	 	 	 	 	 	 	 	 	 	 
r5AB+tCzAcGDswGC8n292qYHwZPUAb+SVsDC1gGAuPwCgZG9Av/S+gXDuJAB//KXAv61xQGBgpcB	 	 	 	 	 	 	 	 	 	 	 
gIo6geaBAf+Q3wz/tkWBqNID/6ilBoDahwbA1fICwcKtBIHklAe+8sQFgLx/gIXzAcLDwAP+09EB	 	 	 	 	 	 	 	 	 	 	 
wP4GwrXYAoDuxwPBy5cCgLUF/dq4BcCkoAaAyfcEgJnRBYD8iAKA4vgGwL4SgIuEAsHnqgP/obsC	 	 	 	 	 	 	 	 	 	 	 
gO6YAoKYVb7VSsCR2ALAjJgBwfSUAoD3PMP/4QKAwxO84LoCwKDSAcDaLsH7kAK/u/YCgLf0AYH6	 	 	 	 	 	 	 	 	 	 	 
xwGA1c8Bg7KxAf3Wcf+9pgKA4X+FseMDvZb8Ab7MtQaA0eUDwOUigKINwZUuv+HJBMCWDoLCNf7W	 	 	 	 	 	 	 	 	 	 	 
sgSAlO8DgO6lB8KatwT/xdQCv45EgcDADb/E5QTCnJUG/7OtBf+0mAHDmdEDv7edBv6CpgLAj/sC	 	 	 	 	 	 	 	 	 	 	 
wIV1gf2zBv/SywTC8dAC/r3JA4LUTP7BuQKAieADgfLcBr/ouAGAs2OAiKUGwJf2CoGQ0Qa/05oG	 	 	 	 	 	 	 	 	 	 	 
gNojgJTZBoCWkwTAt4EKx5rPA7mZqQKB5kCB9fcCgLTwB/6O8gTAxvYSwOaRAYDFgAPA+NsCgcm8	 	 	 	 	 	 	 	 	 	 	 
BoC0jASB3esC/oDgBYGcvgXDteICwKoK/MZMgoXCAcCl4gO/m3q/3VKBs84BgY9kgMeyBL/zR8Cl	 	 	 	 	 	 	 	 	 	 	 
nALCsOIC/s2tAf/JsQLAmWCA+akCgrq2A//wlAu/26sEwobEBP/ejgG/spYMwOKnCoHqsQHA7oMC	 	 	 	 	 	 	 	 	 	 	 
v62oBoDghAaA8oECgPSkB4Dv+gHB+yHAqQ6/xRWBm9EBhPaFAby9jgO/1cgMgK9pwMuiA8C5/AaA	 	 	 	 	 	 	 	 	 	 	 
/f8DwsiOA4CiDYDemwS/zXDDxX6+x4UKwpyWBv7n8AH+la4HwvBSv67qAr+duAHA3K8EgvKLA/7+	 	 	 	 	 	 	 	 	 	 	 
ygPA/nmAuQOFvt4Nu7+4A8PXG/2ZboGhF8K6+Ab+6IsJgd6AAf+aiwH/qVyEhB7+o/4F/rO0AYCM	 	 	 	 	 	 	 	 	 	 	 
fcC1qQOAuuYBgcbKAcDy5AH/wu0Bga6UAr/e1wPBnscCv9S+BYDKjwPB/JABgJeXBoCjAYHT8gL+	 	 	 	 	 	 	 	 	 	 	 
tV6B6RO/9GGB1aUHxcCxAfqrngKAlIcDhLXJAr3vV//G5ATBiqQDgcGkAcDijQS+gsEJgc+FA4DP	 	 	 	 	 	 	 	 	 	 	 
KYKJiwH9hqwBwpJC/sHNAYHStAmB4IoJvsenBoHYR8CZiBTB2m/+mdUIgY2kAv+5P8CunwyA2QaC	 	 	 	 	 	 	 	 	 	 	 
sEb+toQCwp3JBYCqiAS+ruIEhq+wAfr6QcHKrw7/xMABxN/NB/ztO4K4tQG/94oBgJf4Ab+F2AHC	 	 	 	 	 	 	 	 	 	 	 
zawDwa2BAr6vkwX/u5QFwYfWAsDVgQKCgZwJ/ZYXwNztAoL3/AL+uKIBwdeeA8OYjwGBoIkIvMSm	 	 	 	 	 	 	 	 	 	 	 
A/+FF4PnPb6a7gKA1BfA4JMGwOb1Ab+WHg==	 	 	 	 	 	 	 	 	 	 	 
	from deserializer   	 	 	 	 	 	 	 	 	 	 
COLUMN_STATS_ACCURATE	{\"BASIC_STATS\":\"true\",\"COLUMN_STATS\":{\"key\":\"true\",\"value\":\"true\"}}	 	 	 	 	 	 	 	 	 	 
