PREHOOK: query: CREATE TABLE mytable
(
num1 INT,
num2 INT,
num3 INT
)
ROW FORMAT DELIMITED FIELDS TERMINATED BY ","
PREHOOK: type: CREATETABLE
PREHOOK: Output: database:default
PREHOOK: Output: default@mytable
POSTHOOK: query: CREATE TABLE mytable
(
num1 INT,
num2 INT,
num3 INT
)
ROW FORMAT DELIMITED FIELDS TERMINATED BY ","
POSTHOOK: type: CREATETABLE
POSTHOOK: Output: database:default
POSTHOOK: Output: default@mytable
PREHOOK: query: LOAD DATA LOCAL inpath "../../data/files/filterCard.txt" into table mytable
PREHOOK: type: LOAD
#### A masked pattern was here ####
PREHOOK: Output: default@mytable
POSTHOOK: query: LOAD DATA LOCAL inpath "../../data/files/filterCard.txt" into table mytable
POSTHOOK: type: LOAD
#### A masked pattern was here ####
POSTHOOK: Output: default@mytable
PREHOOK: query: ANALYZE table mytable compute statistics for columns
PREHOOK: type: QUERY
PREHOOK: Input: default@mytable
#### A masked pattern was here ####
POSTHOOK: query: ANALYZE table mytable compute statistics for columns
POSTHOOK: type: QUERY
POSTHOOK: Input: default@mytable
#### A masked pattern was here ####
PREHOOK: query: explain select * from mytable where num1=4
PREHOOK: type: QUERY
POSTHOOK: query: explain select * from mytable where num1=4
POSTHOOK: type: QUERY
STAGE DEPENDENCIES:
  Stage-1 is a root stage
  Stage-0 depends on stages: Stage-1

STAGE PLANS:
  Stage: Stage-1
    Map Reduce
      Map Operator Tree:
          TableScan
            alias: mytable
            Statistics: Num rows: 75 Data size: 900 Basic stats: COMPLETE Column stats: COMPLETE
            Filter Operator
              predicate: (num1 = 4) (type: boolean)
              Statistics: Num rows: 38 Data size: 456 Basic stats: COMPLETE Column stats: COMPLETE
              Select Operator
                expressions: 4 (type: int), num2 (type: int), num3 (type: int)
                outputColumnNames: _col0, _col1, _col2
                Statistics: Num rows: 38 Data size: 456 Basic stats: COMPLETE Column stats: COMPLETE
                File Output Operator
                  compressed: false
                  Statistics: Num rows: 38 Data size: 456 Basic stats: COMPLETE Column stats: COMPLETE
                  table:
                      input format: org.apache.hadoop.mapred.SequenceFileInputFormat
                      output format: org.apache.hadoop.hive.ql.io.HiveSequenceFileOutputFormat
                      serde: org.apache.hadoop.hive.serde2.lazy.LazySimpleSerDe

  Stage: Stage-0
    Fetch Operator
      limit: -1
      Processor Tree:
        ListSink

PREHOOK: query: explain select * from mytable where num1=4 and num2=8
PREHOOK: type: QUERY
POSTHOOK: query: explain select * from mytable where num1=4 and num2=8
POSTHOOK: type: QUERY
STAGE DEPENDENCIES:
  Stage-1 is a root stage
  Stage-0 depends on stages: Stage-1

STAGE PLANS:
  Stage: Stage-1
    Map Reduce
      Map Operator Tree:
          TableScan
            alias: mytable
            Statistics: Num rows: 75 Data size: 900 Basic stats: COMPLETE Column stats: COMPLETE
            Filter Operator
              predicate: ((num1 = 4) and (num2 = 8)) (type: boolean)
              Statistics: Num rows: 19 Data size: 228 Basic stats: COMPLETE Column stats: COMPLETE
              Select Operator
                expressions: 4 (type: int), 8 (type: int), num3 (type: int)
                outputColumnNames: _col0, _col1, _col2
                Statistics: Num rows: 19 Data size: 228 Basic stats: COMPLETE Column stats: COMPLETE
                File Output Operator
                  compressed: false
                  Statistics: Num rows: 19 Data size: 228 Basic stats: COMPLETE Column stats: COMPLETE
                  table:
                      input format: org.apache.hadoop.mapred.SequenceFileInputFormat
                      output format: org.apache.hadoop.hive.ql.io.HiveSequenceFileOutputFormat
                      serde: org.apache.hadoop.hive.serde2.lazy.LazySimpleSerDe

  Stage: Stage-0
    Fetch Operator
      limit: -1
      Processor Tree:
        ListSink

PREHOOK: query: explain select * from mytable where num1=4 and num2=8 and num3=7
PREHOOK: type: QUERY
POSTHOOK: query: explain select * from mytable where num1=4 and num2=8 and num3=7
POSTHOOK: type: QUERY
STAGE DEPENDENCIES:
  Stage-1 is a root stage
  Stage-0 depends on stages: Stage-1

STAGE PLANS:
  Stage: Stage-1
    Map Reduce
      Map Operator Tree:
          TableScan
            alias: mytable
            Statistics: Num rows: 75 Data size: 900 Basic stats: COMPLETE Column stats: COMPLETE
            Filter Operator
              predicate: ((num1 = 4) and (num2 = 8) and (num3 = 7)) (type: boolean)
              Statistics: Num rows: 10 Data size: 120 Basic stats: COMPLETE Column stats: COMPLETE
              Select Operator
                expressions: 4 (type: int), 8 (type: int), 7 (type: int)
                outputColumnNames: _col0, _col1, _col2
                Statistics: Num rows: 10 Data size: 120 Basic stats: COMPLETE Column stats: COMPLETE
                File Output Operator
                  compressed: false
                  Statistics: Num rows: 10 Data size: 120 Basic stats: COMPLETE Column stats: COMPLETE
                  table:
                      input format: org.apache.hadoop.mapred.SequenceFileInputFormat
                      output format: org.apache.hadoop.hive.ql.io.HiveSequenceFileOutputFormat
                      serde: org.apache.hadoop.hive.serde2.lazy.LazySimpleSerDe

  Stage: Stage-0
    Fetch Operator
      limit: -1
      Processor Tree:
        ListSink

PREHOOK: query: drop table mytable
PREHOOK: type: DROPTABLE
PREHOOK: Input: default@mytable
PREHOOK: Output: default@mytable
POSTHOOK: query: drop table mytable
POSTHOOK: type: DROPTABLE
POSTHOOK: Input: default@mytable
POSTHOOK: Output: default@mytable
