PREHOOK: query: -- SORT_QUERY_RESULTS

-- data setup
DROP TABLE IF EXISTS part_subq
PREHOOK: type: DROPTABLE
POSTHOOK: query: -- SORT_QUERY_RESULTS

-- data setup
DROP TABLE IF EXISTS part_subq
POSTHOOK: type: DROPTABLE
PREHOOK: query: CREATE TABLE part_subq( 
    p_partkey INT,
    p_name STRING,
    p_mfgr STRING,
    p_brand STRING,
    p_type STRING,
    p_size INT,
    p_container STRING,
    p_retailprice DOUBLE,
    p_comment STRING
)
PREHOOK: type: CREATETABLE
PREHOOK: Output: database:default
PREHOOK: Output: default@part_subq
POSTHOOK: query: CREATE TABLE part_subq( 
    p_partkey INT,
    p_name STRING,
    p_mfgr STRING,
    p_brand STRING,
    p_type STRING,
    p_size INT,
    p_container STRING,
    p_retailprice DOUBLE,
    p_comment STRING
)
POSTHOOK: type: CREATETABLE
POSTHOOK: Output: database:default
POSTHOOK: Output: default@part_subq
PREHOOK: query: LOAD DATA LOCAL INPATH '../../data/files/part_tiny.txt' overwrite into table part_subq
PREHOOK: type: LOAD
#### A masked pattern was here ####
PREHOOK: Output: default@part_subq
POSTHOOK: query: LOAD DATA LOCAL INPATH '../../data/files/part_tiny.txt' overwrite into table part_subq
POSTHOOK: type: LOAD
#### A masked pattern was here ####
POSTHOOK: Output: default@part_subq
PREHOOK: query: -- non agg, non corr
explain
 select key, count(*) 
from src 
group by key
having count(*) in (select count(*) from src s1 where s1.key > '9' group by s1.key )
PREHOOK: type: QUERY
POSTHOOK: query: -- non agg, non corr
explain
 select key, count(*) 
from src 
group by key
having count(*) in (select count(*) from src s1 where s1.key > '9' group by s1.key )
POSTHOOK: type: QUERY
STAGE DEPENDENCIES:
  Stage-1 is a root stage
  Stage-2 depends on stages: Stage-1, Stage-4
  Stage-3 is a root stage
  Stage-4 depends on stages: Stage-3
  Stage-0 depends on stages: Stage-2

STAGE PLANS:
  Stage: Stage-1
    Map Reduce
      Map Operator Tree:
          TableScan
            alias: src
            Statistics: Num rows: 500 Data size: 5312 Basic stats: COMPLETE Column stats: NONE
            Select Operator
              expressions: key (type: string)
              outputColumnNames: key
              Statistics: Num rows: 500 Data size: 5312 Basic stats: COMPLETE Column stats: NONE
              Group By Operator
                aggregations: count()
                keys: key (type: string)
                mode: hash
                outputColumnNames: _col0, _col1
                Statistics: Num rows: 500 Data size: 5312 Basic stats: COMPLETE Column stats: NONE
                Reduce Output Operator
                  key expressions: _col0 (type: string)
                  sort order: +
                  Map-reduce partition columns: _col0 (type: string)
                  Statistics: Num rows: 500 Data size: 5312 Basic stats: COMPLETE Column stats: NONE
                  value expressions: _col1 (type: bigint)
      Reduce Operator Tree:
        Group By Operator
          aggregations: count(VALUE._col0)
          keys: KEY._col0 (type: string)
          mode: mergepartial
          outputColumnNames: _col0, _col1
          Statistics: Num rows: 250 Data size: 2656 Basic stats: COMPLETE Column stats: NONE
          File Output Operator
            compressed: false
            table:
                input format: org.apache.hadoop.mapred.SequenceFileInputFormat
                output format: org.apache.hadoop.hive.ql.io.HiveSequenceFileOutputFormat
                serde: org.apache.hadoop.hive.serde2.lazybinary.LazyBinarySerDe

  Stage: Stage-2
    Map Reduce
      Map Operator Tree:
          TableScan
            Reduce Output Operator
              key expressions: _col1 (type: bigint)
              sort order: +
              Map-reduce partition columns: _col1 (type: bigint)
              Statistics: Num rows: 250 Data size: 2656 Basic stats: COMPLETE Column stats: NONE
              value expressions: _col0 (type: string)
          TableScan
            Reduce Output Operator
              key expressions: _col0 (type: bigint)
              sort order: +
              Map-reduce partition columns: _col0 (type: bigint)
              Statistics: Num rows: 41 Data size: 435 Basic stats: COMPLETE Column stats: NONE
      Reduce Operator Tree:
        Join Operator
          condition map:
               Inner Join 0 to 1
          keys:
            0 _col1 (type: bigint)
            1 _col0 (type: bigint)
          outputColumnNames: _col0, _col1
          Statistics: Num rows: 275 Data size: 2921 Basic stats: COMPLETE Column stats: NONE
          File Output Operator
            compressed: false
            Statistics: Num rows: 275 Data size: 2921 Basic stats: COMPLETE Column stats: NONE
            table:
                input format: org.apache.hadoop.mapred.SequenceFileInputFormat
                output format: org.apache.hadoop.hive.ql.io.HiveSequenceFileOutputFormat
                serde: org.apache.hadoop.hive.serde2.lazy.LazySimpleSerDe

  Stage: Stage-3
    Map Reduce
      Map Operator Tree:
          TableScan
            alias: s1
            Statistics: Num rows: 500 Data size: 5312 Basic stats: COMPLETE Column stats: NONE
            Filter Operator
              predicate: (key > '9') (type: boolean)
              Statistics: Num rows: 166 Data size: 1763 Basic stats: COMPLETE Column stats: NONE
              Group By Operator
                aggregations: count()
                keys: key (type: string)
                mode: hash
                outputColumnNames: _col0, _col1
                Statistics: Num rows: 166 Data size: 1763 Basic stats: COMPLETE Column stats: NONE
                Reduce Output Operator
                  key expressions: _col0 (type: string)
                  sort order: +
                  Map-reduce partition columns: _col0 (type: string)
                  Statistics: Num rows: 166 Data size: 1763 Basic stats: COMPLETE Column stats: NONE
                  value expressions: _col1 (type: bigint)
      Reduce Operator Tree:
        Group By Operator
          aggregations: count(VALUE._col0)
          keys: KEY._col0 (type: string)
          mode: mergepartial
          outputColumnNames: _col0, _col1
          Statistics: Num rows: 83 Data size: 881 Basic stats: COMPLETE Column stats: NONE
          Select Operator
            expressions: _col1 (type: bigint)
            outputColumnNames: _col1
            Statistics: Num rows: 83 Data size: 881 Basic stats: COMPLETE Column stats: NONE
            Group By Operator
              keys: _col1 (type: bigint)
              mode: hash
              outputColumnNames: _col0
              Statistics: Num rows: 83 Data size: 881 Basic stats: COMPLETE Column stats: NONE
              File Output Operator
                compressed: false
                table:
                    input format: org.apache.hadoop.mapred.SequenceFileInputFormat
                    output format: org.apache.hadoop.hive.ql.io.HiveSequenceFileOutputFormat
                    serde: org.apache.hadoop.hive.serde2.lazybinary.LazyBinarySerDe

  Stage: Stage-4
    Map Reduce
      Map Operator Tree:
          TableScan
            Reduce Output Operator
              key expressions: _col0 (type: bigint)
              sort order: +
              Map-reduce partition columns: _col0 (type: bigint)
              Statistics: Num rows: 83 Data size: 881 Basic stats: COMPLETE Column stats: NONE
      Reduce Operator Tree:
        Group By Operator
          keys: KEY._col0 (type: bigint)
          mode: mergepartial
          outputColumnNames: _col0
          Statistics: Num rows: 41 Data size: 435 Basic stats: COMPLETE Column stats: NONE
          File Output Operator
            compressed: false
            table:
                input format: org.apache.hadoop.mapred.SequenceFileInputFormat
                output format: org.apache.hadoop.hive.ql.io.HiveSequenceFileOutputFormat
                serde: org.apache.hadoop.hive.serde2.lazybinary.LazyBinarySerDe

  Stage: Stage-0
    Fetch Operator
      limit: -1
      Processor Tree:
        ListSink

PREHOOK: query: select s1.key, count(*) from src s1 where s1.key > '9' group by s1.key
PREHOOK: type: QUERY
PREHOOK: Input: default@src
#### A masked pattern was here ####
POSTHOOK: query: select s1.key, count(*) from src s1 where s1.key > '9' group by s1.key
POSTHOOK: type: QUERY
POSTHOOK: Input: default@src
#### A masked pattern was here ####
90	3
92	1
95	2
96	1
97	2
98	2
PREHOOK: query: select key, count(*) 
from src 
group by key
having count(*) in (select count(*) from src s1 where s1.key = '90' group by s1.key )
PREHOOK: type: QUERY
PREHOOK: Input: default@src
#### A masked pattern was here ####
POSTHOOK: query: select key, count(*) 
from src 
group by key
having count(*) in (select count(*) from src s1 where s1.key = '90' group by s1.key )
POSTHOOK: type: QUERY
POSTHOOK: Input: default@src
#### A masked pattern was here ####
0	3
119	3
128	3
167	3
187	3
193	3
199	3
208	3
273	3
298	3
311	3
316	3
318	3
327	3
35	3
369	3
384	3
396	3
403	3
409	3
417	3
430	3
431	3
438	3
454	3
466	3
480	3
498	3
5	3
70	3
90	3
PREHOOK: query: -- non agg, corr
explain
 select key, value, count(*) 
from src b
group by key, value
having count(*) in (select count(*) from src s1 where s1.key > '9'  and s1.value = b.value group by s1.key )
PREHOOK: type: QUERY
POSTHOOK: query: -- non agg, corr
explain
 select key, value, count(*) 
from src b
group by key, value
having count(*) in (select count(*) from src s1 where s1.key > '9'  and s1.value = b.value group by s1.key )
POSTHOOK: type: QUERY
STAGE DEPENDENCIES:
  Stage-1 is a root stage
  Stage-2 depends on stages: Stage-1, Stage-5
  Stage-6 is a root stage
  Stage-3 depends on stages: Stage-6
  Stage-4 depends on stages: Stage-3
  Stage-5 depends on stages: Stage-4
  Stage-0 depends on stages: Stage-2

STAGE PLANS:
  Stage: Stage-1
    Map Reduce
      Map Operator Tree:
          TableScan
            alias: b
            Statistics: Num rows: 500 Data size: 5312 Basic stats: COMPLETE Column stats: NONE
            Select Operator
              expressions: value (type: string), key (type: string)
              outputColumnNames: value, key
              Statistics: Num rows: 500 Data size: 5312 Basic stats: COMPLETE Column stats: NONE
              Group By Operator
                aggregations: count()
                keys: value (type: string), key (type: string)
                mode: hash
                outputColumnNames: _col0, _col1, _col2
                Statistics: Num rows: 500 Data size: 5312 Basic stats: COMPLETE Column stats: NONE
                Reduce Output Operator
                  key expressions: _col0 (type: string), _col1 (type: string)
                  sort order: ++
                  Map-reduce partition columns: _col0 (type: string), _col1 (type: string)
                  Statistics: Num rows: 500 Data size: 5312 Basic stats: COMPLETE Column stats: NONE
                  value expressions: _col2 (type: bigint)
      Reduce Operator Tree:
        Group By Operator
          aggregations: count(VALUE._col0)
          keys: KEY._col0 (type: string), KEY._col1 (type: string)
          mode: mergepartial
          outputColumnNames: _col0, _col1, _col2
          Statistics: Num rows: 250 Data size: 2656 Basic stats: COMPLETE Column stats: NONE
          Select Operator
            expressions: _col1 (type: string), _col0 (type: string), _col2 (type: bigint)
            outputColumnNames: _col0, _col1, _col2
            Statistics: Num rows: 250 Data size: 2656 Basic stats: COMPLETE Column stats: NONE
            File Output Operator
              compressed: false
              table:
                  input format: org.apache.hadoop.mapred.SequenceFileInputFormat
                  output format: org.apache.hadoop.hive.ql.io.HiveSequenceFileOutputFormat
                  serde: org.apache.hadoop.hive.serde2.lazybinary.LazyBinarySerDe

  Stage: Stage-2
    Map Reduce
      Map Operator Tree:
          TableScan
            Reduce Output Operator
              key expressions: _col1 (type: string), _col2 (type: bigint)
              sort order: ++
              Map-reduce partition columns: _col1 (type: string), _col2 (type: bigint)
              Statistics: Num rows: 250 Data size: 2656 Basic stats: COMPLETE Column stats: NONE
              value expressions: _col0 (type: string)
          TableScan
            Reduce Output Operator
              key expressions: _col1 (type: string), _col0 (type: bigint)
              sort order: ++
              Map-reduce partition columns: _col1 (type: string), _col0 (type: bigint)
              Statistics: Num rows: 45 Data size: 479 Basic stats: COMPLETE Column stats: NONE
      Reduce Operator Tree:
        Join Operator
          condition map:
               Inner Join 0 to 1
          keys:
            0 _col1 (type: string), _col2 (type: bigint)
            1 _col1 (type: string), _col0 (type: bigint)
          outputColumnNames: _col0, _col1, _col2
          Statistics: Num rows: 275 Data size: 2921 Basic stats: COMPLETE Column stats: NONE
          File Output Operator
            compressed: false
            Statistics: Num rows: 275 Data size: 2921 Basic stats: COMPLETE Column stats: NONE
            table:
                input format: org.apache.hadoop.mapred.SequenceFileInputFormat
                output format: org.apache.hadoop.hive.ql.io.HiveSequenceFileOutputFormat
                serde: org.apache.hadoop.hive.serde2.lazy.LazySimpleSerDe

  Stage: Stage-6
    Map Reduce
      Map Operator Tree:
          TableScan
            alias: b
            Statistics: Num rows: 500 Data size: 5312 Basic stats: COMPLETE Column stats: NONE
            Select Operator
              expressions: value (type: string), key (type: string)
              outputColumnNames: value, key
              Statistics: Num rows: 500 Data size: 5312 Basic stats: COMPLETE Column stats: NONE
              Group By Operator
                keys: value (type: string), key (type: string)
                mode: hash
                outputColumnNames: _col0, _col1
                Statistics: Num rows: 500 Data size: 5312 Basic stats: COMPLETE Column stats: NONE
                Reduce Output Operator
                  key expressions: _col0 (type: string), _col1 (type: string)
                  sort order: ++
                  Map-reduce partition columns: _col0 (type: string)
                  Statistics: Num rows: 500 Data size: 5312 Basic stats: COMPLETE Column stats: NONE
      Reduce Operator Tree:
        Group By Operator
          keys: KEY._col0 (type: string), KEY._col1 (type: string)
          mode: mergepartial
          outputColumnNames: _col0, _col1
          Statistics: Num rows: 250 Data size: 2656 Basic stats: COMPLETE Column stats: NONE
          Select Operator
            expressions: _col0 (type: string)
            outputColumnNames: _col1
            Statistics: Num rows: 250 Data size: 2656 Basic stats: COMPLETE Column stats: NONE
            Group By Operator
              keys: _col1 (type: string)
              mode: complete
              outputColumnNames: _col0
              Statistics: Num rows: 125 Data size: 1328 Basic stats: COMPLETE Column stats: NONE
              File Output Operator
                compressed: false
                table:
                    input format: org.apache.hadoop.mapred.SequenceFileInputFormat
                    output format: org.apache.hadoop.hive.ql.io.HiveSequenceFileOutputFormat
                    serde: org.apache.hadoop.hive.serde2.lazybinary.LazyBinarySerDe

  Stage: Stage-3
    Map Reduce
      Map Operator Tree:
          TableScan
            alias: s1
            Statistics: Num rows: 500 Data size: 5312 Basic stats: COMPLETE Column stats: NONE
            Filter Operator
              predicate: (key > '9') (type: boolean)
              Statistics: Num rows: 166 Data size: 1763 Basic stats: COMPLETE Column stats: NONE
              Select Operator
                expressions: key (type: string), value (type: string)
                outputColumnNames: _col0, _col1
                Statistics: Num rows: 166 Data size: 1763 Basic stats: COMPLETE Column stats: NONE
                Reduce Output Operator
                  key expressions: _col1 (type: string)
                  sort order: +
                  Map-reduce partition columns: _col1 (type: string)
                  Statistics: Num rows: 166 Data size: 1763 Basic stats: COMPLETE Column stats: NONE
                  value expressions: _col0 (type: string)
          TableScan
            Reduce Output Operator
              key expressions: _col0 (type: string)
              sort order: +
              Map-reduce partition columns: _col0 (type: string)
              Statistics: Num rows: 125 Data size: 1328 Basic stats: COMPLETE Column stats: NONE
      Reduce Operator Tree:
        Join Operator
          condition map:
               Inner Join 0 to 1
          keys:
            0 _col1 (type: string)
            1 _col0 (type: string)
          outputColumnNames: _col0, _col2
          Statistics: Num rows: 182 Data size: 1939 Basic stats: COMPLETE Column stats: NONE
          Select Operator
            expressions: _col2 (type: string), _col0 (type: string)
            outputColumnNames: _col2, _col0
            Statistics: Num rows: 182 Data size: 1939 Basic stats: COMPLETE Column stats: NONE
            Group By Operator
              aggregations: count()
              keys: _col2 (type: string), _col0 (type: string)
              mode: hash
              outputColumnNames: _col0, _col1, _col2
              Statistics: Num rows: 182 Data size: 1939 Basic stats: COMPLETE Column stats: NONE
              File Output Operator
                compressed: false
                table:
                    input format: org.apache.hadoop.mapred.SequenceFileInputFormat
                    output format: org.apache.hadoop.hive.ql.io.HiveSequenceFileOutputFormat
                    serde: org.apache.hadoop.hive.serde2.lazybinary.LazyBinarySerDe

  Stage: Stage-4
    Map Reduce
      Map Operator Tree:
          TableScan
            Reduce Output Operator
              key expressions: _col0 (type: string), _col1 (type: string)
              sort order: ++
              Map-reduce partition columns: _col0 (type: string), _col1 (type: string)
              Statistics: Num rows: 182 Data size: 1939 Basic stats: COMPLETE Column stats: NONE
              value expressions: _col2 (type: bigint)
      Reduce Operator Tree:
        Group By Operator
          aggregations: count(VALUE._col0)
          keys: KEY._col0 (type: string), KEY._col1 (type: string)
          mode: mergepartial
          outputColumnNames: _col0, _col1, _col2
          Statistics: Num rows: 91 Data size: 969 Basic stats: COMPLETE Column stats: NONE
          Select Operator
            expressions: _col0 (type: string), _col2 (type: bigint)
            outputColumnNames: _col1, _col2
            Statistics: Num rows: 91 Data size: 969 Basic stats: COMPLETE Column stats: NONE
            Group By Operator
              keys: _col1 (type: string), _col2 (type: bigint)
              mode: hash
              outputColumnNames: _col0, _col1
              Statistics: Num rows: 91 Data size: 969 Basic stats: COMPLETE Column stats: NONE
              File Output Operator
                compressed: false
                table:
                    input format: org.apache.hadoop.mapred.SequenceFileInputFormat
                    output format: org.apache.hadoop.hive.ql.io.HiveSequenceFileOutputFormat
                    serde: org.apache.hadoop.hive.serde2.lazybinary.LazyBinarySerDe

  Stage: Stage-5
    Map Reduce
      Map Operator Tree:
          TableScan
            Reduce Output Operator
              key expressions: _col0 (type: string), _col1 (type: bigint)
              sort order: ++
              Map-reduce partition columns: _col0 (type: string), _col1 (type: bigint)
              Statistics: Num rows: 91 Data size: 969 Basic stats: COMPLETE Column stats: NONE
      Reduce Operator Tree:
        Group By Operator
          keys: KEY._col0 (type: string), KEY._col1 (type: bigint)
          mode: mergepartial
          outputColumnNames: _col0, _col1
          Statistics: Num rows: 45 Data size: 479 Basic stats: COMPLETE Column stats: NONE
          Select Operator
            expressions: _col1 (type: bigint), _col0 (type: string)
            outputColumnNames: _col0, _col1
            Statistics: Num rows: 45 Data size: 479 Basic stats: COMPLETE Column stats: NONE
            File Output Operator
              compressed: false
              table:
                  input format: org.apache.hadoop.mapred.SequenceFileInputFormat
                  output format: org.apache.hadoop.hive.ql.io.HiveSequenceFileOutputFormat
                  serde: org.apache.hadoop.hive.serde2.lazybinary.LazyBinarySerDe

  Stage: Stage-0
    Fetch Operator
      limit: -1
      Processor Tree:
        ListSink

PREHOOK: query: -- agg, non corr
explain
select p_mfgr, avg(p_size)
from part_subq b
group by b.p_mfgr
having b.p_mfgr in 
   (select p_mfgr 
    from part_subq
    group by p_mfgr
    having max(p_size) - min(p_size) < 20
   )
PREHOOK: type: QUERY
POSTHOOK: query: -- agg, non corr
explain
select p_mfgr, avg(p_size)
from part_subq b
group by b.p_mfgr
having b.p_mfgr in 
   (select p_mfgr 
    from part_subq
    group by p_mfgr
    having max(p_size) - min(p_size) < 20
   )
POSTHOOK: type: QUERY
STAGE DEPENDENCIES:
  Stage-1 is a root stage
  Stage-2 depends on stages: Stage-1, Stage-3
  Stage-3 is a root stage
  Stage-0 depends on stages: Stage-2

STAGE PLANS:
  Stage: Stage-1
    Map Reduce
      Map Operator Tree:
          TableScan
            alias: b
            Statistics: Num rows: 30 Data size: 3173 Basic stats: COMPLETE Column stats: NONE
            Select Operator
              expressions: p_mfgr (type: string), p_size (type: int)
              outputColumnNames: p_mfgr, p_size
              Statistics: Num rows: 30 Data size: 3173 Basic stats: COMPLETE Column stats: NONE
              Group By Operator
                aggregations: avg(p_size)
                keys: p_mfgr (type: string)
                mode: hash
                outputColumnNames: _col0, _col1
                Statistics: Num rows: 30 Data size: 3173 Basic stats: COMPLETE Column stats: NONE
                Reduce Output Operator
                  key expressions: _col0 (type: string)
                  sort order: +
                  Map-reduce partition columns: _col0 (type: string)
                  Statistics: Num rows: 30 Data size: 3173 Basic stats: COMPLETE Column stats: NONE
                  value expressions: _col1 (type: struct<count:bigint,sum:double,input:int>)
      Reduce Operator Tree:
        Group By Operator
          aggregations: avg(VALUE._col0)
          keys: KEY._col0 (type: string)
          mode: mergepartial
          outputColumnNames: _col0, _col1
          Statistics: Num rows: 15 Data size: 1586 Basic stats: COMPLETE Column stats: NONE
          File Output Operator
            compressed: false
            table:
                input format: org.apache.hadoop.mapred.SequenceFileInputFormat
                output format: org.apache.hadoop.hive.ql.io.HiveSequenceFileOutputFormat
                serde: org.apache.hadoop.hive.serde2.lazybinary.LazyBinarySerDe

  Stage: Stage-2
    Map Reduce
      Map Operator Tree:
          TableScan
            Reduce Output Operator
              key expressions: _col0 (type: string)
              sort order: +
              Map-reduce partition columns: _col0 (type: string)
              Statistics: Num rows: 15 Data size: 1586 Basic stats: COMPLETE Column stats: NONE
              value expressions: _col1 (type: double)
          TableScan
            Reduce Output Operator
              key expressions: _col0 (type: string)
              sort order: +
              Map-reduce partition columns: _col0 (type: string)
              Statistics: Num rows: 2 Data size: 211 Basic stats: COMPLETE Column stats: NONE
      Reduce Operator Tree:
        Join Operator
          condition map:
               Inner Join 0 to 1
          keys:
            0 _col0 (type: string)
            1 _col0 (type: string)
          outputColumnNames: _col0, _col1
          Statistics: Num rows: 16 Data size: 1744 Basic stats: COMPLETE Column stats: NONE
          File Output Operator
            compressed: false
            Statistics: Num rows: 16 Data size: 1744 Basic stats: COMPLETE Column stats: NONE
            table:
                input format: org.apache.hadoop.mapred.SequenceFileInputFormat
                output format: org.apache.hadoop.hive.ql.io.HiveSequenceFileOutputFormat
                serde: org.apache.hadoop.hive.serde2.lazy.LazySimpleSerDe

  Stage: Stage-3
    Map Reduce
      Map Operator Tree:
          TableScan
            alias: part_subq
            Statistics: Num rows: 30 Data size: 3173 Basic stats: COMPLETE Column stats: NONE
            Select Operator
              expressions: p_mfgr (type: string), p_size (type: int)
              outputColumnNames: p_mfgr, p_size
              Statistics: Num rows: 30 Data size: 3173 Basic stats: COMPLETE Column stats: NONE
              Group By Operator
                aggregations: max(p_size), min(p_size)
                keys: p_mfgr (type: string)
                mode: hash
                outputColumnNames: _col0, _col1, _col2
                Statistics: Num rows: 30 Data size: 3173 Basic stats: COMPLETE Column stats: NONE
                Reduce Output Operator
                  key expressions: _col0 (type: string)
                  sort order: +
                  Map-reduce partition columns: _col0 (type: string)
                  Statistics: Num rows: 30 Data size: 3173 Basic stats: COMPLETE Column stats: NONE
                  value expressions: _col1 (type: int), _col2 (type: int)
      Reduce Operator Tree:
        Group By Operator
          aggregations: max(VALUE._col0), min(VALUE._col1)
          keys: KEY._col0 (type: string)
          mode: mergepartial
          outputColumnNames: _col0, _col1, _col2
          Statistics: Num rows: 15 Data size: 1586 Basic stats: COMPLETE Column stats: NONE
          Filter Operator
            predicate: ((_col1 - _col2) < 20) (type: boolean)
            Statistics: Num rows: 5 Data size: 528 Basic stats: COMPLETE Column stats: NONE
            Select Operator
              expressions: _col0 (type: string)
              outputColumnNames: _col0
              Statistics: Num rows: 5 Data size: 528 Basic stats: COMPLETE Column stats: NONE
              Group By Operator
                keys: _col0 (type: string)
                mode: complete
                outputColumnNames: _col0
                Statistics: Num rows: 2 Data size: 211 Basic stats: COMPLETE Column stats: NONE
                File Output Operator
                  compressed: false
                  table:
                      input format: org.apache.hadoop.mapred.SequenceFileInputFormat
                      output format: org.apache.hadoop.hive.ql.io.HiveSequenceFileOutputFormat
                      serde: org.apache.hadoop.hive.serde2.lazybinary.LazyBinarySerDe

  Stage: Stage-0
    Fetch Operator
      limit: -1
      Processor Tree:
        ListSink

PREHOOK: query: -- agg, non corr
explain
select p_mfgr, avg(p_size)
from part_subq b
group by b.p_mfgr
having b.p_mfgr in
   (select p_mfgr
    from part_subq
    group by p_mfgr
    having max(p_size) - min(p_size) < 20
   )
PREHOOK: type: QUERY
POSTHOOK: query: -- agg, non corr
explain
select p_mfgr, avg(p_size)
from part_subq b
group by b.p_mfgr
having b.p_mfgr in
   (select p_mfgr
    from part_subq
    group by p_mfgr
    having max(p_size) - min(p_size) < 20
   )
POSTHOOK: type: QUERY
STAGE DEPENDENCIES:
  Stage-1 is a root stage
  Stage-0 depends on stages: Stage-1

STAGE PLANS:
  Stage: Stage-1
    Map Reduce
      Map Operator Tree:
          TableScan
            alias: b
            Statistics: Num rows: 30 Data size: 3173 Basic stats: COMPLETE Column stats: NONE
            Select Operator
              expressions: p_mfgr (type: string), p_size (type: int)
              outputColumnNames: p_mfgr, p_size
              Statistics: Num rows: 30 Data size: 3173 Basic stats: COMPLETE Column stats: NONE
              Group By Operator
                aggregations: avg(p_size)
                keys: p_mfgr (type: string)
                mode: hash
                outputColumnNames: _col0, _col1
                Statistics: Num rows: 30 Data size: 3173 Basic stats: COMPLETE Column stats: NONE
                Reduce Output Operator
                  key expressions: _col0 (type: string)
                  sort order: +
                  Map-reduce partition columns: _col0 (type: string)
                  Statistics: Num rows: 30 Data size: 3173 Basic stats: COMPLETE Column stats: NONE
                  value expressions: _col1 (type: struct<count:bigint,sum:double,input:int>)
          TableScan
            alias: part_subq
            Statistics: Num rows: 30 Data size: 3173 Basic stats: COMPLETE Column stats: NONE
            Select Operator
              expressions: p_mfgr (type: string), p_size (type: int)
              outputColumnNames: p_mfgr, p_size
              Statistics: Num rows: 30 Data size: 3173 Basic stats: COMPLETE Column stats: NONE
              Group By Operator
                aggregations: max(p_size), min(p_size)
                keys: p_mfgr (type: string)
                mode: hash
                outputColumnNames: _col0, _col1, _col2
                Statistics: Num rows: 30 Data size: 3173 Basic stats: COMPLETE Column stats: NONE
                Reduce Output Operator
                  key expressions: _col0 (type: string)
                  sort order: +
                  Map-reduce partition columns: _col0 (type: string)
                  Statistics: Num rows: 30 Data size: 3173 Basic stats: COMPLETE Column stats: NONE
                  value expressions: _col1 (type: int), _col2 (type: int)
      Reduce Operator Tree:
        Demux Operator
          Statistics: Num rows: 60 Data size: 6346 Basic stats: COMPLETE Column stats: NONE
          Group By Operator
            aggregations: avg(VALUE._col0)
            keys: KEY._col0 (type: string)
            mode: mergepartial
            outputColumnNames: _col0, _col1
            Statistics: Num rows: 30 Data size: 3173 Basic stats: COMPLETE Column stats: NONE
            Mux Operator
              Statistics: Num rows: 35 Data size: 3701 Basic stats: COMPLETE Column stats: NONE
              Join Operator
                condition map:
                     Inner Join 0 to 1
                keys:
                  0 _col0 (type: string)
                  1 _col0 (type: string)
                outputColumnNames: _col0, _col1
                Statistics: Num rows: 0 Data size: 0 Basic stats: NONE Column stats: NONE
                File Output Operator
                  compressed: false
                  Statistics: Num rows: 0 Data size: 0 Basic stats: NONE Column stats: NONE
                  table:
                      input format: org.apache.hadoop.mapred.SequenceFileInputFormat
                      output format: org.apache.hadoop.hive.ql.io.HiveSequenceFileOutputFormat
                      serde: org.apache.hadoop.hive.serde2.lazy.LazySimpleSerDe
          Group By Operator
            aggregations: max(VALUE._col0), min(VALUE._col1)
            keys: KEY._col0 (type: string)
            mode: mergepartial
            outputColumnNames: _col0, _col1, _col2
            Statistics: Num rows: 30 Data size: 3173 Basic stats: COMPLETE Column stats: NONE
            Filter Operator
              predicate: ((_col1 - _col2) < 20) (type: boolean)
              Statistics: Num rows: 10 Data size: 1057 Basic stats: COMPLETE Column stats: NONE
              Select Operator
                expressions: _col0 (type: string)
                outputColumnNames: _col0
                Statistics: Num rows: 10 Data size: 1057 Basic stats: COMPLETE Column stats: NONE
                Group By Operator
                  keys: _col0 (type: string)
                  mode: complete
                  outputColumnNames: _col0
                  Statistics: Num rows: 5 Data size: 528 Basic stats: COMPLETE Column stats: NONE
                  Mux Operator
                    Statistics: Num rows: 35 Data size: 3701 Basic stats: COMPLETE Column stats: NONE
                    Join Operator
                      condition map:
                           Inner Join 0 to 1
                      keys:
                        0 _col0 (type: string)
                        1 _col0 (type: string)
                      outputColumnNames: _col0, _col1
                      Statistics: Num rows: 0 Data size: 0 Basic stats: NONE Column stats: NONE
                      File Output Operator
                        compressed: false
                        Statistics: Num rows: 0 Data size: 0 Basic stats: NONE Column stats: NONE
                        table:
                            input format: org.apache.hadoop.mapred.SequenceFileInputFormat
                            output format: org.apache.hadoop.hive.ql.io.HiveSequenceFileOutputFormat
                            serde: org.apache.hadoop.hive.serde2.lazy.LazySimpleSerDe

  Stage: Stage-0
    Fetch Operator
      limit: -1
      Processor Tree:
        ListSink

PREHOOK: query: -- join on agg
select b.key, min(b.value)
from src b
group by b.key
having b.key in ( select a.key
                from src a
                where a.value > 'val_9' and a.value = min(b.value)
                )
PREHOOK: type: QUERY
PREHOOK: Input: default@src
#### A masked pattern was here ####
POSTHOOK: query: -- join on agg
select b.key, min(b.value)
from src b
group by b.key
having b.key in ( select a.key
                from src a
                where a.value > 'val_9' and a.value = min(b.value)
                )
POSTHOOK: type: QUERY
POSTHOOK: Input: default@src
#### A masked pattern was here ####
90	val_90
92	val_92
95	val_95
96	val_96
97	val_97
98	val_98
PREHOOK: query: -- where and having
-- Plan is:
-- Stage 1: b semijoin sq1:src (subquery in where)
-- Stage 2: group by Stage 1 o/p
-- Stage 5: group by on sq2:src (subquery in having)
-- Stage 6: Stage 2 o/p semijoin Stage 5
explain
select key, value, count(*) 
from src b
where b.key in (select key from src where src.key > '8')
group by key, value
having count(*) in (select count(*) from src s1 where s1.key > '9' group by s1.key )
PREHOOK: type: QUERY
POSTHOOK: query: -- where and having
-- Plan is:
-- Stage 1: b semijoin sq1:src (subquery in where)
-- Stage 2: group by Stage 1 o/p
-- Stage 5: group by on sq2:src (subquery in having)
-- Stage 6: Stage 2 o/p semijoin Stage 5
explain
select key, value, count(*) 
from src b
where b.key in (select key from src where src.key > '8')
group by key, value
having count(*) in (select count(*) from src s1 where s1.key > '9' group by s1.key )
POSTHOOK: type: QUERY
STAGE DEPENDENCIES:
  Stage-1 is a root stage
  Stage-2 depends on stages: Stage-1
  Stage-3 depends on stages: Stage-2, Stage-5
  Stage-5 is a root stage
  Stage-0 depends on stages: Stage-3

STAGE PLANS:
  Stage: Stage-1
    Map Reduce
      Map Operator Tree:
          TableScan
            alias: b
            Statistics: Num rows: 500 Data size: 5312 Basic stats: COMPLETE Column stats: NONE
            Select Operator
              expressions: key (type: string), value (type: string)
              outputColumnNames: _col0, _col1
              Statistics: Num rows: 500 Data size: 5312 Basic stats: COMPLETE Column stats: NONE
              Reduce Output Operator
                key expressions: _col0 (type: string)
                sort order: +
                Map-reduce partition columns: _col0 (type: string)
                Statistics: Num rows: 500 Data size: 5312 Basic stats: COMPLETE Column stats: NONE
                value expressions: _col1 (type: string)
          TableScan
            alias: src
            Statistics: Num rows: 500 Data size: 5312 Basic stats: COMPLETE Column stats: NONE
            Filter Operator
              predicate: (key > '8') (type: boolean)
              Statistics: Num rows: 166 Data size: 1763 Basic stats: COMPLETE Column stats: NONE
              Group By Operator
                keys: key (type: string)
                mode: hash
                outputColumnNames: _col0
                Statistics: Num rows: 166 Data size: 1763 Basic stats: COMPLETE Column stats: NONE
                Reduce Output Operator
                  key expressions: _col0 (type: string)
                  sort order: +
                  Map-reduce partition columns: _col0 (type: string)
                  Statistics: Num rows: 166 Data size: 1763 Basic stats: COMPLETE Column stats: NONE
      Reduce Operator Tree:
        Demux Operator
          Statistics: Num rows: 666 Data size: 7075 Basic stats: COMPLETE Column stats: NONE
          Mux Operator
            Statistics: Num rows: 999 Data size: 10612 Basic stats: COMPLETE Column stats: NONE
            Join Operator
              condition map:
                   Inner Join 0 to 1
              keys:
                0 _col0 (type: string)
                1 _col0 (type: string)
              outputColumnNames: _col0, _col1
              Statistics: Num rows: 0 Data size: 0 Basic stats: NONE Column stats: NONE
              Group By Operator
                aggregations: count()
                keys: _col0 (type: string), _col1 (type: string)
                mode: hash
                outputColumnNames: _col0, _col1, _col2
                Statistics: Num rows: 1 Data size: 0 Basic stats: PARTIAL Column stats: NONE
                File Output Operator
                  compressed: false
                  table:
                      input format: org.apache.hadoop.mapred.SequenceFileInputFormat
                      output format: org.apache.hadoop.hive.ql.io.HiveSequenceFileOutputFormat
                      serde: org.apache.hadoop.hive.serde2.lazybinary.LazyBinarySerDe
          Group By Operator
            keys: KEY._col0 (type: string)
            mode: mergepartial
            outputColumnNames: _col0
            Statistics: Num rows: 333 Data size: 3537 Basic stats: COMPLETE Column stats: NONE
            Mux Operator
              Statistics: Num rows: 999 Data size: 10612 Basic stats: COMPLETE Column stats: NONE
              Join Operator
                condition map:
                     Inner Join 0 to 1
                keys:
                  0 _col0 (type: string)
                  1 _col0 (type: string)
                outputColumnNames: _col0, _col1
                Statistics: Num rows: 0 Data size: 0 Basic stats: NONE Column stats: NONE
                Group By Operator
                  aggregations: count()
                  keys: _col0 (type: string), _col1 (type: string)
                  mode: hash
                  outputColumnNames: _col0, _col1, _col2
                  Statistics: Num rows: 1 Data size: 0 Basic stats: PARTIAL Column stats: NONE
                  File Output Operator
                    compressed: false
                    table:
                        input format: org.apache.hadoop.mapred.SequenceFileInputFormat
                        output format: org.apache.hadoop.hive.ql.io.HiveSequenceFileOutputFormat
                        serde: org.apache.hadoop.hive.serde2.lazybinary.LazyBinarySerDe

  Stage: Stage-2
    Map Reduce
      Map Operator Tree:
          TableScan
            Reduce Output Operator
              key expressions: _col0 (type: string), _col1 (type: string)
              sort order: ++
              Map-reduce partition columns: _col0 (type: string), _col1 (type: string)
              Statistics: Num rows: 1 Data size: 0 Basic stats: PARTIAL Column stats: NONE
              value expressions: _col2 (type: bigint)
      Reduce Operator Tree:
        Group By Operator
          aggregations: count(VALUE._col0)
          keys: KEY._col0 (type: string), KEY._col1 (type: string)
          mode: mergepartial
          outputColumnNames: _col0, _col1, _col2
          Statistics: Num rows: 1 Data size: 0 Basic stats: PARTIAL Column stats: NONE
          File Output Operator
            compressed: false
            table:
                input format: org.apache.hadoop.mapred.SequenceFileInputFormat
                output format: org.apache.hadoop.hive.ql.io.HiveSequenceFileOutputFormat
                serde: org.apache.hadoop.hive.serde2.lazybinary.LazyBinarySerDe

  Stage: Stage-3
    Map Reduce
      Map Operator Tree:
          TableScan
            Reduce Output Operator
              key expressions: _col2 (type: bigint)
              sort order: +
              Map-reduce partition columns: _col2 (type: bigint)
              Statistics: Num rows: 1 Data size: 0 Basic stats: PARTIAL Column stats: NONE
              value expressions: _col0 (type: string), _col1 (type: string)
          TableScan
            Reduce Output Operator
              key expressions: _col0 (type: bigint)
              sort order: +
              Map-reduce partition columns: _col0 (type: bigint)
              Statistics: Num rows: 83 Data size: 881 Basic stats: COMPLETE Column stats: NONE
      Reduce Operator Tree:
        Demux Operator
          Statistics: Num rows: 84 Data size: 881 Basic stats: COMPLETE Column stats: NONE
          Mux Operator
            Statistics: Num rows: 126 Data size: 1321 Basic stats: COMPLETE Column stats: NONE
            Join Operator
              condition map:
                   Inner Join 0 to 1
              keys:
                0 _col2 (type: bigint)
                1 _col0 (type: bigint)
              outputColumnNames: _col0, _col1, _col2
              Statistics: Num rows: 0 Data size: 0 Basic stats: NONE Column stats: NONE
              File Output Operator
                compressed: false
                Statistics: Num rows: 0 Data size: 0 Basic stats: NONE Column stats: NONE
                table:
                    input format: org.apache.hadoop.mapred.SequenceFileInputFormat
                    output format: org.apache.hadoop.hive.ql.io.HiveSequenceFileOutputFormat
                    serde: org.apache.hadoop.hive.serde2.lazy.LazySimpleSerDe
          Group By Operator
            keys: KEY._col0 (type: bigint)
            mode: mergepartial
            outputColumnNames: _col0
            Statistics: Num rows: 42 Data size: 440 Basic stats: COMPLETE Column stats: NONE
            Mux Operator
              Statistics: Num rows: 126 Data size: 1321 Basic stats: COMPLETE Column stats: NONE
              Join Operator
                condition map:
                     Inner Join 0 to 1
                keys:
                  0 _col2 (type: bigint)
                  1 _col0 (type: bigint)
                outputColumnNames: _col0, _col1, _col2
                Statistics: Num rows: 0 Data size: 0 Basic stats: NONE Column stats: NONE
                File Output Operator
                  compressed: false
                  Statistics: Num rows: 0 Data size: 0 Basic stats: NONE Column stats: NONE
                  table:
                      input format: org.apache.hadoop.mapred.SequenceFileInputFormat
                      output format: org.apache.hadoop.hive.ql.io.HiveSequenceFileOutputFormat
                      serde: org.apache.hadoop.hive.serde2.lazy.LazySimpleSerDe

  Stage: Stage-5
    Map Reduce
      Map Operator Tree:
          TableScan
            alias: s1
            Statistics: Num rows: 500 Data size: 5312 Basic stats: COMPLETE Column stats: NONE
            Filter Operator
              predicate: (key > '9') (type: boolean)
              Statistics: Num rows: 166 Data size: 1763 Basic stats: COMPLETE Column stats: NONE
              Group By Operator
                aggregations: count()
                keys: key (type: string)
                mode: hash
                outputColumnNames: _col0, _col1
                Statistics: Num rows: 166 Data size: 1763 Basic stats: COMPLETE Column stats: NONE
                Reduce Output Operator
                  key expressions: _col0 (type: string)
                  sort order: +
                  Map-reduce partition columns: _col0 (type: string)
                  Statistics: Num rows: 166 Data size: 1763 Basic stats: COMPLETE Column stats: NONE
                  value expressions: _col1 (type: bigint)
      Reduce Operator Tree:
        Group By Operator
          aggregations: count(VALUE._col0)
          keys: KEY._col0 (type: string)
          mode: mergepartial
          outputColumnNames: _col0, _col1
          Statistics: Num rows: 83 Data size: 881 Basic stats: COMPLETE Column stats: NONE
          Select Operator
            expressions: _col1 (type: bigint)
            outputColumnNames: _col1
            Statistics: Num rows: 83 Data size: 881 Basic stats: COMPLETE Column stats: NONE
            Group By Operator
              keys: _col1 (type: bigint)
              mode: hash
              outputColumnNames: _col0
              Statistics: Num rows: 83 Data size: 881 Basic stats: COMPLETE Column stats: NONE
              File Output Operator
                compressed: false
                table:
                    input format: org.apache.hadoop.mapred.SequenceFileInputFormat
                    output format: org.apache.hadoop.hive.ql.io.HiveSequenceFileOutputFormat
                    serde: org.apache.hadoop.hive.serde2.lazybinary.LazyBinarySerDe

  Stage: Stage-0
    Fetch Operator
      limit: -1
      Processor Tree:
        ListSink

PREHOOK: query: select key, value, count(*)
from src b
where b.key in (select key from src where src.key > '8')
group by key, value
having count(*) in (select count(*) from src s1 where s1.key > '9' group by s1.key )
PREHOOK: type: QUERY
PREHOOK: Input: default@src
#### A masked pattern was here ####
POSTHOOK: query: select key, value, count(*)
from src b
where b.key in (select key from src where src.key > '8')
group by key, value
having count(*) in (select count(*) from src s1 where s1.key > '9' group by s1.key )
POSTHOOK: type: QUERY
POSTHOOK: Input: default@src
#### A masked pattern was here ####
80	val_80	1
82	val_82	1
83	val_83	2
84	val_84	2
85	val_85	1
86	val_86	1
87	val_87	1
9	val_9	1
90	val_90	3
92	val_92	1
95	val_95	2
96	val_96	1
97	val_97	2
98	val_98	2
PREHOOK: query: -- Plan is:
-- Stage  5: group by on sq2:src (subquery in having)
-- Stage 10: hashtable for sq1:src (subquery in where)
-- Stage  2: b map-side semijoin Stage 10 o/p
-- Stage  3: Stage 2 semijoin Stage 5
-- Stage  9: construct hastable for Stage 5 o/p
-- Stage  6: Stage 2 map-side semijoin Stage 9
explain
select key, value, count(*) 
from src b
where b.key in (select key from src where src.key > '8')
group by key, value
having count(*) in (select count(*) from src s1 where s1.key > '9' group by s1.key )
PREHOOK: type: QUERY
POSTHOOK: query: -- Plan is:
-- Stage  5: group by on sq2:src (subquery in having)
-- Stage 10: hashtable for sq1:src (subquery in where)
-- Stage  2: b map-side semijoin Stage 10 o/p
-- Stage  3: Stage 2 semijoin Stage 5
-- Stage  9: construct hastable for Stage 5 o/p
-- Stage  6: Stage 2 map-side semijoin Stage 9
explain
select key, value, count(*) 
from src b
where b.key in (select key from src where src.key > '8')
group by key, value
having count(*) in (select count(*) from src s1 where s1.key > '9' group by s1.key )
POSTHOOK: type: QUERY
STAGE DEPENDENCIES:
  Stage-1 is a root stage
  Stage-2 depends on stages: Stage-1
  Stage-3 depends on stages: Stage-2, Stage-5
  Stage-5 is a root stage
  Stage-0 depends on stages: Stage-3

STAGE PLANS:
  Stage: Stage-1
    Map Reduce
      Map Operator Tree:
          TableScan
            alias: b
            Statistics: Num rows: 500 Data size: 5312 Basic stats: COMPLETE Column stats: NONE
            Select Operator
              expressions: key (type: string), value (type: string)
              outputColumnNames: _col0, _col1
              Statistics: Num rows: 500 Data size: 5312 Basic stats: COMPLETE Column stats: NONE
              Reduce Output Operator
                key expressions: _col0 (type: string)
                sort order: +
                Map-reduce partition columns: _col0 (type: string)
                Statistics: Num rows: 500 Data size: 5312 Basic stats: COMPLETE Column stats: NONE
                value expressions: _col1 (type: string)
          TableScan
            alias: src
            Statistics: Num rows: 500 Data size: 5312 Basic stats: COMPLETE Column stats: NONE
            Filter Operator
              predicate: (key > '8') (type: boolean)
              Statistics: Num rows: 166 Data size: 1763 Basic stats: COMPLETE Column stats: NONE
              Group By Operator
                keys: key (type: string)
                mode: hash
                outputColumnNames: _col0
                Statistics: Num rows: 166 Data size: 1763 Basic stats: COMPLETE Column stats: NONE
                Reduce Output Operator
                  key expressions: _col0 (type: string)
                  sort order: +
                  Map-reduce partition columns: _col0 (type: string)
                  Statistics: Num rows: 166 Data size: 1763 Basic stats: COMPLETE Column stats: NONE
      Reduce Operator Tree:
        Demux Operator
          Statistics: Num rows: 666 Data size: 7075 Basic stats: COMPLETE Column stats: NONE
          Mux Operator
            Statistics: Num rows: 999 Data size: 10612 Basic stats: COMPLETE Column stats: NONE
            Join Operator
              condition map:
                   Inner Join 0 to 1
              keys:
                0 _col0 (type: string)
                1 _col0 (type: string)
              outputColumnNames: _col0, _col1
              Statistics: Num rows: 0 Data size: 0 Basic stats: NONE Column stats: NONE
              Group By Operator
                aggregations: count()
                keys: _col0 (type: string), _col1 (type: string)
                mode: hash
                outputColumnNames: _col0, _col1, _col2
                Statistics: Num rows: 1 Data size: 0 Basic stats: PARTIAL Column stats: NONE
                File Output Operator
                  compressed: false
                  table:
                      input format: org.apache.hadoop.mapred.SequenceFileInputFormat
                      output format: org.apache.hadoop.hive.ql.io.HiveSequenceFileOutputFormat
                      serde: org.apache.hadoop.hive.serde2.lazybinary.LazyBinarySerDe
          Group By Operator
            keys: KEY._col0 (type: string)
            mode: mergepartial
            outputColumnNames: _col0
            Statistics: Num rows: 333 Data size: 3537 Basic stats: COMPLETE Column stats: NONE
            Mux Operator
              Statistics: Num rows: 999 Data size: 10612 Basic stats: COMPLETE Column stats: NONE
              Join Operator
                condition map:
                     Inner Join 0 to 1
                keys:
                  0 _col0 (type: string)
                  1 _col0 (type: string)
                outputColumnNames: _col0, _col1
                Statistics: Num rows: 0 Data size: 0 Basic stats: NONE Column stats: NONE
                Group By Operator
                  aggregations: count()
                  keys: _col0 (type: string), _col1 (type: string)
                  mode: hash
                  outputColumnNames: _col0, _col1, _col2
                  Statistics: Num rows: 1 Data size: 0 Basic stats: PARTIAL Column stats: NONE
                  File Output Operator
                    compressed: false
                    table:
                        input format: org.apache.hadoop.mapred.SequenceFileInputFormat
                        output format: org.apache.hadoop.hive.ql.io.HiveSequenceFileOutputFormat
                        serde: org.apache.hadoop.hive.serde2.lazybinary.LazyBinarySerDe

  Stage: Stage-2
    Map Reduce
      Map Operator Tree:
          TableScan
            Reduce Output Operator
              key expressions: _col0 (type: string), _col1 (type: string)
              sort order: ++
              Map-reduce partition columns: _col0 (type: string), _col1 (type: string)
              Statistics: Num rows: 1 Data size: 0 Basic stats: PARTIAL Column stats: NONE
              value expressions: _col2 (type: bigint)
      Reduce Operator Tree:
        Group By Operator
          aggregations: count(VALUE._col0)
          keys: KEY._col0 (type: string), KEY._col1 (type: string)
          mode: mergepartial
          outputColumnNames: _col0, _col1, _col2
          Statistics: Num rows: 1 Data size: 0 Basic stats: PARTIAL Column stats: NONE
          File Output Operator
            compressed: false
            table:
                input format: org.apache.hadoop.mapred.SequenceFileInputFormat
                output format: org.apache.hadoop.hive.ql.io.HiveSequenceFileOutputFormat
                serde: org.apache.hadoop.hive.serde2.lazybinary.LazyBinarySerDe

  Stage: Stage-3
    Map Reduce
      Map Operator Tree:
          TableScan
            Reduce Output Operator
              key expressions: _col2 (type: bigint)
              sort order: +
              Map-reduce partition columns: _col2 (type: bigint)
              Statistics: Num rows: 1 Data size: 0 Basic stats: PARTIAL Column stats: NONE
              value expressions: _col0 (type: string), _col1 (type: string)
          TableScan
            Reduce Output Operator
              key expressions: _col0 (type: bigint)
              sort order: +
              Map-reduce partition columns: _col0 (type: bigint)
              Statistics: Num rows: 83 Data size: 881 Basic stats: COMPLETE Column stats: NONE
      Reduce Operator Tree:
        Demux Operator
          Statistics: Num rows: 84 Data size: 881 Basic stats: COMPLETE Column stats: NONE
          Mux Operator
            Statistics: Num rows: 126 Data size: 1321 Basic stats: COMPLETE Column stats: NONE
            Join Operator
              condition map:
                   Inner Join 0 to 1
              keys:
                0 _col2 (type: bigint)
                1 _col0 (type: bigint)
              outputColumnNames: _col0, _col1, _col2
              Statistics: Num rows: 0 Data size: 0 Basic stats: NONE Column stats: NONE
              File Output Operator
                compressed: false
                Statistics: Num rows: 0 Data size: 0 Basic stats: NONE Column stats: NONE
                table:
                    input format: org.apache.hadoop.mapred.SequenceFileInputFormat
                    output format: org.apache.hadoop.hive.ql.io.HiveSequenceFileOutputFormat
                    serde: org.apache.hadoop.hive.serde2.lazy.LazySimpleSerDe
          Group By Operator
            keys: KEY._col0 (type: bigint)
            mode: mergepartial
            outputColumnNames: _col0
            Statistics: Num rows: 42 Data size: 440 Basic stats: COMPLETE Column stats: NONE
            Mux Operator
              Statistics: Num rows: 126 Data size: 1321 Basic stats: COMPLETE Column stats: NONE
              Join Operator
                condition map:
                     Inner Join 0 to 1
                keys:
                  0 _col2 (type: bigint)
                  1 _col0 (type: bigint)
                outputColumnNames: _col0, _col1, _col2
                Statistics: Num rows: 0 Data size: 0 Basic stats: NONE Column stats: NONE
                File Output Operator
                  compressed: false
                  Statistics: Num rows: 0 Data size: 0 Basic stats: NONE Column stats: NONE
                  table:
                      input format: org.apache.hadoop.mapred.SequenceFileInputFormat
                      output format: org.apache.hadoop.hive.ql.io.HiveSequenceFileOutputFormat
                      serde: org.apache.hadoop.hive.serde2.lazy.LazySimpleSerDe

  Stage: Stage-5
    Map Reduce
      Map Operator Tree:
          TableScan
            alias: s1
            Statistics: Num rows: 500 Data size: 5312 Basic stats: COMPLETE Column stats: NONE
            Filter Operator
              predicate: (key > '9') (type: boolean)
              Statistics: Num rows: 166 Data size: 1763 Basic stats: COMPLETE Column stats: NONE
              Group By Operator
                aggregations: count()
                keys: key (type: string)
                mode: hash
                outputColumnNames: _col0, _col1
                Statistics: Num rows: 166 Data size: 1763 Basic stats: COMPLETE Column stats: NONE
                Reduce Output Operator
                  key expressions: _col0 (type: string)
                  sort order: +
                  Map-reduce partition columns: _col0 (type: string)
                  Statistics: Num rows: 166 Data size: 1763 Basic stats: COMPLETE Column stats: NONE
                  value expressions: _col1 (type: bigint)
      Reduce Operator Tree:
        Group By Operator
          aggregations: count(VALUE._col0)
          keys: KEY._col0 (type: string)
          mode: mergepartial
          outputColumnNames: _col0, _col1
          Statistics: Num rows: 83 Data size: 881 Basic stats: COMPLETE Column stats: NONE
          Select Operator
            expressions: _col1 (type: bigint)
            outputColumnNames: _col1
            Statistics: Num rows: 83 Data size: 881 Basic stats: COMPLETE Column stats: NONE
            Group By Operator
              keys: _col1 (type: bigint)
              mode: hash
              outputColumnNames: _col0
              Statistics: Num rows: 83 Data size: 881 Basic stats: COMPLETE Column stats: NONE
              File Output Operator
                compressed: false
                table:
                    input format: org.apache.hadoop.mapred.SequenceFileInputFormat
                    output format: org.apache.hadoop.hive.ql.io.HiveSequenceFileOutputFormat
                    serde: org.apache.hadoop.hive.serde2.lazybinary.LazyBinarySerDe

  Stage: Stage-0
    Fetch Operator
      limit: -1
      Processor Tree:
        ListSink

PREHOOK: query: -- both having and where corr
explain
select key, value, count(*)
from src b
where b.key in (select key from src where src.value = b.value)
group by key, value
having count(*) in (select count(*) from src s1 where s1.key > '9' and s1.value = b.value group by s1.key )
PREHOOK: type: QUERY
POSTHOOK: query: -- both having and where corr
explain
select key, value, count(*)
from src b
where b.key in (select key from src where src.value = b.value)
group by key, value
having count(*) in (select count(*) from src s1 where s1.key > '9' and s1.value = b.value group by s1.key )
POSTHOOK: type: QUERY
STAGE DEPENDENCIES:
  Stage-3 is a root stage
  Stage-1 depends on stages: Stage-3
  Stage-2 depends on stages: Stage-1, Stage-6
  Stage-9 is a root stage
  Stage-7 depends on stages: Stage-9
  Stage-8 depends on stages: Stage-7
  Stage-12 depends on stages: Stage-8
  Stage-6 depends on stages: Stage-12
  Stage-0 depends on stages: Stage-2

STAGE PLANS:
  Stage: Stage-3
    Map Reduce
      Map Operator Tree:
          TableScan
            alias: src
            Statistics: Num rows: 500 Data size: 5312 Basic stats: COMPLETE Column stats: NONE
            Select Operator
              expressions: key (type: string), value (type: string)
              outputColumnNames: _col0, _col1
              Statistics: Num rows: 500 Data size: 5312 Basic stats: COMPLETE Column stats: NONE
              Reduce Output Operator
                key expressions: _col1 (type: string)
                sort order: +
                Map-reduce partition columns: _col1 (type: string)
                Statistics: Num rows: 500 Data size: 5312 Basic stats: COMPLETE Column stats: NONE
                value expressions: _col0 (type: string)
          TableScan
            alias: b
            Statistics: Num rows: 500 Data size: 5312 Basic stats: COMPLETE Column stats: NONE
            Select Operator
              expressions: value (type: string)
              outputColumnNames: value
              Statistics: Num rows: 500 Data size: 5312 Basic stats: COMPLETE Column stats: NONE
              Group By Operator
                keys: value (type: string)
                mode: hash
                outputColumnNames: _col0
                Statistics: Num rows: 500 Data size: 5312 Basic stats: COMPLETE Column stats: NONE
                Reduce Output Operator
                  key expressions: _col0 (type: string)
                  sort order: +
                  Map-reduce partition columns: _col0 (type: string)
                  Statistics: Num rows: 500 Data size: 5312 Basic stats: COMPLETE Column stats: NONE
      Reduce Operator Tree:
        Demux Operator
          Statistics: Num rows: 1000 Data size: 10624 Basic stats: COMPLETE Column stats: NONE
          Mux Operator
            Statistics: Num rows: 1500 Data size: 15936 Basic stats: COMPLETE Column stats: NONE
            Join Operator
              condition map:
                   Inner Join 0 to 1
              keys:
                0 _col1 (type: string)
                1 _col0 (type: string)
              outputColumnNames: _col0, _col2
              Statistics: Num rows: 0 Data size: 0 Basic stats: NONE Column stats: NONE
              Select Operator
                expressions: _col2 (type: string), _col0 (type: string)
                outputColumnNames: _col2, _col0
                Statistics: Num rows: 0 Data size: 0 Basic stats: NONE Column stats: NONE
                Group By Operator
                  keys: _col2 (type: string), _col0 (type: string)
                  mode: hash
                  outputColumnNames: _col0, _col1
                  Statistics: Num rows: 1 Data size: 0 Basic stats: PARTIAL Column stats: NONE
                  File Output Operator
                    compressed: false
                    table:
                        input format: org.apache.hadoop.mapred.SequenceFileInputFormat
                        output format: org.apache.hadoop.hive.ql.io.HiveSequenceFileOutputFormat
                        serde: org.apache.hadoop.hive.serde2.lazybinary.LazyBinarySerDe
          Group By Operator
            keys: KEY._col0 (type: string)
            mode: mergepartial
            outputColumnNames: _col0
            Statistics: Num rows: 500 Data size: 5312 Basic stats: COMPLETE Column stats: NONE
            Mux Operator
              Statistics: Num rows: 1500 Data size: 15936 Basic stats: COMPLETE Column stats: NONE
              Join Operator
                condition map:
                     Inner Join 0 to 1
                keys:
                  0 _col1 (type: string)
                  1 _col0 (type: string)
                outputColumnNames: _col0, _col2
                Statistics: Num rows: 0 Data size: 0 Basic stats: NONE Column stats: NONE
                Select Operator
                  expressions: _col2 (type: string), _col0 (type: string)
                  outputColumnNames: _col2, _col0
                  Statistics: Num rows: 0 Data size: 0 Basic stats: NONE Column stats: NONE
                  Group By Operator
                    keys: _col2 (type: string), _col0 (type: string)
                    mode: hash
                    outputColumnNames: _col0, _col1
                    Statistics: Num rows: 1 Data size: 0 Basic stats: PARTIAL Column stats: NONE
                    File Output Operator
                      compressed: false
                      table:
                          input format: org.apache.hadoop.mapred.SequenceFileInputFormat
                          output format: org.apache.hadoop.hive.ql.io.HiveSequenceFileOutputFormat
                          serde: org.apache.hadoop.hive.serde2.lazybinary.LazyBinarySerDe

  Stage: Stage-1
    Map Reduce
      Map Operator Tree:
          TableScan
            alias: b
            Statistics: Num rows: 500 Data size: 5312 Basic stats: COMPLETE Column stats: NONE
            Select Operator
              expressions: key (type: string), value (type: string)
              outputColumnNames: _col0, _col1
              Statistics: Num rows: 500 Data size: 5312 Basic stats: COMPLETE Column stats: NONE
              Reduce Output Operator
                key expressions: _col1 (type: string), _col0 (type: string)
                sort order: ++
                Map-reduce partition columns: _col1 (type: string), _col0 (type: string)
                Statistics: Num rows: 500 Data size: 5312 Basic stats: COMPLETE Column stats: NONE
          TableScan
            Reduce Output Operator
              key expressions: _col0 (type: string), _col1 (type: string)
              sort order: ++
              Map-reduce partition columns: _col0 (type: string), _col1 (type: string)
              Statistics: Num rows: 1 Data size: 0 Basic stats: PARTIAL Column stats: NONE
      Reduce Operator Tree:
        Demux Operator
          Statistics: Num rows: 501 Data size: 5312 Basic stats: COMPLETE Column stats: NONE
          Mux Operator
            Statistics: Num rows: 751 Data size: 7962 Basic stats: COMPLETE Column stats: NONE
            Join Operator
              condition map:
                   Inner Join 0 to 1
              keys:
                0 _col1 (type: string), _col0 (type: string)
                1 _col1 (type: string), _col0 (type: string)
              outputColumnNames: _col0, _col1
              Statistics: Num rows: 0 Data size: 0 Basic stats: NONE Column stats: NONE
              Select Operator
                expressions: _col1 (type: string), _col0 (type: string)
                outputColumnNames: _col1, _col0
                Statistics: Num rows: 0 Data size: 0 Basic stats: NONE Column stats: NONE
                Mux Operator
                  Statistics: Num rows: 0 Data size: 0 Basic stats: NONE Column stats: NONE
                  Group By Operator
                    aggregations: count()
                    keys: _col1 (type: string), _col0 (type: string)
                    mode: complete
                    outputColumnNames: _col0, _col1, _col2
                    Statistics: Num rows: 1 Data size: 0 Basic stats: PARTIAL Column stats: NONE
                    Select Operator
                      expressions: _col1 (type: string), _col0 (type: string), _col2 (type: bigint)
                      outputColumnNames: _col0, _col1, _col2
                      Statistics: Num rows: 1 Data size: 0 Basic stats: PARTIAL Column stats: NONE
                      File Output Operator
                        compressed: false
                        table:
                            input format: org.apache.hadoop.mapred.SequenceFileInputFormat
                            output format: org.apache.hadoop.hive.ql.io.HiveSequenceFileOutputFormat
                            serde: org.apache.hadoop.hive.serde2.lazybinary.LazyBinarySerDe
          Group By Operator
            keys: KEY._col0 (type: string), KEY._col1 (type: string)
            mode: mergepartial
            outputColumnNames: _col0, _col1
            Statistics: Num rows: 250 Data size: 2650 Basic stats: COMPLETE Column stats: NONE
            Select Operator
              expressions: _col1 (type: string), _col0 (type: string)
              outputColumnNames: _col0, _col1
              Statistics: Num rows: 250 Data size: 2650 Basic stats: COMPLETE Column stats: NONE
              Mux Operator
                Statistics: Num rows: 751 Data size: 7962 Basic stats: COMPLETE Column stats: NONE
                Join Operator
                  condition map:
                       Inner Join 0 to 1
                  keys:
                    0 _col1 (type: string), _col0 (type: string)
                    1 _col1 (type: string), _col0 (type: string)
                  outputColumnNames: _col0, _col1
                  Statistics: Num rows: 0 Data size: 0 Basic stats: NONE Column stats: NONE
                  Select Operator
                    expressions: _col1 (type: string), _col0 (type: string)
                    outputColumnNames: _col1, _col0
                    Statistics: Num rows: 0 Data size: 0 Basic stats: NONE Column stats: NONE
                    Mux Operator
                      Statistics: Num rows: 0 Data size: 0 Basic stats: NONE Column stats: NONE
                      Group By Operator
                        aggregations: count()
                        keys: _col1 (type: string), _col0 (type: string)
                        mode: complete
                        outputColumnNames: _col0, _col1, _col2
                        Statistics: Num rows: 1 Data size: 0 Basic stats: PARTIAL Column stats: NONE
                        Select Operator
                          expressions: _col1 (type: string), _col0 (type: string), _col2 (type: bigint)
                          outputColumnNames: _col0, _col1, _col2
                          Statistics: Num rows: 1 Data size: 0 Basic stats: PARTIAL Column stats: NONE
                          File Output Operator
                            compressed: false
                            table:
                                input format: org.apache.hadoop.mapred.SequenceFileInputFormat
                                output format: org.apache.hadoop.hive.ql.io.HiveSequenceFileOutputFormat
                                serde: org.apache.hadoop.hive.serde2.lazybinary.LazyBinarySerDe

  Stage: Stage-2
    Map Reduce
      Map Operator Tree:
          TableScan
            Reduce Output Operator
              key expressions: _col1 (type: string), _col2 (type: bigint)
              sort order: ++
              Map-reduce partition columns: _col1 (type: string), _col2 (type: bigint)
              Statistics: Num rows: 1 Data size: 0 Basic stats: PARTIAL Column stats: NONE
              value expressions: _col0 (type: string)
          TableScan
            Reduce Output Operator
              key expressions: _col0 (type: string), _col1 (type: bigint)
              sort order: ++
              Map-reduce partition columns: _col0 (type: string), _col1 (type: bigint)
              Statistics: Num rows: 91 Data size: 969 Basic stats: COMPLETE Column stats: NONE
      Reduce Operator Tree:
        Demux Operator
          Statistics: Num rows: 92 Data size: 969 Basic stats: COMPLETE Column stats: NONE
          Mux Operator
            Statistics: Num rows: 138 Data size: 1453 Basic stats: COMPLETE Column stats: NONE
            Join Operator
              condition map:
                   Inner Join 0 to 1
              keys:
                0 _col1 (type: string), _col2 (type: bigint)
                1 _col1 (type: string), _col0 (type: bigint)
              outputColumnNames: _col0, _col1, _col2
              Statistics: Num rows: 0 Data size: 0 Basic stats: NONE Column stats: NONE
              File Output Operator
                compressed: false
                Statistics: Num rows: 0 Data size: 0 Basic stats: NONE Column stats: NONE
                table:
                    input format: org.apache.hadoop.mapred.SequenceFileInputFormat
                    output format: org.apache.hadoop.hive.ql.io.HiveSequenceFileOutputFormat
                    serde: org.apache.hadoop.hive.serde2.lazy.LazySimpleSerDe
          Group By Operator
            keys: KEY._col0 (type: string), KEY._col1 (type: bigint)
            mode: mergepartial
            outputColumnNames: _col0, _col1
            Statistics: Num rows: 46 Data size: 484 Basic stats: COMPLETE Column stats: NONE
            Select Operator
              expressions: _col1 (type: bigint), _col0 (type: string)
              outputColumnNames: _col0, _col1
              Statistics: Num rows: 46 Data size: 484 Basic stats: COMPLETE Column stats: NONE
              Mux Operator
                Statistics: Num rows: 138 Data size: 1453 Basic stats: COMPLETE Column stats: NONE
                Join Operator
                  condition map:
                       Inner Join 0 to 1
                  keys:
                    0 _col1 (type: string), _col2 (type: bigint)
                    1 _col1 (type: string), _col0 (type: bigint)
                  outputColumnNames: _col0, _col1, _col2
                  Statistics: Num rows: 0 Data size: 0 Basic stats: NONE Column stats: NONE
                  File Output Operator
                    compressed: false
                    Statistics: Num rows: 0 Data size: 0 Basic stats: NONE Column stats: NONE
                    table:
                        input format: org.apache.hadoop.mapred.SequenceFileInputFormat
                        output format: org.apache.hadoop.hive.ql.io.HiveSequenceFileOutputFormat
                        serde: org.apache.hadoop.hive.serde2.lazy.LazySimpleSerDe

  Stage: Stage-9
    Map Reduce
      Map Operator Tree:
          TableScan
            alias: src
            Statistics: Num rows: 500 Data size: 5312 Basic stats: COMPLETE Column stats: NONE
            Select Operator
              expressions: key (type: string), value (type: string)
              outputColumnNames: _col0, _col1
              Statistics: Num rows: 500 Data size: 5312 Basic stats: COMPLETE Column stats: NONE
              Reduce Output Operator
                key expressions: _col1 (type: string)
                sort order: +
                Map-reduce partition columns: _col1 (type: string)
                Statistics: Num rows: 500 Data size: 5312 Basic stats: COMPLETE Column stats: NONE
                value expressions: _col0 (type: string)
          TableScan
            alias: b
            Statistics: Num rows: 500 Data size: 5312 Basic stats: COMPLETE Column stats: NONE
            Select Operator
              expressions: value (type: string)
              outputColumnNames: value
              Statistics: Num rows: 500 Data size: 5312 Basic stats: COMPLETE Column stats: NONE
              Group By Operator
                keys: value (type: string)
                mode: hash
                outputColumnNames: _col0
                Statistics: Num rows: 500 Data size: 5312 Basic stats: COMPLETE Column stats: NONE
                Reduce Output Operator
                  key expressions: _col0 (type: string)
                  sort order: +
                  Map-reduce partition columns: _col0 (type: string)
                  Statistics: Num rows: 500 Data size: 5312 Basic stats: COMPLETE Column stats: NONE
      Reduce Operator Tree:
        Demux Operator
          Statistics: Num rows: 1000 Data size: 10624 Basic stats: COMPLETE Column stats: NONE
          Mux Operator
            Statistics: Num rows: 1500 Data size: 15936 Basic stats: COMPLETE Column stats: NONE
            Join Operator
              condition map:
                   Inner Join 0 to 1
              keys:
                0 _col1 (type: string)
                1 _col0 (type: string)
              outputColumnNames: _col0, _col2
              Statistics: Num rows: 0 Data size: 0 Basic stats: NONE Column stats: NONE
              Select Operator
                expressions: _col2 (type: string), _col0 (type: string)
                outputColumnNames: _col2, _col0
                Statistics: Num rows: 0 Data size: 0 Basic stats: NONE Column stats: NONE
                Group By Operator
                  keys: _col2 (type: string), _col0 (type: string)
                  mode: hash
                  outputColumnNames: _col0, _col1
                  Statistics: Num rows: 1 Data size: 0 Basic stats: PARTIAL Column stats: NONE
                  File Output Operator
                    compressed: false
                    table:
                        input format: org.apache.hadoop.mapred.SequenceFileInputFormat
                        output format: org.apache.hadoop.hive.ql.io.HiveSequenceFileOutputFormat
                        serde: org.apache.hadoop.hive.serde2.lazybinary.LazyBinarySerDe
          Group By Operator
            keys: KEY._col0 (type: string)
            mode: mergepartial
            outputColumnNames: _col0
            Statistics: Num rows: 500 Data size: 5312 Basic stats: COMPLETE Column stats: NONE
            Mux Operator
              Statistics: Num rows: 1500 Data size: 15936 Basic stats: COMPLETE Column stats: NONE
              Join Operator
                condition map:
                     Inner Join 0 to 1
                keys:
                  0 _col1 (type: string)
                  1 _col0 (type: string)
                outputColumnNames: _col0, _col2
                Statistics: Num rows: 0 Data size: 0 Basic stats: NONE Column stats: NONE
                Select Operator
                  expressions: _col2 (type: string), _col0 (type: string)
                  outputColumnNames: _col2, _col0
                  Statistics: Num rows: 0 Data size: 0 Basic stats: NONE Column stats: NONE
                  Group By Operator
                    keys: _col2 (type: string), _col0 (type: string)
                    mode: hash
                    outputColumnNames: _col0, _col1
                    Statistics: Num rows: 1 Data size: 0 Basic stats: PARTIAL Column stats: NONE
                    File Output Operator
                      compressed: false
                      table:
                          input format: org.apache.hadoop.mapred.SequenceFileInputFormat
                          output format: org.apache.hadoop.hive.ql.io.HiveSequenceFileOutputFormat
                          serde: org.apache.hadoop.hive.serde2.lazybinary.LazyBinarySerDe

  Stage: Stage-7
    Map Reduce
      Map Operator Tree:
          TableScan
            alias: b
            Statistics: Num rows: 500 Data size: 5312 Basic stats: COMPLETE Column stats: NONE
            Select Operator
              expressions: key (type: string), value (type: string)
              outputColumnNames: _col0, _col1
              Statistics: Num rows: 500 Data size: 5312 Basic stats: COMPLETE Column stats: NONE
              Reduce Output Operator
                key expressions: _col1 (type: string), _col0 (type: string)
                sort order: ++
                Map-reduce partition columns: _col1 (type: string), _col0 (type: string)
                Statistics: Num rows: 500 Data size: 5312 Basic stats: COMPLETE Column stats: NONE
          TableScan
            Reduce Output Operator
              key expressions: _col0 (type: string), _col1 (type: string)
              sort order: ++
              Map-reduce partition columns: _col0 (type: string), _col1 (type: string)
              Statistics: Num rows: 1 Data size: 0 Basic stats: PARTIAL Column stats: NONE
      Reduce Operator Tree:
        Demux Operator
          Statistics: Num rows: 501 Data size: 5312 Basic stats: COMPLETE Column stats: NONE
          Mux Operator
            Statistics: Num rows: 751 Data size: 7962 Basic stats: COMPLETE Column stats: NONE
            Join Operator
              condition map:
                   Inner Join 0 to 1
              keys:
                0 _col1 (type: string), _col0 (type: string)
                1 _col1 (type: string), _col0 (type: string)
              outputColumnNames: _col0, _col1
              Statistics: Num rows: 0 Data size: 0 Basic stats: NONE Column stats: NONE
              Select Operator
                expressions: _col1 (type: string), _col0 (type: string)
                outputColumnNames: _col1, _col0
                Statistics: Num rows: 0 Data size: 0 Basic stats: NONE Column stats: NONE
                Group By Operator
                  keys: _col1 (type: string), _col0 (type: string)
                  mode: hash
                  outputColumnNames: _col0, _col1
                  Statistics: Num rows: 1 Data size: 0 Basic stats: PARTIAL Column stats: NONE
                  File Output Operator
                    compressed: false
                    table:
                        input format: org.apache.hadoop.mapred.SequenceFileInputFormat
                        output format: org.apache.hadoop.hive.ql.io.HiveSequenceFileOutputFormat
                        serde: org.apache.hadoop.hive.serde2.lazybinary.LazyBinarySerDe
          Group By Operator
            keys: KEY._col0 (type: string), KEY._col1 (type: string)
            mode: mergepartial
            outputColumnNames: _col0, _col1
            Statistics: Num rows: 250 Data size: 2650 Basic stats: COMPLETE Column stats: NONE
            Select Operator
              expressions: _col1 (type: string), _col0 (type: string)
              outputColumnNames: _col0, _col1
              Statistics: Num rows: 250 Data size: 2650 Basic stats: COMPLETE Column stats: NONE
              Mux Operator
                Statistics: Num rows: 751 Data size: 7962 Basic stats: COMPLETE Column stats: NONE
                Join Operator
                  condition map:
                       Inner Join 0 to 1
                  keys:
                    0 _col1 (type: string), _col0 (type: string)
                    1 _col1 (type: string), _col0 (type: string)
                  outputColumnNames: _col0, _col1
                  Statistics: Num rows: 0 Data size: 0 Basic stats: NONE Column stats: NONE
                  Select Operator
                    expressions: _col1 (type: string), _col0 (type: string)
                    outputColumnNames: _col1, _col0
                    Statistics: Num rows: 0 Data size: 0 Basic stats: NONE Column stats: NONE
                    Group By Operator
                      keys: _col1 (type: string), _col0 (type: string)
                      mode: hash
                      outputColumnNames: _col0, _col1
                      Statistics: Num rows: 1 Data size: 0 Basic stats: PARTIAL Column stats: NONE
                      File Output Operator
                        compressed: false
                        table:
                            input format: org.apache.hadoop.mapred.SequenceFileInputFormat
                            output format: org.apache.hadoop.hive.ql.io.HiveSequenceFileOutputFormat
                            serde: org.apache.hadoop.hive.serde2.lazybinary.LazyBinarySerDe

  Stage: Stage-8
    Map Reduce
      Map Operator Tree:
          TableScan
            Reduce Output Operator
              key expressions: _col0 (type: string), _col1 (type: string)
              sort order: ++
              Map-reduce partition columns: _col0 (type: string)
              Statistics: Num rows: 1 Data size: 0 Basic stats: PARTIAL Column stats: NONE
      Reduce Operator Tree:
        Group By Operator
          keys: KEY._col0 (type: string), KEY._col1 (type: string)
          mode: mergepartial
          outputColumnNames: _col0, _col1
          Statistics: Num rows: 1 Data size: 0 Basic stats: PARTIAL Column stats: NONE
          Select Operator
            expressions: _col0 (type: string)
            outputColumnNames: _col1
            Statistics: Num rows: 1 Data size: 0 Basic stats: PARTIAL Column stats: NONE
            Group By Operator
              keys: _col1 (type: string)
              mode: complete
              outputColumnNames: _col0
              Statistics: Num rows: 1 Data size: 0 Basic stats: PARTIAL Column stats: NONE
              File Output Operator
                compressed: false
                table:
                    input format: org.apache.hadoop.mapred.SequenceFileInputFormat
                    output format: org.apache.hadoop.hive.ql.io.HiveSequenceFileOutputFormat
                    serde: org.apache.hadoop.hive.serde2.lazybinary.LazyBinarySerDe

  Stage: Stage-12
    Map Reduce Local Work
      Alias -> Map Local Tables:
        $hdt$_1:$hdt$_1:$hdt$_1:s1 
          Fetch Operator
            limit: -1
      Alias -> Map Local Operator Tree:
        $hdt$_1:$hdt$_1:$hdt$_1:s1 
          TableScan
            alias: s1
            Statistics: Num rows: 500 Data size: 5312 Basic stats: COMPLETE Column stats: NONE
            Filter Operator
              predicate: (key > '9') (type: boolean)
              Statistics: Num rows: 166 Data size: 1763 Basic stats: COMPLETE Column stats: NONE
              Select Operator
                expressions: key (type: string), value (type: string)
                outputColumnNames: _col0, _col1
                Statistics: Num rows: 166 Data size: 1763 Basic stats: COMPLETE Column stats: NONE
                HashTable Sink Operator
                  keys:
                    0 _col1 (type: string)
                    1 _col0 (type: string)

  Stage: Stage-6
    Map Reduce
      Map Operator Tree:
          TableScan
            Map Join Operator
              condition map:
                   Inner Join 0 to 1
              keys:
                0 _col1 (type: string)
                1 _col0 (type: string)
              outputColumnNames: _col0, _col2
              Statistics: Num rows: 182 Data size: 1939 Basic stats: COMPLETE Column stats: NONE
              Select Operator
                expressions: _col2 (type: string), _col0 (type: string)
                outputColumnNames: _col2, _col0
                Statistics: Num rows: 182 Data size: 1939 Basic stats: COMPLETE Column stats: NONE
                Group By Operator
                  aggregations: count()
                  keys: _col2 (type: string), _col0 (type: string)
                  mode: hash
                  outputColumnNames: _col0, _col1, _col2
                  Statistics: Num rows: 182 Data size: 1939 Basic stats: COMPLETE Column stats: NONE
                  Reduce Output Operator
                    key expressions: _col0 (type: string), _col1 (type: string)
                    sort order: ++
                    Map-reduce partition columns: _col0 (type: string), _col1 (type: string)
                    Statistics: Num rows: 182 Data size: 1939 Basic stats: COMPLETE Column stats: NONE
                    value expressions: _col2 (type: bigint)
      Local Work:
        Map Reduce Local Work
      Reduce Operator Tree:
        Group By Operator
          aggregations: count(VALUE._col0)
          keys: KEY._col0 (type: string), KEY._col1 (type: string)
          mode: mergepartial
          outputColumnNames: _col0, _col1, _col2
          Statistics: Num rows: 91 Data size: 969 Basic stats: COMPLETE Column stats: NONE
          Select Operator
            expressions: _col0 (type: string), _col2 (type: bigint)
            outputColumnNames: _col1, _col2
            Statistics: Num rows: 91 Data size: 969 Basic stats: COMPLETE Column stats: NONE
            Group By Operator
              keys: _col1 (type: string), _col2 (type: bigint)
              mode: hash
              outputColumnNames: _col0, _col1
              Statistics: Num rows: 91 Data size: 969 Basic stats: COMPLETE Column stats: NONE
              File Output Operator
                compressed: false
                table:
                    input format: org.apache.hadoop.mapred.SequenceFileInputFormat
                    output format: org.apache.hadoop.hive.ql.io.HiveSequenceFileOutputFormat
                    serde: org.apache.hadoop.hive.serde2.lazybinary.LazyBinarySerDe

  Stage: Stage-0
    Fetch Operator
      limit: -1
      Processor Tree:
        ListSink

PREHOOK: query: select key, value, count(*)
from src b
where b.key in (select key from src where src.value = b.value)
group by key, value
having count(*) in (select count(*) from src s1 where s1.key > '9' and s1.value = b.value group by s1.key )
PREHOOK: type: QUERY
PREHOOK: Input: default@src
#### A masked pattern was here ####
POSTHOOK: query: select key, value, count(*)
from src b
where b.key in (select key from src where src.value = b.value)
group by key, value
having count(*) in (select count(*) from src s1 where s1.key > '9' and s1.value = b.value group by s1.key )
POSTHOOK: type: QUERY
POSTHOOK: Input: default@src
#### A masked pattern was here ####
90	val_90	3
92	val_92	1
95	val_95	2
96	val_96	1
97	val_97	2
98	val_98	2
PREHOOK: query: -- non agg, non corr, windowing
explain
select p_mfgr, p_name, avg(p_size) 
from part_subq 
group by p_mfgr, p_name
having p_name in 
  (select first_value(p_name) over(partition by p_mfgr order by p_size) from part_subq)
PREHOOK: type: QUERY
POSTHOOK: query: -- non agg, non corr, windowing
explain
select p_mfgr, p_name, avg(p_size) 
from part_subq 
group by p_mfgr, p_name
having p_name in 
  (select first_value(p_name) over(partition by p_mfgr order by p_size) from part_subq)
POSTHOOK: type: QUERY
STAGE DEPENDENCIES:
  Stage-1 is a root stage
  Stage-2 depends on stages: Stage-1, Stage-3
  Stage-3 is a root stage
  Stage-0 depends on stages: Stage-2

STAGE PLANS:
  Stage: Stage-1
    Map Reduce
      Map Operator Tree:
          TableScan
            alias: part_subq
            Statistics: Num rows: 15 Data size: 3173 Basic stats: COMPLETE Column stats: NONE
            Select Operator
              expressions: p_name (type: string), p_mfgr (type: string), p_size (type: int)
              outputColumnNames: p_name, p_mfgr, p_size
              Statistics: Num rows: 15 Data size: 3173 Basic stats: COMPLETE Column stats: NONE
              Group By Operator
                aggregations: avg(p_size)
                keys: p_name (type: string), p_mfgr (type: string)
                mode: hash
                outputColumnNames: _col0, _col1, _col2
                Statistics: Num rows: 15 Data size: 3173 Basic stats: COMPLETE Column stats: NONE
                Reduce Output Operator
                  key expressions: _col0 (type: string), _col1 (type: string)
                  sort order: ++
                  Map-reduce partition columns: _col0 (type: string), _col1 (type: string)
                  Statistics: Num rows: 15 Data size: 3173 Basic stats: COMPLETE Column stats: NONE
                  value expressions: _col2 (type: struct<count:bigint,sum:double,input:int>)
      Reduce Operator Tree:
        Group By Operator
          aggregations: avg(VALUE._col0)
          keys: KEY._col0 (type: string), KEY._col1 (type: string)
          mode: mergepartial
          outputColumnNames: _col0, _col1, _col2
          Statistics: Num rows: 7 Data size: 1480 Basic stats: COMPLETE Column stats: NONE
          Select Operator
            expressions: _col1 (type: string), _col0 (type: string), _col2 (type: double)
            outputColumnNames: _col0, _col1, _col2
            Statistics: Num rows: 7 Data size: 1480 Basic stats: COMPLETE Column stats: NONE
            File Output Operator
              compressed: false
              table:
                  input format: org.apache.hadoop.mapred.SequenceFileInputFormat
                  output format: org.apache.hadoop.hive.ql.io.HiveSequenceFileOutputFormat
                  serde: org.apache.hadoop.hive.serde2.lazybinary.LazyBinarySerDe

  Stage: Stage-2
    Map Reduce
      Map Operator Tree:
          TableScan
            Reduce Output Operator
              key expressions: _col1 (type: string)
              sort order: +
              Map-reduce partition columns: _col1 (type: string)
              Statistics: Num rows: 7 Data size: 1480 Basic stats: COMPLETE Column stats: NONE
              value expressions: _col0 (type: string), _col2 (type: double)
          TableScan
            Reduce Output Operator
              key expressions: _col0 (type: string)
              sort order: +
              Map-reduce partition columns: _col0 (type: string)
              Statistics: Num rows: 15 Data size: 3173 Basic stats: COMPLETE Column stats: NONE
      Reduce Operator Tree:
        Demux Operator
          Statistics: Num rows: 22 Data size: 4653 Basic stats: COMPLETE Column stats: NONE
          Mux Operator
            Statistics: Num rows: 33 Data size: 6979 Basic stats: COMPLETE Column stats: NONE
            Join Operator
              condition map:
                   Inner Join 0 to 1
              keys:
                0 _col1 (type: string)
                1 _col0 (type: string)
              outputColumnNames: _col0, _col1, _col2
              Statistics: Num rows: 0 Data size: 0 Basic stats: NONE Column stats: NONE
              File Output Operator
                compressed: false
                Statistics: Num rows: 0 Data size: 0 Basic stats: NONE Column stats: NONE
                table:
                    input format: org.apache.hadoop.mapred.SequenceFileInputFormat
                    output format: org.apache.hadoop.hive.ql.io.HiveSequenceFileOutputFormat
                    serde: org.apache.hadoop.hive.serde2.lazy.LazySimpleSerDe
          Group By Operator
            keys: KEY._col0 (type: string)
            mode: mergepartial
            outputColumnNames: _col0
            Statistics: Num rows: 11 Data size: 2326 Basic stats: COMPLETE Column stats: NONE
            Mux Operator
              Statistics: Num rows: 33 Data size: 6979 Basic stats: COMPLETE Column stats: NONE
              Join Operator
                condition map:
                     Inner Join 0 to 1
                keys:
                  0 _col1 (type: string)
                  1 _col0 (type: string)
                outputColumnNames: _col0, _col1, _col2
                Statistics: Num rows: 0 Data size: 0 Basic stats: NONE Column stats: NONE
                File Output Operator
                  compressed: false
                  Statistics: Num rows: 0 Data size: 0 Basic stats: NONE Column stats: NONE
                  table:
                      input format: org.apache.hadoop.mapred.SequenceFileInputFormat
                      output format: org.apache.hadoop.hive.ql.io.HiveSequenceFileOutputFormat
                      serde: org.apache.hadoop.hive.serde2.lazy.LazySimpleSerDe

  Stage: Stage-3
    Map Reduce
      Map Operator Tree:
          TableScan
            alias: part_subq
            Statistics: Num rows: 15 Data size: 3173 Basic stats: COMPLETE Column stats: NONE
            Reduce Output Operator
              key expressions: p_mfgr (type: string), p_size (type: int)
              sort order: ++
              Map-reduce partition columns: p_mfgr (type: string)
              Statistics: Num rows: 15 Data size: 3173 Basic stats: COMPLETE Column stats: NONE
              value expressions: p_name (type: string)
      Reduce Operator Tree:
        Select Operator
          expressions: VALUE._col1 (type: string), KEY.reducesinkkey0 (type: string), KEY.reducesinkkey1 (type: int)
          outputColumnNames: _col1, _col2, _col5
          Statistics: Num rows: 15 Data size: 3173 Basic stats: COMPLETE Column stats: NONE
          PTF Operator
            Function definitions:
                Input definition
                  input alias: ptf_0
                  output shape: _col1: string, _col2: string, _col5: int
                  type: WINDOWING
                Windowing table definition
                  input alias: ptf_1
                  name: windowingtablefunction
                  order by: _col5 ASC NULLS FIRST
                  partition by: _col2
                  raw input shape:
                  window functions:
                      window function definition
                        alias: first_value_window_0
                        arguments: _col1
                        name: first_value
                        window function: GenericUDAFFirstValueEvaluator
                        window frame: PRECEDING(MAX)~CURRENT
            Statistics: Num rows: 15 Data size: 3173 Basic stats: COMPLETE Column stats: NONE
            Select Operator
              expressions: first_value_window_0 (type: string)
              outputColumnNames: _col0
              Statistics: Num rows: 15 Data size: 3173 Basic stats: COMPLETE Column stats: NONE
              Group By Operator
                keys: _col0 (type: string)
                mode: hash
                outputColumnNames: _col0
                Statistics: Num rows: 15 Data size: 3173 Basic stats: COMPLETE Column stats: NONE
                File Output Operator
                  compressed: false
                  table:
                      input format: org.apache.hadoop.mapred.SequenceFileInputFormat
                      output format: org.apache.hadoop.hive.ql.io.HiveSequenceFileOutputFormat
                      serde: org.apache.hadoop.hive.serde2.lazybinary.LazyBinarySerDe

  Stage: Stage-0
    Fetch Operator
      limit: -1
      Processor Tree:
        ListSink

PREHOOK: query: CREATE TABLE src_null (key STRING COMMENT 'default', value STRING COMMENT 'default') STORED AS TEXTFILE
PREHOOK: type: CREATETABLE
PREHOOK: Output: database:default
PREHOOK: Output: default@src_null
POSTHOOK: query: CREATE TABLE src_null (key STRING COMMENT 'default', value STRING COMMENT 'default') STORED AS TEXTFILE
POSTHOOK: type: CREATETABLE
POSTHOOK: Output: database:default
POSTHOOK: Output: default@src_null
PREHOOK: query: LOAD DATA LOCAL INPATH "../../data/files/kv1.txt" INTO TABLE src_null
PREHOOK: type: LOAD
#### A masked pattern was here ####
PREHOOK: Output: default@src_null
POSTHOOK: query: LOAD DATA LOCAL INPATH "../../data/files/kv1.txt" INTO TABLE src_null
POSTHOOK: type: LOAD
#### A masked pattern was here ####
POSTHOOK: Output: default@src_null
PREHOOK: query: INSERT INTO src_null values('5444', null)
PREHOOK: type: QUERY
PREHOOK: Output: default@src_null
POSTHOOK: query: INSERT INTO src_null values('5444', null)
POSTHOOK: type: QUERY
POSTHOOK: Output: default@src_null
POSTHOOK: Lineage: src_null.key SIMPLE [(values__tmp__table__1)values__tmp__table__1.FieldSchema(name:tmp_values_col1, type:string, comment:), ]
POSTHOOK: Lineage: src_null.value SIMPLE [(values__tmp__table__1)values__tmp__table__1.FieldSchema(name:tmp_values_col2, type:string, comment:), ]
Warning: Map Join MAPJOIN[235][bigTable=?] in task 'Stage-1:MAPRED' is a cross product
Warning: Map Join MAPJOIN[236][bigTable=?] in task 'Stage-8:MAPRED' is a cross product
Warning: Map Join MAPJOIN[237][bigTable=?] in task 'Stage-9:MAPRED' is a cross product
Warning: Map Join MAPJOIN[238][bigTable=?] in task 'Stage-14:MAPRED' is a cross product
Warning: Map Join MAPJOIN[239][bigTable=?] in task 'Stage-17:MAPRED' is a cross product
Warning: Map Join MAPJOIN[240][bigTable=?] in task 'Stage-21:MAPRED' is a cross product
PREHOOK: query: explain
select key, value, count(*)
from src_null b
where NOT EXISTS (select key from src_null where src_null.value <> b.value)
group by key, value
having count(*) not in (select count(*) from src_null s1 where s1.key > '9' and s1.value <> b.value group by s1.key )
PREHOOK: type: QUERY
POSTHOOK: query: explain
select key, value, count(*)
from src_null b
where NOT EXISTS (select key from src_null where src_null.value <> b.value)
group by key, value
having count(*) not in (select count(*) from src_null s1 where s1.key > '9' and s1.value <> b.value group by s1.key )
POSTHOOK: type: QUERY
STAGE DEPENDENCIES:
  Stage-6 is a root stage
  Stage-37 depends on stages: Stage-6
  Stage-1 depends on stages: Stage-37
  Stage-2 depends on stages: Stage-1
  Stage-28 depends on stages: Stage-2, Stage-8 , consists of Stage-36, Stage-3
  Stage-36 has a backup stage: Stage-3
  Stage-27 depends on stages: Stage-36
  Stage-26 depends on stages: Stage-3, Stage-16, Stage-27 , consists of Stage-35, Stage-4
  Stage-35 has a backup stage: Stage-4
  Stage-25 depends on stages: Stage-35
  Stage-4
  Stage-3
  Stage-12 is a root stage
  Stage-39 depends on stages: Stage-12
  Stage-9 depends on stages: Stage-39
  Stage-10 depends on stages: Stage-9
  Stage-38 depends on stages: Stage-10
  Stage-8 depends on stages: Stage-38
  Stage-20 is a root stage
  Stage-41 depends on stages: Stage-20
  Stage-17 depends on stages: Stage-41
  Stage-18 depends on stages: Stage-17
  Stage-40 depends on stages: Stage-18
  Stage-14 depends on stages: Stage-40
  Stage-15 depends on stages: Stage-14
  Stage-16 depends on stages: Stage-15, Stage-22
  Stage-24 is a root stage
  Stage-42 depends on stages: Stage-24
  Stage-21 depends on stages: Stage-42
  Stage-22 depends on stages: Stage-21
  Stage-0 depends on stages: Stage-25, Stage-4

STAGE PLANS:
  Stage: Stage-6
    Map Reduce
      Map Operator Tree:
          TableScan
            alias: b
            Statistics: Num rows: 58 Data size: 5820 Basic stats: COMPLETE Column stats: NONE
            Select Operator
              expressions: value (type: string)
              outputColumnNames: value
              Statistics: Num rows: 58 Data size: 5820 Basic stats: COMPLETE Column stats: NONE
              Group By Operator
                keys: value (type: string)
                mode: hash
                outputColumnNames: _col0
                Statistics: Num rows: 58 Data size: 5820 Basic stats: COMPLETE Column stats: NONE
                Reduce Output Operator
                  key expressions: _col0 (type: string)
                  sort order: +
                  Map-reduce partition columns: _col0 (type: string)
                  Statistics: Num rows: 58 Data size: 5820 Basic stats: COMPLETE Column stats: NONE
      Reduce Operator Tree:
        Group By Operator
          keys: KEY._col0 (type: string)
          mode: mergepartial
          outputColumnNames: _col0
          Statistics: Num rows: 29 Data size: 2910 Basic stats: COMPLETE Column stats: NONE
          File Output Operator
            compressed: false
            table:
                input format: org.apache.hadoop.mapred.SequenceFileInputFormat
                output format: org.apache.hadoop.hive.ql.io.HiveSequenceFileOutputFormat
                serde: org.apache.hadoop.hive.serde2.lazybinary.LazyBinarySerDe

  Stage: Stage-37
    Map Reduce Local Work
      Alias -> Map Local Tables:
        $hdt$_0:$hdt$_1:$hdt$_1:src_null 
          Fetch Operator
            limit: -1
      Alias -> Map Local Operator Tree:
        $hdt$_0:$hdt$_1:$hdt$_1:src_null 
          TableScan
            alias: src_null
            Statistics: Num rows: 58 Data size: 5820 Basic stats: COMPLETE Column stats: NONE
            Select Operator
              expressions: value (type: string)
              outputColumnNames: _col0
              Statistics: Num rows: 58 Data size: 5820 Basic stats: COMPLETE Column stats: NONE
              HashTable Sink Operator
                keys:
                  0 
                  1 

  Stage: Stage-1
    Map Reduce
      Map Operator Tree:
          TableScan
            alias: b
            Statistics: Num rows: 29 Data size: 5820 Basic stats: COMPLETE Column stats: NONE
            Select Operator
              expressions: key (type: string), value (type: string)
              outputColumnNames: _col0, _col1
              Statistics: Num rows: 29 Data size: 5820 Basic stats: COMPLETE Column stats: NONE
              Reduce Output Operator
                key expressions: _col1 (type: string)
                sort order: +
                Map-reduce partition columns: _col1 (type: string)
                Statistics: Num rows: 29 Data size: 5820 Basic stats: COMPLETE Column stats: NONE
                value expressions: _col0 (type: string)
          TableScan
            Map Join Operator
              condition map:
                   Inner Join 0 to 1
              keys:
                0 
                1 
              outputColumnNames: _col0, _col1
              Statistics: Num rows: 1682 Data size: 339242 Basic stats: COMPLETE Column stats: NONE
              Filter Operator
                predicate: (_col0 <> _col1) (type: boolean)
                Statistics: Num rows: 1682 Data size: 339242 Basic stats: COMPLETE Column stats: NONE
                Select Operator
                  expressions: _col1 (type: string)
                  outputColumnNames: _col1
                  Statistics: Num rows: 1682 Data size: 339242 Basic stats: COMPLETE Column stats: NONE
                  Group By Operator
                    keys: _col1 (type: string)
                    mode: hash
                    outputColumnNames: _col0
                    Statistics: Num rows: 1682 Data size: 339242 Basic stats: COMPLETE Column stats: NONE
                    Reduce Output Operator
                      key expressions: _col0 (type: string)
                      sort order: +
                      Map-reduce partition columns: _col0 (type: string)
                      Statistics: Num rows: 1682 Data size: 339242 Basic stats: COMPLETE Column stats: NONE
      Local Work:
        Map Reduce Local Work
      Reduce Operator Tree:
        Demux Operator
          Statistics: Num rows: 1711 Data size: 345062 Basic stats: COMPLETE Column stats: NONE
          Mux Operator
            Statistics: Num rows: 2566 Data size: 517492 Basic stats: COMPLETE Column stats: NONE
            Join Operator
              condition map:
                   Left Outer Join0 to 1
              keys:
                0 _col1 (type: string)
                1 _col0 (type: string)
              outputColumnNames: _col0, _col1, _col3
              Statistics: Num rows: 0 Data size: 0 Basic stats: NONE Column stats: NONE
              Filter Operator
                predicate: _col3 is null (type: boolean)
                Statistics: Num rows: 0 Data size: 0 Basic stats: NONE Column stats: NONE
                Select Operator
                  expressions: _col1 (type: string), _col0 (type: string)
                  outputColumnNames: _col1, _col0
                  Statistics: Num rows: 0 Data size: 0 Basic stats: NONE Column stats: NONE
                  Group By Operator
                    aggregations: count()
                    keys: _col1 (type: string), _col0 (type: string)
                    mode: hash
                    outputColumnNames: _col0, _col1, _col2
                    Statistics: Num rows: 1 Data size: 0 Basic stats: PARTIAL Column stats: NONE
                    File Output Operator
                      compressed: false
                      table:
                          input format: org.apache.hadoop.mapred.SequenceFileInputFormat
                          output format: org.apache.hadoop.hive.ql.io.HiveSequenceFileOutputFormat
                          serde: org.apache.hadoop.hive.serde2.lazybinary.LazyBinarySerDe
          Group By Operator
            keys: KEY._col0 (type: string)
            mode: mergepartial
            outputColumnNames: _col0
            Statistics: Num rows: 855 Data size: 172430 Basic stats: COMPLETE Column stats: NONE
            Select Operator
              expressions: _col0 (type: string), true (type: boolean)
              outputColumnNames: _col0, _col1
              Statistics: Num rows: 855 Data size: 172430 Basic stats: COMPLETE Column stats: NONE
              Mux Operator
                Statistics: Num rows: 2566 Data size: 517492 Basic stats: COMPLETE Column stats: NONE
                Join Operator
                  condition map:
                       Left Outer Join0 to 1
                  keys:
                    0 _col1 (type: string)
                    1 _col0 (type: string)
                  outputColumnNames: _col0, _col1, _col3
                  Statistics: Num rows: 0 Data size: 0 Basic stats: NONE Column stats: NONE
                  Filter Operator
                    predicate: _col3 is null (type: boolean)
                    Statistics: Num rows: 0 Data size: 0 Basic stats: NONE Column stats: NONE
                    Select Operator
                      expressions: _col1 (type: string), _col0 (type: string)
                      outputColumnNames: _col1, _col0
                      Statistics: Num rows: 0 Data size: 0 Basic stats: NONE Column stats: NONE
                      Group By Operator
                        aggregations: count()
                        keys: _col1 (type: string), _col0 (type: string)
                        mode: hash
                        outputColumnNames: _col0, _col1, _col2
                        Statistics: Num rows: 1 Data size: 0 Basic stats: PARTIAL Column stats: NONE
                        File Output Operator
                          compressed: false
                          table:
                              input format: org.apache.hadoop.mapred.SequenceFileInputFormat
                              output format: org.apache.hadoop.hive.ql.io.HiveSequenceFileOutputFormat
                              serde: org.apache.hadoop.hive.serde2.lazybinary.LazyBinarySerDe

  Stage: Stage-2
    Map Reduce
      Map Operator Tree:
          TableScan
            Reduce Output Operator
              key expressions: _col0 (type: string), _col1 (type: string)
              sort order: ++
              Map-reduce partition columns: _col0 (type: string), _col1 (type: string)
              Statistics: Num rows: 1 Data size: 0 Basic stats: PARTIAL Column stats: NONE
              value expressions: _col2 (type: bigint)
      Reduce Operator Tree:
        Group By Operator
          aggregations: count(VALUE._col0)
          keys: KEY._col0 (type: string), KEY._col1 (type: string)
          mode: mergepartial
          outputColumnNames: _col0, _col1, _col2
          Statistics: Num rows: 1 Data size: 0 Basic stats: PARTIAL Column stats: NONE
          Select Operator
            expressions: _col1 (type: string), _col0 (type: string), _col2 (type: bigint)
            outputColumnNames: _col0, _col1, _col2
            Statistics: Num rows: 1 Data size: 0 Basic stats: PARTIAL Column stats: NONE
            File Output Operator
              compressed: false
              table:
                  input format: org.apache.hadoop.mapred.SequenceFileInputFormat
                  output format: org.apache.hadoop.hive.ql.io.HiveSequenceFileOutputFormat
                  serde: org.apache.hadoop.hive.serde2.lazybinary.LazyBinarySerDe

  Stage: Stage-28
    Conditional Operator

  Stage: Stage-36
    Map Reduce Local Work
      Alias -> Map Local Tables:
        $INTNAME1 
          Fetch Operator
            limit: -1
      Alias -> Map Local Operator Tree:
        $INTNAME1 
          TableScan
            HashTable Sink Operator
              keys:
                0 _col1 (type: string)
                1 _col0 (type: string)

  Stage: Stage-27
    Map Reduce
      Map Operator Tree:
          TableScan
            Map Join Operator
              condition map:
                   Left Outer Join0 to 1
              keys:
                0 _col1 (type: string)
                1 _col0 (type: string)
              outputColumnNames: _col0, _col1, _col2, _col4, _col5
              Statistics: Num rows: 2 Data size: 443 Basic stats: COMPLETE Column stats: NONE
              File Output Operator
                compressed: false
                table:
                    input format: org.apache.hadoop.mapred.SequenceFileInputFormat
                    output format: org.apache.hadoop.hive.ql.io.HiveSequenceFileOutputFormat
                    serde: org.apache.hadoop.hive.serde2.lazybinary.LazyBinarySerDe
      Local Work:
        Map Reduce Local Work

  Stage: Stage-26
    Conditional Operator

  Stage: Stage-35
    Map Reduce Local Work
      Alias -> Map Local Tables:
        $INTNAME1 
          Fetch Operator
            limit: -1
      Alias -> Map Local Operator Tree:
        $INTNAME1 
          TableScan
            HashTable Sink Operator
              keys:
                0 _col1 (type: string), _col2 (type: bigint)
                1 _col1 (type: string), _col3 (type: bigint)

  Stage: Stage-25
    Map Reduce
      Map Operator Tree:
          TableScan
            Map Join Operator
              condition map:
                   Left Outer Join0 to 1
              keys:
                0 _col1 (type: string), _col2 (type: bigint)
                1 _col1 (type: string), _col3 (type: bigint)
              outputColumnNames: _col0, _col1, _col2, _col4, _col5, _col8
              Statistics: Num rows: 2 Data size: 487 Basic stats: COMPLETE Column stats: NONE
              Filter Operator
                predicate: CASE WHEN ((_col4 = 0)) THEN (true) WHEN (_col4 is null) THEN (true) WHEN (_col8 is not null) THEN (false) WHEN (_col2 is null) THEN (null) WHEN ((_col5 < _col4)) THEN (false) ELSE (true) END (type: boolean)
                Statistics: Num rows: 1 Data size: 243 Basic stats: COMPLETE Column stats: NONE
                Select Operator
                  expressions: _col0 (type: string), _col1 (type: string), _col2 (type: bigint)
                  outputColumnNames: _col0, _col1, _col2
                  Statistics: Num rows: 1 Data size: 243 Basic stats: COMPLETE Column stats: NONE
                  File Output Operator
                    compressed: false
                    Statistics: Num rows: 1 Data size: 243 Basic stats: COMPLETE Column stats: NONE
                    table:
                        input format: org.apache.hadoop.mapred.SequenceFileInputFormat
                        output format: org.apache.hadoop.hive.ql.io.HiveSequenceFileOutputFormat
                        serde: org.apache.hadoop.hive.serde2.lazy.LazySimpleSerDe
      Local Work:
        Map Reduce Local Work

  Stage: Stage-4
    Map Reduce
      Map Operator Tree:
          TableScan
            Reduce Output Operator
              key expressions: _col1 (type: string), _col2 (type: bigint)
              sort order: ++
              Map-reduce partition columns: _col1 (type: string), _col2 (type: bigint)
              Statistics: Num rows: 2 Data size: 443 Basic stats: COMPLETE Column stats: NONE
              value expressions: _col0 (type: string), _col4 (type: bigint), _col5 (type: bigint)
          TableScan
            Reduce Output Operator
              key expressions: _col1 (type: string), _col3 (type: bigint)
              sort order: ++
              Map-reduce partition columns: _col1 (type: string), _col3 (type: bigint)
              Statistics: Num rows: 0 Data size: 0 Basic stats: NONE Column stats: NONE
              value expressions: _col2 (type: boolean)
      Reduce Operator Tree:
        Join Operator
          condition map:
               Left Outer Join0 to 1
          keys:
            0 _col1 (type: string), _col2 (type: bigint)
            1 _col1 (type: string), _col3 (type: bigint)
          outputColumnNames: _col0, _col1, _col2, _col4, _col5, _col8
          Statistics: Num rows: 2 Data size: 487 Basic stats: COMPLETE Column stats: NONE
          Filter Operator
            predicate: CASE WHEN ((_col4 = 0)) THEN (true) WHEN (_col4 is null) THEN (true) WHEN (_col8 is not null) THEN (false) WHEN (_col2 is null) THEN (null) WHEN ((_col5 < _col4)) THEN (false) ELSE (true) END (type: boolean)
            Statistics: Num rows: 1 Data size: 243 Basic stats: COMPLETE Column stats: NONE
            Select Operator
              expressions: _col0 (type: string), _col1 (type: string), _col2 (type: bigint)
              outputColumnNames: _col0, _col1, _col2
              Statistics: Num rows: 1 Data size: 243 Basic stats: COMPLETE Column stats: NONE
              File Output Operator
                compressed: false
                Statistics: Num rows: 1 Data size: 243 Basic stats: COMPLETE Column stats: NONE
                table:
                    input format: org.apache.hadoop.mapred.SequenceFileInputFormat
                    output format: org.apache.hadoop.hive.ql.io.HiveSequenceFileOutputFormat
                    serde: org.apache.hadoop.hive.serde2.lazy.LazySimpleSerDe

  Stage: Stage-3
    Map Reduce
      Map Operator Tree:
          TableScan
            Reduce Output Operator
              key expressions: _col1 (type: string)
              sort order: +
              Map-reduce partition columns: _col1 (type: string)
              Statistics: Num rows: 1 Data size: 0 Basic stats: PARTIAL Column stats: NONE
              value expressions: _col0 (type: string), _col2 (type: bigint)
          TableScan
            Reduce Output Operator
              key expressions: _col0 (type: string)
              sort order: +
              Map-reduce partition columns: _col0 (type: string)
              Statistics: Num rows: 2 Data size: 403 Basic stats: COMPLETE Column stats: NONE
              value expressions: _col1 (type: bigint), _col2 (type: bigint)
      Reduce Operator Tree:
        Join Operator
          condition map:
               Left Outer Join0 to 1
          keys:
            0 _col1 (type: string)
            1 _col0 (type: string)
          outputColumnNames: _col0, _col1, _col2, _col4, _col5
          Statistics: Num rows: 2 Data size: 443 Basic stats: COMPLETE Column stats: NONE
          File Output Operator
            compressed: false
            table:
                input format: org.apache.hadoop.mapred.SequenceFileInputFormat
                output format: org.apache.hadoop.hive.ql.io.HiveSequenceFileOutputFormat
                serde: org.apache.hadoop.hive.serde2.lazybinary.LazyBinarySerDe

  Stage: Stage-12
    Map Reduce
      Map Operator Tree:
          TableScan
            alias: b
            Statistics: Num rows: 58 Data size: 5820 Basic stats: COMPLETE Column stats: NONE
            Select Operator
              expressions: value (type: string)
              outputColumnNames: value
              Statistics: Num rows: 58 Data size: 5820 Basic stats: COMPLETE Column stats: NONE
              Group By Operator
                keys: value (type: string)
                mode: hash
                outputColumnNames: _col0
                Statistics: Num rows: 58 Data size: 5820 Basic stats: COMPLETE Column stats: NONE
                Reduce Output Operator
                  key expressions: _col0 (type: string)
                  sort order: +
                  Map-reduce partition columns: _col0 (type: string)
                  Statistics: Num rows: 58 Data size: 5820 Basic stats: COMPLETE Column stats: NONE
      Reduce Operator Tree:
        Group By Operator
          keys: KEY._col0 (type: string)
          mode: mergepartial
          outputColumnNames: _col0
          Statistics: Num rows: 29 Data size: 2910 Basic stats: COMPLETE Column stats: NONE
          File Output Operator
            compressed: false
            table:
                input format: org.apache.hadoop.mapred.SequenceFileInputFormat
                output format: org.apache.hadoop.hive.ql.io.HiveSequenceFileOutputFormat
                serde: org.apache.hadoop.hive.serde2.lazybinary.LazyBinarySerDe

  Stage: Stage-39
    Map Reduce Local Work
      Alias -> Map Local Tables:
        $hdt$_1:$hdt$_1:$hdt$_2:$hdt$_2:$hdt$_3:$hdt$_3:src_null 
          Fetch Operator
            limit: -1
      Alias -> Map Local Operator Tree:
        $hdt$_1:$hdt$_1:$hdt$_2:$hdt$_2:$hdt$_3:$hdt$_3:src_null 
          TableScan
            alias: src_null
            Statistics: Num rows: 58 Data size: 5820 Basic stats: COMPLETE Column stats: NONE
            Select Operator
              expressions: value (type: string)
              outputColumnNames: _col0
              Statistics: Num rows: 58 Data size: 5820 Basic stats: COMPLETE Column stats: NONE
              HashTable Sink Operator
                keys:
                  0 
                  1 

  Stage: Stage-9
    Map Reduce
      Map Operator Tree:
          TableScan
            alias: b
            Statistics: Num rows: 29 Data size: 5820 Basic stats: COMPLETE Column stats: NONE
            Select Operator
              expressions: key (type: string), value (type: string)
              outputColumnNames: _col0, _col1
              Statistics: Num rows: 29 Data size: 5820 Basic stats: COMPLETE Column stats: NONE
              Reduce Output Operator
                key expressions: _col1 (type: string)
                sort order: +
                Map-reduce partition columns: _col1 (type: string)
                Statistics: Num rows: 29 Data size: 5820 Basic stats: COMPLETE Column stats: NONE
                value expressions: _col0 (type: string)
          TableScan
            Map Join Operator
              condition map:
                   Inner Join 0 to 1
              keys:
                0 
                1 
              outputColumnNames: _col0, _col1
              Statistics: Num rows: 1682 Data size: 339242 Basic stats: COMPLETE Column stats: NONE
              Filter Operator
                predicate: (_col0 <> _col1) (type: boolean)
                Statistics: Num rows: 1682 Data size: 339242 Basic stats: COMPLETE Column stats: NONE
                Select Operator
                  expressions: _col1 (type: string)
                  outputColumnNames: _col1
                  Statistics: Num rows: 1682 Data size: 339242 Basic stats: COMPLETE Column stats: NONE
                  Group By Operator
                    keys: _col1 (type: string)
                    mode: hash
                    outputColumnNames: _col0
                    Statistics: Num rows: 1682 Data size: 339242 Basic stats: COMPLETE Column stats: NONE
                    Reduce Output Operator
                      key expressions: _col0 (type: string)
                      sort order: +
                      Map-reduce partition columns: _col0 (type: string)
                      Statistics: Num rows: 1682 Data size: 339242 Basic stats: COMPLETE Column stats: NONE
      Local Work:
        Map Reduce Local Work
      Reduce Operator Tree:
        Demux Operator
          Statistics: Num rows: 1711 Data size: 345062 Basic stats: COMPLETE Column stats: NONE
          Mux Operator
            Statistics: Num rows: 2566 Data size: 517492 Basic stats: COMPLETE Column stats: NONE
            Join Operator
              condition map:
                   Left Outer Join0 to 1
              keys:
                0 _col1 (type: string)
                1 _col0 (type: string)
              outputColumnNames: _col0, _col1, _col3
              Statistics: Num rows: 0 Data size: 0 Basic stats: NONE Column stats: NONE
              Filter Operator
                predicate: _col3 is null (type: boolean)
                Statistics: Num rows: 0 Data size: 0 Basic stats: NONE Column stats: NONE
                Select Operator
                  expressions: _col1 (type: string), _col0 (type: string)
                  outputColumnNames: _col1, _col0
                  Statistics: Num rows: 0 Data size: 0 Basic stats: NONE Column stats: NONE
                  Group By Operator
                    keys: _col1 (type: string), _col0 (type: string)
                    mode: hash
                    outputColumnNames: _col0, _col1
                    Statistics: Num rows: 1 Data size: 0 Basic stats: PARTIAL Column stats: NONE
                    File Output Operator
                      compressed: false
                      table:
                          input format: org.apache.hadoop.mapred.SequenceFileInputFormat
                          output format: org.apache.hadoop.hive.ql.io.HiveSequenceFileOutputFormat
                          serde: org.apache.hadoop.hive.serde2.lazybinary.LazyBinarySerDe
          Group By Operator
            keys: KEY._col0 (type: string)
            mode: mergepartial
            outputColumnNames: _col0
            Statistics: Num rows: 855 Data size: 172430 Basic stats: COMPLETE Column stats: NONE
            Select Operator
              expressions: _col0 (type: string), true (type: boolean)
              outputColumnNames: _col0, _col1
              Statistics: Num rows: 855 Data size: 172430 Basic stats: COMPLETE Column stats: NONE
              Mux Operator
                Statistics: Num rows: 2566 Data size: 517492 Basic stats: COMPLETE Column stats: NONE
                Join Operator
                  condition map:
                       Left Outer Join0 to 1
                  keys:
                    0 _col1 (type: string)
                    1 _col0 (type: string)
                  outputColumnNames: _col0, _col1, _col3
                  Statistics: Num rows: 0 Data size: 0 Basic stats: NONE Column stats: NONE
                  Filter Operator
                    predicate: _col3 is null (type: boolean)
                    Statistics: Num rows: 0 Data size: 0 Basic stats: NONE Column stats: NONE
                    Select Operator
                      expressions: _col1 (type: string), _col0 (type: string)
                      outputColumnNames: _col1, _col0
                      Statistics: Num rows: 0 Data size: 0 Basic stats: NONE Column stats: NONE
                      Group By Operator
                        keys: _col1 (type: string), _col0 (type: string)
                        mode: hash
                        outputColumnNames: _col0, _col1
                        Statistics: Num rows: 1 Data size: 0 Basic stats: PARTIAL Column stats: NONE
                        File Output Operator
                          compressed: false
                          table:
                              input format: org.apache.hadoop.mapred.SequenceFileInputFormat
                              output format: org.apache.hadoop.hive.ql.io.HiveSequenceFileOutputFormat
                              serde: org.apache.hadoop.hive.serde2.lazybinary.LazyBinarySerDe

  Stage: Stage-10
    Map Reduce
      Map Operator Tree:
          TableScan
            Reduce Output Operator
              key expressions: _col0 (type: string), _col1 (type: string)
              sort order: ++
              Map-reduce partition columns: _col0 (type: string)
              Statistics: Num rows: 1 Data size: 0 Basic stats: PARTIAL Column stats: NONE
      Reduce Operator Tree:
        Group By Operator
          keys: KEY._col0 (type: string), KEY._col1 (type: string)
          mode: mergepartial
          outputColumnNames: _col0, _col1
          Statistics: Num rows: 1 Data size: 0 Basic stats: PARTIAL Column stats: NONE
          Select Operator
            expressions: _col0 (type: string)
            outputColumnNames: _col1
            Statistics: Num rows: 1 Data size: 0 Basic stats: PARTIAL Column stats: NONE
            Group By Operator
              keys: _col1 (type: string)
              mode: complete
              outputColumnNames: _col0
              Statistics: Num rows: 1 Data size: 0 Basic stats: PARTIAL Column stats: NONE
              File Output Operator
                compressed: false
                table:
                    input format: org.apache.hadoop.mapred.SequenceFileInputFormat
                    output format: org.apache.hadoop.hive.ql.io.HiveSequenceFileOutputFormat
                    serde: org.apache.hadoop.hive.serde2.lazybinary.LazyBinarySerDe

  Stage: Stage-38
    Map Reduce Local Work
      Alias -> Map Local Tables:
        $hdt$_1:$hdt$_1:$hdt$_1:s1 
          Fetch Operator
            limit: -1
      Alias -> Map Local Operator Tree:
        $hdt$_1:$hdt$_1:$hdt$_1:s1 
          TableScan
            alias: s1
            Statistics: Num rows: 29 Data size: 5820 Basic stats: COMPLETE Column stats: NONE
            Filter Operator
              predicate: (key > '9') (type: boolean)
              Statistics: Num rows: 9 Data size: 1806 Basic stats: COMPLETE Column stats: NONE
              Select Operator
                expressions: key (type: string), value (type: string)
                outputColumnNames: _col0, _col1
                Statistics: Num rows: 9 Data size: 1806 Basic stats: COMPLETE Column stats: NONE
                HashTable Sink Operator
                  keys:
                    0 
                    1 

  Stage: Stage-8
    Map Reduce
      Map Operator Tree:
          TableScan
            Map Join Operator
              condition map:
                   Inner Join 0 to 1
              keys:
                0 
                1 
              outputColumnNames: _col0, _col1, _col2
              Statistics: Num rows: 9 Data size: 1815 Basic stats: COMPLETE Column stats: NONE
              Filter Operator
                predicate: (_col1 <> _col2) (type: boolean)
                Statistics: Num rows: 9 Data size: 1815 Basic stats: COMPLETE Column stats: NONE
                Select Operator
                  expressions: _col2 (type: string), _col0 (type: string)
                  outputColumnNames: _col2, _col0
                  Statistics: Num rows: 9 Data size: 1815 Basic stats: COMPLETE Column stats: NONE
                  Group By Operator
                    aggregations: count()
                    keys: _col2 (type: string), _col0 (type: string)
                    mode: hash
                    outputColumnNames: _col0, _col1, _col2
                    Statistics: Num rows: 9 Data size: 1815 Basic stats: COMPLETE Column stats: NONE
                    Reduce Output Operator
                      key expressions: _col0 (type: string), _col1 (type: string)
                      sort order: ++
                      Map-reduce partition columns: _col0 (type: string)
                      Statistics: Num rows: 9 Data size: 1815 Basic stats: COMPLETE Column stats: NONE
                      value expressions: _col2 (type: bigint)
      Local Work:
        Map Reduce Local Work
      Reduce Operator Tree:
        Group By Operator
          aggregations: count(VALUE._col0)
          keys: KEY._col0 (type: string), KEY._col1 (type: string)
          mode: mergepartial
          outputColumnNames: _col0, _col1, _col2
          Statistics: Num rows: 4 Data size: 806 Basic stats: COMPLETE Column stats: NONE
          Select Operator
            expressions: _col0 (type: string), _col2 (type: bigint)
            outputColumnNames: _col1, _col2
            Statistics: Num rows: 4 Data size: 806 Basic stats: COMPLETE Column stats: NONE
            Group By Operator
              aggregations: count(), count(_col2)
              keys: _col1 (type: string)
              mode: complete
              outputColumnNames: _col0, _col1, _col2
              Statistics: Num rows: 2 Data size: 403 Basic stats: COMPLETE Column stats: NONE
              File Output Operator
                compressed: false
                table:
                    input format: org.apache.hadoop.mapred.SequenceFileInputFormat
                    output format: org.apache.hadoop.hive.ql.io.HiveSequenceFileOutputFormat
                    serde: org.apache.hadoop.hive.serde2.lazybinary.LazyBinarySerDe

  Stage: Stage-20
    Map Reduce
      Map Operator Tree:
          TableScan
            alias: b
            Statistics: Num rows: 58 Data size: 5820 Basic stats: COMPLETE Column stats: NONE
            Select Operator
              expressions: value (type: string)
              outputColumnNames: value
              Statistics: Num rows: 58 Data size: 5820 Basic stats: COMPLETE Column stats: NONE
              Group By Operator
                keys: value (type: string)
                mode: hash
                outputColumnNames: _col0
                Statistics: Num rows: 58 Data size: 5820 Basic stats: COMPLETE Column stats: NONE
                Reduce Output Operator
                  key expressions: _col0 (type: string)
                  sort order: +
                  Map-reduce partition columns: _col0 (type: string)
                  Statistics: Num rows: 58 Data size: 5820 Basic stats: COMPLETE Column stats: NONE
      Reduce Operator Tree:
        Group By Operator
          keys: KEY._col0 (type: string)
          mode: mergepartial
          outputColumnNames: _col0
          Statistics: Num rows: 29 Data size: 2910 Basic stats: COMPLETE Column stats: NONE
          File Output Operator
            compressed: false
            table:
                input format: org.apache.hadoop.mapred.SequenceFileInputFormat
                output format: org.apache.hadoop.hive.ql.io.HiveSequenceFileOutputFormat
                serde: org.apache.hadoop.hive.serde2.lazybinary.LazyBinarySerDe

  Stage: Stage-41
    Map Reduce Local Work
      Alias -> Map Local Tables:
        $hdt$_2:$hdt$_2:$hdt$_2:$hdt$_2:$hdt$_3:$hdt$_3:$hdt$_4:$hdt$_4:src_null 
          Fetch Operator
            limit: -1
      Alias -> Map Local Operator Tree:
        $hdt$_2:$hdt$_2:$hdt$_2:$hdt$_2:$hdt$_3:$hdt$_3:$hdt$_4:$hdt$_4:src_null 
          TableScan
            alias: src_null
            Statistics: Num rows: 58 Data size: 5820 Basic stats: COMPLETE Column stats: NONE
            Select Operator
              expressions: value (type: string)
              outputColumnNames: _col0
              Statistics: Num rows: 58 Data size: 5820 Basic stats: COMPLETE Column stats: NONE
              HashTable Sink Operator
                keys:
                  0 
                  1 

  Stage: Stage-17
    Map Reduce
      Map Operator Tree:
          TableScan
            alias: b
            Statistics: Num rows: 29 Data size: 5820 Basic stats: COMPLETE Column stats: NONE
            Select Operator
              expressions: key (type: string), value (type: string)
              outputColumnNames: _col0, _col1
              Statistics: Num rows: 29 Data size: 5820 Basic stats: COMPLETE Column stats: NONE
              Reduce Output Operator
                key expressions: _col1 (type: string)
                sort order: +
                Map-reduce partition columns: _col1 (type: string)
                Statistics: Num rows: 29 Data size: 5820 Basic stats: COMPLETE Column stats: NONE
                value expressions: _col0 (type: string)
          TableScan
            Map Join Operator
              condition map:
                   Inner Join 0 to 1
              keys:
                0 
                1 
              outputColumnNames: _col0, _col1
              Statistics: Num rows: 1682 Data size: 339242 Basic stats: COMPLETE Column stats: NONE
              Filter Operator
                predicate: (_col0 <> _col1) (type: boolean)
                Statistics: Num rows: 1682 Data size: 339242 Basic stats: COMPLETE Column stats: NONE
                Select Operator
                  expressions: _col1 (type: string)
                  outputColumnNames: _col1
                  Statistics: Num rows: 1682 Data size: 339242 Basic stats: COMPLETE Column stats: NONE
                  Group By Operator
                    keys: _col1 (type: string)
                    mode: hash
                    outputColumnNames: _col0
                    Statistics: Num rows: 1682 Data size: 339242 Basic stats: COMPLETE Column stats: NONE
                    Reduce Output Operator
                      key expressions: _col0 (type: string)
                      sort order: +
                      Map-reduce partition columns: _col0 (type: string)
                      Statistics: Num rows: 1682 Data size: 339242 Basic stats: COMPLETE Column stats: NONE
      Local Work:
        Map Reduce Local Work
      Reduce Operator Tree:
        Demux Operator
          Statistics: Num rows: 1711 Data size: 345062 Basic stats: COMPLETE Column stats: NONE
          Mux Operator
            Statistics: Num rows: 2566 Data size: 517492 Basic stats: COMPLETE Column stats: NONE
            Join Operator
              condition map:
                   Left Outer Join0 to 1
              keys:
                0 _col1 (type: string)
                1 _col0 (type: string)
              outputColumnNames: _col0, _col1, _col3
              Statistics: Num rows: 0 Data size: 0 Basic stats: NONE Column stats: NONE
              Filter Operator
                predicate: _col3 is null (type: boolean)
                Statistics: Num rows: 0 Data size: 0 Basic stats: NONE Column stats: NONE
                Select Operator
                  expressions: _col1 (type: string), _col0 (type: string)
                  outputColumnNames: _col1, _col0
                  Statistics: Num rows: 0 Data size: 0 Basic stats: NONE Column stats: NONE
                  Group By Operator
                    keys: _col1 (type: string), _col0 (type: string)
                    mode: hash
                    outputColumnNames: _col0, _col1
                    Statistics: Num rows: 1 Data size: 0 Basic stats: PARTIAL Column stats: NONE
                    File Output Operator
                      compressed: false
                      table:
                          input format: org.apache.hadoop.mapred.SequenceFileInputFormat
                          output format: org.apache.hadoop.hive.ql.io.HiveSequenceFileOutputFormat
                          serde: org.apache.hadoop.hive.serde2.lazybinary.LazyBinarySerDe
          Group By Operator
            keys: KEY._col0 (type: string)
            mode: mergepartial
            outputColumnNames: _col0
            Statistics: Num rows: 855 Data size: 172430 Basic stats: COMPLETE Column stats: NONE
            Select Operator
              expressions: _col0 (type: string), true (type: boolean)
              outputColumnNames: _col0, _col1
              Statistics: Num rows: 855 Data size: 172430 Basic stats: COMPLETE Column stats: NONE
              Mux Operator
                Statistics: Num rows: 2566 Data size: 517492 Basic stats: COMPLETE Column stats: NONE
                Join Operator
                  condition map:
                       Left Outer Join0 to 1
                  keys:
                    0 _col1 (type: string)
                    1 _col0 (type: string)
                  outputColumnNames: _col0, _col1, _col3
                  Statistics: Num rows: 0 Data size: 0 Basic stats: NONE Column stats: NONE
                  Filter Operator
                    predicate: _col3 is null (type: boolean)
                    Statistics: Num rows: 0 Data size: 0 Basic stats: NONE Column stats: NONE
                    Select Operator
                      expressions: _col1 (type: string), _col0 (type: string)
                      outputColumnNames: _col1, _col0
                      Statistics: Num rows: 0 Data size: 0 Basic stats: NONE Column stats: NONE
                      Group By Operator
                        keys: _col1 (type: string), _col0 (type: string)
                        mode: hash
                        outputColumnNames: _col0, _col1
                        Statistics: Num rows: 1 Data size: 0 Basic stats: PARTIAL Column stats: NONE
                        File Output Operator
                          compressed: false
                          table:
                              input format: org.apache.hadoop.mapred.SequenceFileInputFormat
                              output format: org.apache.hadoop.hive.ql.io.HiveSequenceFileOutputFormat
                              serde: org.apache.hadoop.hive.serde2.lazybinary.LazyBinarySerDe

  Stage: Stage-18
    Map Reduce
      Map Operator Tree:
          TableScan
            Reduce Output Operator
              key expressions: _col0 (type: string), _col1 (type: string)
              sort order: ++
              Map-reduce partition columns: _col0 (type: string)
              Statistics: Num rows: 1 Data size: 0 Basic stats: PARTIAL Column stats: NONE
      Reduce Operator Tree:
        Group By Operator
          keys: KEY._col0 (type: string), KEY._col1 (type: string)
          mode: mergepartial
          outputColumnNames: _col0, _col1
          Statistics: Num rows: 1 Data size: 0 Basic stats: PARTIAL Column stats: NONE
          Select Operator
            expressions: _col0 (type: string)
            outputColumnNames: _col1
            Statistics: Num rows: 1 Data size: 0 Basic stats: PARTIAL Column stats: NONE
            Group By Operator
              keys: _col1 (type: string)
              mode: complete
              outputColumnNames: _col0
              Statistics: Num rows: 1 Data size: 0 Basic stats: PARTIAL Column stats: NONE
              File Output Operator
                compressed: false
                table:
                    input format: org.apache.hadoop.mapred.SequenceFileInputFormat
                    output format: org.apache.hadoop.hive.ql.io.HiveSequenceFileOutputFormat
                    serde: org.apache.hadoop.hive.serde2.lazybinary.LazyBinarySerDe

  Stage: Stage-40
    Map Reduce Local Work
      Alias -> Map Local Tables:
        $hdt$_2:$hdt$_2:$hdt$_2:$hdt$_2:$hdt$_2:s1 
          Fetch Operator
            limit: -1
      Alias -> Map Local Operator Tree:
        $hdt$_2:$hdt$_2:$hdt$_2:$hdt$_2:$hdt$_2:s1 
          TableScan
            alias: s1
            Statistics: Num rows: 29 Data size: 5820 Basic stats: COMPLETE Column stats: NONE
            Filter Operator
              predicate: (key > '9') (type: boolean)
              Statistics: Num rows: 9 Data size: 1806 Basic stats: COMPLETE Column stats: NONE
              Select Operator
                expressions: key (type: string), value (type: string)
                outputColumnNames: _col0, _col1
                Statistics: Num rows: 9 Data size: 1806 Basic stats: COMPLETE Column stats: NONE
                HashTable Sink Operator
                  keys:
                    0 
                    1 

  Stage: Stage-14
    Map Reduce
      Map Operator Tree:
          TableScan
            Map Join Operator
              condition map:
                   Inner Join 0 to 1
              keys:
                0 
                1 
              outputColumnNames: _col0, _col1, _col2
              Statistics: Num rows: 9 Data size: 1815 Basic stats: COMPLETE Column stats: NONE
              Filter Operator
                predicate: (_col1 <> _col2) (type: boolean)
                Statistics: Num rows: 9 Data size: 1815 Basic stats: COMPLETE Column stats: NONE
                Select Operator
                  expressions: _col2 (type: string), _col0 (type: string)
                  outputColumnNames: _col2, _col0
                  Statistics: Num rows: 9 Data size: 1815 Basic stats: COMPLETE Column stats: NONE
                  Group By Operator
                    aggregations: count()
                    keys: _col2 (type: string), _col0 (type: string)
                    mode: hash
                    outputColumnNames: _col0, _col1, _col2
                    Statistics: Num rows: 9 Data size: 1815 Basic stats: COMPLETE Column stats: NONE
                    Reduce Output Operator
                      key expressions: _col0 (type: string), _col1 (type: string)
                      sort order: ++
                      Map-reduce partition columns: _col0 (type: string), _col1 (type: string)
                      Statistics: Num rows: 9 Data size: 1815 Basic stats: COMPLETE Column stats: NONE
                      value expressions: _col2 (type: bigint)
      Local Work:
        Map Reduce Local Work
      Reduce Operator Tree:
        Group By Operator
          aggregations: count(VALUE._col0)
          keys: KEY._col0 (type: string), KEY._col1 (type: string)
          mode: mergepartial
          outputColumnNames: _col0, _col1, _col2
          Statistics: Num rows: 4 Data size: 806 Basic stats: COMPLETE Column stats: NONE
          Select Operator
            expressions: _col2 (type: bigint), _col0 (type: string)
            outputColumnNames: _col2, _col1
            Statistics: Num rows: 4 Data size: 806 Basic stats: COMPLETE Column stats: NONE
            Group By Operator
              keys: _col2 (type: bigint), _col1 (type: string)
              mode: hash
              outputColumnNames: _col0, _col1
              Statistics: Num rows: 4 Data size: 806 Basic stats: COMPLETE Column stats: NONE
              File Output Operator
                compressed: false
                table:
                    input format: org.apache.hadoop.mapred.SequenceFileInputFormat
                    output format: org.apache.hadoop.hive.ql.io.HiveSequenceFileOutputFormat
                    serde: org.apache.hadoop.hive.serde2.lazybinary.LazyBinarySerDe

  Stage: Stage-15
    Map Reduce
      Map Operator Tree:
          TableScan
            Reduce Output Operator
              key expressions: _col0 (type: bigint), _col1 (type: string)
              sort order: ++
              Map-reduce partition columns: _col0 (type: bigint), _col1 (type: string)
              Statistics: Num rows: 4 Data size: 806 Basic stats: COMPLETE Column stats: NONE
      Reduce Operator Tree:
        Group By Operator
          keys: KEY._col0 (type: bigint), KEY._col1 (type: string)
          mode: mergepartial
          outputColumnNames: _col0, _col1
          Statistics: Num rows: 2 Data size: 403 Basic stats: COMPLETE Column stats: NONE
          Select Operator
            expressions: _col0 (type: bigint), _col1 (type: string), true (type: boolean)
            outputColumnNames: _col0, _col1, _col2
            Statistics: Num rows: 2 Data size: 403 Basic stats: COMPLETE Column stats: NONE
            File Output Operator
              compressed: false
              table:
                  input format: org.apache.hadoop.mapred.SequenceFileInputFormat
                  output format: org.apache.hadoop.hive.ql.io.HiveSequenceFileOutputFormat
                  serde: org.apache.hadoop.hive.serde2.lazybinary.LazyBinarySerDe

  Stage: Stage-16
    Map Reduce
      Map Operator Tree:
          TableScan
            Reduce Output Operator
              key expressions: _col0 (type: bigint)
              sort order: +
              Map-reduce partition columns: _col0 (type: bigint)
              Statistics: Num rows: 2 Data size: 403 Basic stats: COMPLETE Column stats: NONE
              value expressions: _col1 (type: string), _col2 (type: boolean)
          TableScan
            Reduce Output Operator
              key expressions: _col0 (type: bigint)
              sort order: +
              Map-reduce partition columns: _col0 (type: bigint)
              Statistics: Num rows: 1 Data size: 0 Basic stats: PARTIAL Column stats: NONE
      Reduce Operator Tree:
        Demux Operator
          Statistics: Num rows: 3 Data size: 403 Basic stats: COMPLETE Column stats: NONE
          Mux Operator
            Statistics: Num rows: 4 Data size: 537 Basic stats: COMPLETE Column stats: NONE
            Join Operator
              condition map:
                   Inner Join 0 to 1
              keys:
                0 _col0 (type: bigint)
                1 _col0 (type: bigint)
              outputColumnNames: _col1, _col2, _col3
              Statistics: Num rows: 0 Data size: 0 Basic stats: NONE Column stats: NONE
              File Output Operator
                compressed: false
                table:
                    input format: org.apache.hadoop.mapred.SequenceFileInputFormat
                    output format: org.apache.hadoop.hive.ql.io.HiveSequenceFileOutputFormat
                    serde: org.apache.hadoop.hive.serde2.lazybinary.LazyBinarySerDe
          Group By Operator
            keys: KEY._col0 (type: bigint)
            mode: mergepartial
            outputColumnNames: _col0
            Statistics: Num rows: 1 Data size: 134 Basic stats: COMPLETE Column stats: NONE
            Mux Operator
              Statistics: Num rows: 4 Data size: 537 Basic stats: COMPLETE Column stats: NONE
              Join Operator
                condition map:
                     Inner Join 0 to 1
                keys:
                  0 _col0 (type: bigint)
                  1 _col0 (type: bigint)
                outputColumnNames: _col1, _col2, _col3
                Statistics: Num rows: 0 Data size: 0 Basic stats: NONE Column stats: NONE
                File Output Operator
                  compressed: false
                  table:
                      input format: org.apache.hadoop.mapred.SequenceFileInputFormat
                      output format: org.apache.hadoop.hive.ql.io.HiveSequenceFileOutputFormat
                      serde: org.apache.hadoop.hive.serde2.lazybinary.LazyBinarySerDe

  Stage: Stage-24
    Map Reduce
      Map Operator Tree:
          TableScan
            alias: b
            Statistics: Num rows: 58 Data size: 5820 Basic stats: COMPLETE Column stats: NONE
            Select Operator
              expressions: value (type: string)
              outputColumnNames: value
              Statistics: Num rows: 58 Data size: 5820 Basic stats: COMPLETE Column stats: NONE
              Group By Operator
                keys: value (type: string)
                mode: hash
                outputColumnNames: _col0
                Statistics: Num rows: 58 Data size: 5820 Basic stats: COMPLETE Column stats: NONE
                Reduce Output Operator
                  key expressions: _col0 (type: string)
                  sort order: +
                  Map-reduce partition columns: _col0 (type: string)
                  Statistics: Num rows: 58 Data size: 5820 Basic stats: COMPLETE Column stats: NONE
      Reduce Operator Tree:
        Group By Operator
          keys: KEY._col0 (type: string)
          mode: mergepartial
          outputColumnNames: _col0
          Statistics: Num rows: 29 Data size: 2910 Basic stats: COMPLETE Column stats: NONE
          File Output Operator
            compressed: false
            table:
                input format: org.apache.hadoop.mapred.SequenceFileInputFormat
                output format: org.apache.hadoop.hive.ql.io.HiveSequenceFileOutputFormat
                serde: org.apache.hadoop.hive.serde2.lazybinary.LazyBinarySerDe

  Stage: Stage-42
    Map Reduce Local Work
      Alias -> Map Local Tables:
        $hdt$_2:$hdt$_3:$hdt$_3:$hdt$_4:$hdt$_4:src_null 
          Fetch Operator
            limit: -1
      Alias -> Map Local Operator Tree:
        $hdt$_2:$hdt$_3:$hdt$_3:$hdt$_4:$hdt$_4:src_null 
          TableScan
            alias: src_null
            Statistics: Num rows: 58 Data size: 5820 Basic stats: COMPLETE Column stats: NONE
            Select Operator
              expressions: value (type: string)
              outputColumnNames: _col0
              Statistics: Num rows: 58 Data size: 5820 Basic stats: COMPLETE Column stats: NONE
              HashTable Sink Operator
                keys:
                  0 
                  1 

  Stage: Stage-21
    Map Reduce
      Map Operator Tree:
          TableScan
            alias: b
            Statistics: Num rows: 29 Data size: 5820 Basic stats: COMPLETE Column stats: NONE
            Select Operator
              expressions: key (type: string), value (type: string)
              outputColumnNames: _col0, _col1
              Statistics: Num rows: 29 Data size: 5820 Basic stats: COMPLETE Column stats: NONE
              Reduce Output Operator
                key expressions: _col1 (type: string)
                sort order: +
                Map-reduce partition columns: _col1 (type: string)
                Statistics: Num rows: 29 Data size: 5820 Basic stats: COMPLETE Column stats: NONE
                value expressions: _col0 (type: string)
          TableScan
            Map Join Operator
              condition map:
                   Inner Join 0 to 1
              keys:
                0 
                1 
              outputColumnNames: _col0, _col1
              Statistics: Num rows: 1682 Data size: 339242 Basic stats: COMPLETE Column stats: NONE
              Filter Operator
                predicate: (_col0 <> _col1) (type: boolean)
                Statistics: Num rows: 1682 Data size: 339242 Basic stats: COMPLETE Column stats: NONE
                Select Operator
                  expressions: _col1 (type: string)
                  outputColumnNames: _col1
                  Statistics: Num rows: 1682 Data size: 339242 Basic stats: COMPLETE Column stats: NONE
                  Group By Operator
                    keys: _col1 (type: string)
                    mode: hash
                    outputColumnNames: _col0
                    Statistics: Num rows: 1682 Data size: 339242 Basic stats: COMPLETE Column stats: NONE
                    Reduce Output Operator
                      key expressions: _col0 (type: string)
                      sort order: +
                      Map-reduce partition columns: _col0 (type: string)
                      Statistics: Num rows: 1682 Data size: 339242 Basic stats: COMPLETE Column stats: NONE
      Local Work:
        Map Reduce Local Work
      Reduce Operator Tree:
        Demux Operator
          Statistics: Num rows: 1711 Data size: 345062 Basic stats: COMPLETE Column stats: NONE
          Mux Operator
            Statistics: Num rows: 2566 Data size: 517492 Basic stats: COMPLETE Column stats: NONE
            Join Operator
              condition map:
                   Left Outer Join0 to 1
              keys:
                0 _col1 (type: string)
                1 _col0 (type: string)
              outputColumnNames: _col0, _col1, _col3
              Statistics: Num rows: 0 Data size: 0 Basic stats: NONE Column stats: NONE
              Filter Operator
                predicate: _col3 is null (type: boolean)
                Statistics: Num rows: 0 Data size: 0 Basic stats: NONE Column stats: NONE
                Select Operator
                  expressions: _col0 (type: string), _col1 (type: string)
                  outputColumnNames: _col0, _col1
                  Statistics: Num rows: 0 Data size: 0 Basic stats: NONE Column stats: NONE
                  Group By Operator
                    aggregations: count()
                    keys: _col0 (type: string), _col1 (type: string)
                    mode: hash
                    outputColumnNames: _col0, _col1, _col2
                    Statistics: Num rows: 1 Data size: 0 Basic stats: PARTIAL Column stats: NONE
                    File Output Operator
                      compressed: false
                      table:
                          input format: org.apache.hadoop.mapred.SequenceFileInputFormat
                          output format: org.apache.hadoop.hive.ql.io.HiveSequenceFileOutputFormat
                          serde: org.apache.hadoop.hive.serde2.lazybinary.LazyBinarySerDe
          Group By Operator
            keys: KEY._col0 (type: string)
            mode: mergepartial
            outputColumnNames: _col0
            Statistics: Num rows: 855 Data size: 172430 Basic stats: COMPLETE Column stats: NONE
            Select Operator
              expressions: _col0 (type: string), true (type: boolean)
              outputColumnNames: _col0, _col1
              Statistics: Num rows: 855 Data size: 172430 Basic stats: COMPLETE Column stats: NONE
              Mux Operator
                Statistics: Num rows: 2566 Data size: 517492 Basic stats: COMPLETE Column stats: NONE
                Join Operator
                  condition map:
                       Left Outer Join0 to 1
                  keys:
                    0 _col1 (type: string)
                    1 _col0 (type: string)
                  outputColumnNames: _col0, _col1, _col3
                  Statistics: Num rows: 0 Data size: 0 Basic stats: NONE Column stats: NONE
                  Filter Operator
                    predicate: _col3 is null (type: boolean)
                    Statistics: Num rows: 0 Data size: 0 Basic stats: NONE Column stats: NONE
                    Select Operator
                      expressions: _col0 (type: string), _col1 (type: string)
                      outputColumnNames: _col0, _col1
                      Statistics: Num rows: 0 Data size: 0 Basic stats: NONE Column stats: NONE
                      Group By Operator
                        aggregations: count()
                        keys: _col0 (type: string), _col1 (type: string)
                        mode: hash
                        outputColumnNames: _col0, _col1, _col2
                        Statistics: Num rows: 1 Data size: 0 Basic stats: PARTIAL Column stats: NONE
                        File Output Operator
                          compressed: false
                          table:
                              input format: org.apache.hadoop.mapred.SequenceFileInputFormat
                              output format: org.apache.hadoop.hive.ql.io.HiveSequenceFileOutputFormat
                              serde: org.apache.hadoop.hive.serde2.lazybinary.LazyBinarySerDe

  Stage: Stage-22
    Map Reduce
      Map Operator Tree:
          TableScan
            Reduce Output Operator
              key expressions: _col0 (type: string), _col1 (type: string)
              sort order: ++
              Map-reduce partition columns: _col0 (type: string), _col1 (type: string)
              Statistics: Num rows: 1 Data size: 0 Basic stats: PARTIAL Column stats: NONE
              value expressions: _col2 (type: bigint)
      Reduce Operator Tree:
        Group By Operator
          aggregations: count(VALUE._col0)
          keys: KEY._col0 (type: string), KEY._col1 (type: string)
          mode: mergepartial
          outputColumnNames: _col0, _col1, _col2
          Statistics: Num rows: 1 Data size: 0 Basic stats: PARTIAL Column stats: NONE
          Select Operator
            expressions: _col2 (type: bigint)
            outputColumnNames: _col2
            Statistics: Num rows: 1 Data size: 0 Basic stats: PARTIAL Column stats: NONE
            Group By Operator
              keys: _col2 (type: bigint)
              mode: hash
              outputColumnNames: _col0
              Statistics: Num rows: 1 Data size: 0 Basic stats: PARTIAL Column stats: NONE
              File Output Operator
                compressed: false
                table:
                    input format: org.apache.hadoop.mapred.SequenceFileInputFormat
                    output format: org.apache.hadoop.hive.ql.io.HiveSequenceFileOutputFormat
                    serde: org.apache.hadoop.hive.serde2.lazybinary.LazyBinarySerDe

  Stage: Stage-0
    Fetch Operator
      limit: -1
      Processor Tree:
        ListSink

Warning: Map Join MAPJOIN[235][bigTable=?] in task 'Stage-1:MAPRED' is a cross product
Warning: Map Join MAPJOIN[236][bigTable=?] in task 'Stage-8:MAPRED' is a cross product
Warning: Map Join MAPJOIN[237][bigTable=?] in task 'Stage-9:MAPRED' is a cross product
Warning: Map Join MAPJOIN[238][bigTable=?] in task 'Stage-14:MAPRED' is a cross product
Warning: Map Join MAPJOIN[239][bigTable=?] in task 'Stage-17:MAPRED' is a cross product
Warning: Map Join MAPJOIN[240][bigTable=?] in task 'Stage-21:MAPRED' is a cross product
PREHOOK: query: select key, value, count(*)
from src_null b
where NOT EXISTS (select key from src_null where src_null.value <> b.value)
group by key, value
having count(*) not in (select count(*) from src_null s1 where s1.key > '9' and s1.value <> b.value group by s1.key )
PREHOOK: type: QUERY
PREHOOK: Input: default@src_null
#### A masked pattern was here ####
POSTHOOK: query: select key, value, count(*)
from src_null b
where NOT EXISTS (select key from src_null where src_null.value <> b.value)
group by key, value
having count(*) not in (select count(*) from src_null s1 where s1.key > '9' and s1.value <> b.value group by s1.key )
POSTHOOK: type: QUERY
POSTHOOK: Input: default@src_null
#### A masked pattern was here ####
5444	NULL	1
PREHOOK: query: DROP TABLE src_null
PREHOOK: type: DROPTABLE
PREHOOK: Input: default@src_null
PREHOOK: Output: default@src_null
POSTHOOK: query: DROP TABLE src_null
POSTHOOK: type: DROPTABLE
POSTHOOK: Input: default@src_null
POSTHOOK: Output: default@src_null
PREHOOK: query: DROP TABLE part_subq
PREHOOK: type: DROPTABLE
PREHOOK: Input: default@part_subq
PREHOOK: Output: default@part_subq
POSTHOOK: query: DROP TABLE part_subq
POSTHOOK: type: DROPTABLE
POSTHOOK: Input: default@part_subq
POSTHOOK: Output: default@part_subq
