PREHOOK: query: -- SORT_QUERY_RESULTS

-- Verify HIVE-8097 with a query that has a Vectorized MapJoin in the Reducer.
-- Query copied from subquery_in.q

-- non agg, non corr, with join in Parent Query
explain
select p.p_partkey, li.l_suppkey 
from (select distinct l_partkey as p_partkey from lineitem) p join lineitem li on p.p_partkey = li.l_partkey 
where li.l_linenumber = 1 and
 li.l_orderkey in (select l_orderkey from lineitem where l_shipmode = 'AIR')
PREHOOK: type: QUERY
POSTHOOK: query: -- SORT_QUERY_RESULTS

-- Verify HIVE-8097 with a query that has a Vectorized MapJoin in the Reducer.
-- Query copied from subquery_in.q

-- non agg, non corr, with join in Parent Query
explain
select p.p_partkey, li.l_suppkey 
from (select distinct l_partkey as p_partkey from lineitem) p join lineitem li on p.p_partkey = li.l_partkey 
where li.l_linenumber = 1 and
 li.l_orderkey in (select l_orderkey from lineitem where l_shipmode = 'AIR')
POSTHOOK: type: QUERY
STAGE DEPENDENCIES:
  Stage-1 is a root stage
  Stage-12 depends on stages: Stage-1
  Stage-9 depends on stages: Stage-12
  Stage-8 depends on stages: Stage-5, Stage-9 , consists of Stage-10, Stage-11, Stage-3
  Stage-10 has a backup stage: Stage-3
  Stage-6 depends on stages: Stage-10
  Stage-11 has a backup stage: Stage-3
  Stage-7 depends on stages: Stage-11
  Stage-3
  Stage-5 is a root stage
  Stage-0 depends on stages: Stage-6, Stage-7, Stage-3

STAGE PLANS:
  Stage: Stage-1
    Map Reduce
      Map Operator Tree:
          TableScan
            alias: lineitem
            Statistics: Num rows: 100 Data size: 11999 Basic stats: COMPLETE Column stats: NONE
            Filter Operator
              predicate: l_partkey is not null (type: boolean)
              Statistics: Num rows: 100 Data size: 11999 Basic stats: COMPLETE Column stats: NONE
              Group By Operator
                keys: l_partkey (type: int)
                mode: hash
                outputColumnNames: _col0
                Statistics: Num rows: 100 Data size: 11999 Basic stats: COMPLETE Column stats: NONE
                Reduce Output Operator
                  key expressions: _col0 (type: int)
                  sort order: +
                  Map-reduce partition columns: _col0 (type: int)
                  Statistics: Num rows: 100 Data size: 11999 Basic stats: COMPLETE Column stats: NONE
      Reduce Operator Tree:
        Group By Operator
          keys: KEY._col0 (type: int)
          mode: mergepartial
          outputColumnNames: _col0
          Statistics: Num rows: 50 Data size: 5999 Basic stats: COMPLETE Column stats: NONE
          File Output Operator
            compressed: false
            table:
                input format: org.apache.hadoop.mapred.SequenceFileInputFormat
                output format: org.apache.hadoop.hive.ql.io.HiveSequenceFileOutputFormat
                serde: org.apache.hadoop.hive.serde2.lazybinary.LazyBinarySerDe

  Stage: Stage-12
    Map Reduce Local Work
      Alias -> Map Local Tables:
        $hdt$_1:li 
          Fetch Operator
            limit: -1
      Alias -> Map Local Operator Tree:
        $hdt$_1:li 
          TableScan
            alias: li
            Statistics: Num rows: 100 Data size: 11999 Basic stats: COMPLETE Column stats: NONE
            Filter Operator
              predicate: ((l_linenumber = 1) and l_partkey is not null) (type: boolean)
              Statistics: Num rows: 50 Data size: 5999 Basic stats: COMPLETE Column stats: NONE
              Select Operator
                expressions: l_orderkey (type: int), l_partkey (type: int), l_suppkey (type: int)
                outputColumnNames: _col0, _col1, _col2
                Statistics: Num rows: 50 Data size: 5999 Basic stats: COMPLETE Column stats: NONE
                HashTable Sink Operator
                  keys:
                    0 _col0 (type: int)
                    1 _col1 (type: int)

  Stage: Stage-9
    Map Reduce
      Map Operator Tree:
          TableScan
            Map Join Operator
              condition map:
                   Inner Join 0 to 1
              keys:
                0 _col0 (type: int)
                1 _col1 (type: int)
              outputColumnNames: _col0, _col1, _col3
              Statistics: Num rows: 55 Data size: 6598 Basic stats: COMPLETE Column stats: NONE
              File Output Operator
                compressed: false
                table:
                    input format: org.apache.hadoop.mapred.SequenceFileInputFormat
                    output format: org.apache.hadoop.hive.ql.io.HiveSequenceFileOutputFormat
                    serde: org.apache.hadoop.hive.serde2.lazybinary.LazyBinarySerDe
      Local Work:
        Map Reduce Local Work

  Stage: Stage-8
    Conditional Operator

  Stage: Stage-10
    Map Reduce Local Work
      Alias -> Map Local Tables:
        $INTNAME1 
          Fetch Operator
            limit: -1
      Alias -> Map Local Operator Tree:
        $INTNAME1 
          TableScan
            HashTable Sink Operator
              keys:
                0 _col1 (type: int)
                1 _col0 (type: int)

  Stage: Stage-6
    Map Reduce
      Map Operator Tree:
          TableScan
            Map Join Operator
              condition map:
                   Inner Join 0 to 1
              keys:
                0 _col1 (type: int)
                1 _col0 (type: int)
              outputColumnNames: _col0, _col3
              Statistics: Num rows: 60 Data size: 7257 Basic stats: COMPLETE Column stats: NONE
              Select Operator
                expressions: _col0 (type: int), _col3 (type: int)
                outputColumnNames: _col0, _col1
                Statistics: Num rows: 60 Data size: 7257 Basic stats: COMPLETE Column stats: NONE
                File Output Operator
                  compressed: false
                  Statistics: Num rows: 60 Data size: 7257 Basic stats: COMPLETE Column stats: NONE
                  table:
                      input format: org.apache.hadoop.mapred.SequenceFileInputFormat
                      output format: org.apache.hadoop.hive.ql.io.HiveSequenceFileOutputFormat
                      serde: org.apache.hadoop.hive.serde2.lazy.LazySimpleSerDe
      Local Work:
        Map Reduce Local Work

  Stage: Stage-11
    Map Reduce Local Work
      Alias -> Map Local Tables:
        $INTNAME 
          Fetch Operator
            limit: -1
      Alias -> Map Local Operator Tree:
        $INTNAME 
          TableScan
            HashTable Sink Operator
              keys:
                0 _col1 (type: int)
                1 _col0 (type: int)

  Stage: Stage-7
    Map Reduce
      Map Operator Tree:
          TableScan
            Map Join Operator
              condition map:
                   Inner Join 0 to 1
              keys:
                0 _col1 (type: int)
                1 _col0 (type: int)
              outputColumnNames: _col0, _col3
              Statistics: Num rows: 60 Data size: 7257 Basic stats: COMPLETE Column stats: NONE
              Select Operator
                expressions: _col0 (type: int), _col3 (type: int)
                outputColumnNames: _col0, _col1
                Statistics: Num rows: 60 Data size: 7257 Basic stats: COMPLETE Column stats: NONE
                File Output Operator
                  compressed: false
                  Statistics: Num rows: 60 Data size: 7257 Basic stats: COMPLETE Column stats: NONE
                  table:
                      input format: org.apache.hadoop.mapred.SequenceFileInputFormat
                      output format: org.apache.hadoop.hive.ql.io.HiveSequenceFileOutputFormat
                      serde: org.apache.hadoop.hive.serde2.lazy.LazySimpleSerDe
      Local Work:
        Map Reduce Local Work

  Stage: Stage-3
    Map Reduce
      Map Operator Tree:
          TableScan
            Reduce Output Operator
              key expressions: _col1 (type: int)
              sort order: +
              Map-reduce partition columns: _col1 (type: int)
              Statistics: Num rows: 55 Data size: 6598 Basic stats: COMPLETE Column stats: NONE
              value expressions: _col0 (type: int), _col3 (type: int)
          TableScan
            Reduce Output Operator
              key expressions: _col0 (type: int)
              sort order: +
              Map-reduce partition columns: _col0 (type: int)
              Statistics: Num rows: 25 Data size: 2999 Basic stats: COMPLETE Column stats: NONE
      Reduce Operator Tree:
        Join Operator
          condition map:
               Inner Join 0 to 1
          keys:
            0 _col1 (type: int)
            1 _col0 (type: int)
          outputColumnNames: _col0, _col3
          Statistics: Num rows: 60 Data size: 7257 Basic stats: COMPLETE Column stats: NONE
          Select Operator
            expressions: _col0 (type: int), _col3 (type: int)
            outputColumnNames: _col0, _col1
            Statistics: Num rows: 60 Data size: 7257 Basic stats: COMPLETE Column stats: NONE
            File Output Operator
              compressed: false
              Statistics: Num rows: 60 Data size: 7257 Basic stats: COMPLETE Column stats: NONE
              table:
                  input format: org.apache.hadoop.mapred.SequenceFileInputFormat
                  output format: org.apache.hadoop.hive.ql.io.HiveSequenceFileOutputFormat
                  serde: org.apache.hadoop.hive.serde2.lazy.LazySimpleSerDe

  Stage: Stage-5
    Map Reduce
      Map Operator Tree:
          TableScan
            alias: lineitem
            Statistics: Num rows: 100 Data size: 11999 Basic stats: COMPLETE Column stats: NONE
            Filter Operator
              predicate: (l_shipmode = 'AIR') (type: boolean)
              Statistics: Num rows: 50 Data size: 5999 Basic stats: COMPLETE Column stats: NONE
              Select Operator
                expressions: l_orderkey (type: int)
                outputColumnNames: l_orderkey
                Statistics: Num rows: 50 Data size: 5999 Basic stats: COMPLETE Column stats: NONE
                Group By Operator
                  keys: l_orderkey (type: int)
                  mode: hash
                  outputColumnNames: _col0
                  Statistics: Num rows: 50 Data size: 5999 Basic stats: COMPLETE Column stats: NONE
                  Reduce Output Operator
                    key expressions: _col0 (type: int)
                    sort order: +
                    Map-reduce partition columns: _col0 (type: int)
                    Statistics: Num rows: 50 Data size: 5999 Basic stats: COMPLETE Column stats: NONE
      Reduce Operator Tree:
        Group By Operator
          keys: KEY._col0 (type: int)
          mode: mergepartial
          outputColumnNames: _col0
          Statistics: Num rows: 25 Data size: 2999 Basic stats: COMPLETE Column stats: NONE
          File Output Operator
            compressed: false
            table:
                input format: org.apache.hadoop.mapred.SequenceFileInputFormat
                output format: org.apache.hadoop.hive.ql.io.HiveSequenceFileOutputFormat
                serde: org.apache.hadoop.hive.serde2.lazybinary.LazyBinarySerDe

  Stage: Stage-0
    Fetch Operator
      limit: -1
      Processor Tree:
        ListSink

PREHOOK: query: select p.p_partkey, li.l_suppkey 
from (select distinct l_partkey as p_partkey from lineitem) p join lineitem li on p.p_partkey = li.l_partkey 
where li.l_linenumber = 1 and
 li.l_orderkey in (select l_orderkey from lineitem where l_shipmode = 'AIR')
PREHOOK: type: QUERY
PREHOOK: Input: default@lineitem
#### A masked pattern was here ####
POSTHOOK: query: select p.p_partkey, li.l_suppkey 
from (select distinct l_partkey as p_partkey from lineitem) p join lineitem li on p.p_partkey = li.l_partkey 
where li.l_linenumber = 1 and
 li.l_orderkey in (select l_orderkey from lineitem where l_shipmode = 'AIR')
POSTHOOK: type: QUERY
POSTHOOK: Input: default@lineitem
#### A masked pattern was here ####
108570	8571
115118	7630
115209	7721
155190	7706
2320	9821
40216	217
4297	1798
61336	8855
64128	9141
82704	7721
PREHOOK: query: -- non agg, corr, with join in Parent Query
explain
select p.p_partkey, li.l_suppkey 
from (select distinct l_partkey as p_partkey from lineitem) p join lineitem li on p.p_partkey = li.l_partkey 
where li.l_linenumber = 1 and
 li.l_orderkey in (select l_orderkey from lineitem where l_shipmode = 'AIR' and l_linenumber = li.l_linenumber)
PREHOOK: type: QUERY
POSTHOOK: query: -- non agg, corr, with join in Parent Query
explain
select p.p_partkey, li.l_suppkey 
from (select distinct l_partkey as p_partkey from lineitem) p join lineitem li on p.p_partkey = li.l_partkey 
where li.l_linenumber = 1 and
 li.l_orderkey in (select l_orderkey from lineitem where l_shipmode = 'AIR' and l_linenumber = li.l_linenumber)
POSTHOOK: type: QUERY
STAGE DEPENDENCIES:
  Stage-1 is a root stage
  Stage-19 depends on stages: Stage-1
  Stage-14 depends on stages: Stage-19
  Stage-13 depends on stages: Stage-6, Stage-14 , consists of Stage-17, Stage-18, Stage-3
  Stage-17 has a backup stage: Stage-3
  Stage-11 depends on stages: Stage-17
  Stage-18 has a backup stage: Stage-3
  Stage-12 depends on stages: Stage-18
  Stage-3
  Stage-7 is a root stage
  Stage-21 depends on stages: Stage-7
  Stage-9 depends on stages: Stage-21
  Stage-20 depends on stages: Stage-9
  Stage-6 depends on stages: Stage-20
  Stage-0 depends on stages: Stage-11, Stage-12, Stage-3

STAGE PLANS:
  Stage: Stage-1
    Map Reduce
      Map Operator Tree:
          TableScan
            alias: lineitem
            Statistics: Num rows: 100 Data size: 11999 Basic stats: COMPLETE Column stats: NONE
            Filter Operator
              predicate: l_partkey is not null (type: boolean)
              Statistics: Num rows: 100 Data size: 11999 Basic stats: COMPLETE Column stats: NONE
              Group By Operator
                keys: l_partkey (type: int)
                mode: hash
                outputColumnNames: _col0
                Statistics: Num rows: 100 Data size: 11999 Basic stats: COMPLETE Column stats: NONE
                Reduce Output Operator
                  key expressions: _col0 (type: int)
                  sort order: +
                  Map-reduce partition columns: _col0 (type: int)
                  Statistics: Num rows: 100 Data size: 11999 Basic stats: COMPLETE Column stats: NONE
      Reduce Operator Tree:
        Group By Operator
          keys: KEY._col0 (type: int)
          mode: mergepartial
          outputColumnNames: _col0
          Statistics: Num rows: 50 Data size: 5999 Basic stats: COMPLETE Column stats: NONE
          File Output Operator
            compressed: false
            table:
                input format: org.apache.hadoop.mapred.SequenceFileInputFormat
                output format: org.apache.hadoop.hive.ql.io.HiveSequenceFileOutputFormat
                serde: org.apache.hadoop.hive.serde2.lazybinary.LazyBinarySerDe

  Stage: Stage-19
    Map Reduce Local Work
      Alias -> Map Local Tables:
        $hdt$_1:li 
          Fetch Operator
            limit: -1
      Alias -> Map Local Operator Tree:
        $hdt$_1:li 
          TableScan
            alias: li
            Statistics: Num rows: 100 Data size: 11999 Basic stats: COMPLETE Column stats: NONE
            Filter Operator
              predicate: ((l_linenumber = 1) and l_partkey is not null) (type: boolean)
              Statistics: Num rows: 50 Data size: 5999 Basic stats: COMPLETE Column stats: NONE
              Select Operator
                expressions: l_orderkey (type: int), l_partkey (type: int), l_suppkey (type: int), 1 (type: int)
                outputColumnNames: _col0, _col1, _col2, _col3
                Statistics: Num rows: 50 Data size: 5999 Basic stats: COMPLETE Column stats: NONE
                HashTable Sink Operator
                  keys:
                    0 _col0 (type: int)
                    1 _col1 (type: int)

  Stage: Stage-14
    Map Reduce
      Map Operator Tree:
          TableScan
            Map Join Operator
              condition map:
                   Inner Join 0 to 1
              keys:
                0 _col0 (type: int)
                1 _col1 (type: int)
              outputColumnNames: _col0, _col1, _col3, _col4
              Statistics: Num rows: 55 Data size: 6598 Basic stats: COMPLETE Column stats: NONE
              File Output Operator
                compressed: false
                table:
                    input format: org.apache.hadoop.mapred.SequenceFileInputFormat
                    output format: org.apache.hadoop.hive.ql.io.HiveSequenceFileOutputFormat
                    serde: org.apache.hadoop.hive.serde2.lazybinary.LazyBinarySerDe
      Local Work:
        Map Reduce Local Work

  Stage: Stage-13
    Conditional Operator

  Stage: Stage-17
    Map Reduce Local Work
      Alias -> Map Local Tables:
        $INTNAME1 
          Fetch Operator
            limit: -1
      Alias -> Map Local Operator Tree:
        $INTNAME1 
          TableScan
            HashTable Sink Operator
              keys:
                0 _col1 (type: int), _col4 (type: int)
                1 _col0 (type: int), _col1 (type: int)

  Stage: Stage-11
    Map Reduce
      Map Operator Tree:
          TableScan
            Map Join Operator
              condition map:
                   Inner Join 0 to 1
              keys:
                0 _col1 (type: int), _col4 (type: int)
                1 _col0 (type: int), _col1 (type: int)
              outputColumnNames: _col0, _col3
              Statistics: Num rows: 60 Data size: 7257 Basic stats: COMPLETE Column stats: NONE
              Select Operator
                expressions: _col0 (type: int), _col3 (type: int)
                outputColumnNames: _col0, _col1
                Statistics: Num rows: 60 Data size: 7257 Basic stats: COMPLETE Column stats: NONE
                File Output Operator
                  compressed: false
                  Statistics: Num rows: 60 Data size: 7257 Basic stats: COMPLETE Column stats: NONE
                  table:
                      input format: org.apache.hadoop.mapred.SequenceFileInputFormat
                      output format: org.apache.hadoop.hive.ql.io.HiveSequenceFileOutputFormat
                      serde: org.apache.hadoop.hive.serde2.lazy.LazySimpleSerDe
      Local Work:
        Map Reduce Local Work

  Stage: Stage-18
    Map Reduce Local Work
      Alias -> Map Local Tables:
        $INTNAME 
          Fetch Operator
            limit: -1
      Alias -> Map Local Operator Tree:
        $INTNAME 
          TableScan
            HashTable Sink Operator
              keys:
                0 _col1 (type: int), _col4 (type: int)
                1 _col0 (type: int), _col1 (type: int)

  Stage: Stage-12
    Map Reduce
      Map Operator Tree:
          TableScan
            Map Join Operator
              condition map:
                   Inner Join 0 to 1
              keys:
                0 _col1 (type: int), _col4 (type: int)
                1 _col0 (type: int), _col1 (type: int)
              outputColumnNames: _col0, _col3
              Statistics: Num rows: 60 Data size: 7257 Basic stats: COMPLETE Column stats: NONE
              Select Operator
                expressions: _col0 (type: int), _col3 (type: int)
                outputColumnNames: _col0, _col1
                Statistics: Num rows: 60 Data size: 7257 Basic stats: COMPLETE Column stats: NONE
                File Output Operator
                  compressed: false
                  Statistics: Num rows: 60 Data size: 7257 Basic stats: COMPLETE Column stats: NONE
                  table:
                      input format: org.apache.hadoop.mapred.SequenceFileInputFormat
                      output format: org.apache.hadoop.hive.ql.io.HiveSequenceFileOutputFormat
                      serde: org.apache.hadoop.hive.serde2.lazy.LazySimpleSerDe
      Local Work:
        Map Reduce Local Work

  Stage: Stage-3
    Map Reduce
      Map Operator Tree:
          TableScan
            Reduce Output Operator
              key expressions: _col1 (type: int), _col4 (type: int)
              sort order: ++
              Map-reduce partition columns: _col1 (type: int), _col4 (type: int)
              Statistics: Num rows: 55 Data size: 6598 Basic stats: COMPLETE Column stats: NONE
              value expressions: _col0 (type: int), _col3 (type: int)
          TableScan
            Reduce Output Operator
              key expressions: _col0 (type: int), _col1 (type: int)
              sort order: ++
              Map-reduce partition columns: _col0 (type: int), _col1 (type: int)
              Statistics: Num rows: 30 Data size: 3629 Basic stats: COMPLETE Column stats: NONE
      Reduce Operator Tree:
        Join Operator
          condition map:
               Inner Join 0 to 1
          keys:
            0 _col1 (type: int), _col4 (type: int)
            1 _col0 (type: int), _col1 (type: int)
          outputColumnNames: _col0, _col3
          Statistics: Num rows: 60 Data size: 7257 Basic stats: COMPLETE Column stats: NONE
          Select Operator
            expressions: _col0 (type: int), _col3 (type: int)
            outputColumnNames: _col0, _col1
            Statistics: Num rows: 60 Data size: 7257 Basic stats: COMPLETE Column stats: NONE
            File Output Operator
              compressed: false
              Statistics: Num rows: 60 Data size: 7257 Basic stats: COMPLETE Column stats: NONE
              table:
                  input format: org.apache.hadoop.mapred.SequenceFileInputFormat
                  output format: org.apache.hadoop.hive.ql.io.HiveSequenceFileOutputFormat
                  serde: org.apache.hadoop.hive.serde2.lazy.LazySimpleSerDe

  Stage: Stage-7
    Map Reduce
      Map Operator Tree:
          TableScan
            alias: lineitem
            Statistics: Num rows: 100 Data size: 11999 Basic stats: COMPLETE Column stats: NONE
            Filter Operator
              predicate: l_partkey is not null (type: boolean)
              Statistics: Num rows: 100 Data size: 11999 Basic stats: COMPLETE Column stats: NONE
              Group By Operator
                keys: l_partkey (type: int)
                mode: hash
                outputColumnNames: _col0
                Statistics: Num rows: 100 Data size: 11999 Basic stats: COMPLETE Column stats: NONE
                Reduce Output Operator
                  key expressions: _col0 (type: int)
                  sort order: +
                  Map-reduce partition columns: _col0 (type: int)
                  Statistics: Num rows: 100 Data size: 11999 Basic stats: COMPLETE Column stats: NONE
      Reduce Operator Tree:
        Group By Operator
          keys: KEY._col0 (type: int)
          mode: mergepartial
          outputColumnNames: _col0
          Statistics: Num rows: 50 Data size: 5999 Basic stats: COMPLETE Column stats: NONE
          File Output Operator
            compressed: false
            table:
                input format: org.apache.hadoop.mapred.SequenceFileInputFormat
                output format: org.apache.hadoop.hive.ql.io.HiveSequenceFileOutputFormat
                serde: org.apache.hadoop.hive.serde2.lazybinary.LazyBinarySerDe

  Stage: Stage-21
    Map Reduce Local Work
      Alias -> Map Local Tables:
        $hdt$_2:$hdt$_3:$hdt$_4:li 
          Fetch Operator
            limit: -1
      Alias -> Map Local Operator Tree:
        $hdt$_2:$hdt$_3:$hdt$_4:li 
          TableScan
            alias: li
            Statistics: Num rows: 100 Data size: 11999 Basic stats: COMPLETE Column stats: NONE
            Filter Operator
              predicate: l_partkey is not null (type: boolean)
              Statistics: Num rows: 100 Data size: 11999 Basic stats: COMPLETE Column stats: NONE
              Select Operator
                expressions: l_partkey (type: int), l_linenumber (type: int)
                outputColumnNames: _col0, _col1
                Statistics: Num rows: 100 Data size: 11999 Basic stats: COMPLETE Column stats: NONE
                HashTable Sink Operator
                  keys:
                    0 _col0 (type: int)
                    1 _col0 (type: int)

  Stage: Stage-9
    Map Reduce
      Map Operator Tree:
          TableScan
            Map Join Operator
              condition map:
                   Inner Join 0 to 1
              keys:
                0 _col0 (type: int)
                1 _col0 (type: int)
              outputColumnNames: _col2
              Statistics: Num rows: 110 Data size: 13198 Basic stats: COMPLETE Column stats: NONE
              Group By Operator
                keys: _col2 (type: int)
                mode: hash
                outputColumnNames: _col0
                Statistics: Num rows: 110 Data size: 13198 Basic stats: COMPLETE Column stats: NONE
                Reduce Output Operator
                  key expressions: _col0 (type: int)
                  sort order: +
                  Map-reduce partition columns: _col0 (type: int)
                  Statistics: Num rows: 110 Data size: 13198 Basic stats: COMPLETE Column stats: NONE
      Local Work:
        Map Reduce Local Work
      Reduce Operator Tree:
        Group By Operator
          keys: KEY._col0 (type: int)
          mode: mergepartial
          outputColumnNames: _col0
          Statistics: Num rows: 55 Data size: 6599 Basic stats: COMPLETE Column stats: NONE
          File Output Operator
            compressed: false
            table:
                input format: org.apache.hadoop.mapred.SequenceFileInputFormat
                output format: org.apache.hadoop.hive.ql.io.HiveSequenceFileOutputFormat
                serde: org.apache.hadoop.hive.serde2.lazybinary.LazyBinarySerDe

  Stage: Stage-20
    Map Reduce Local Work
      Alias -> Map Local Tables:
        $hdt$_2:$hdt$_2:lineitem 
          Fetch Operator
            limit: -1
      Alias -> Map Local Operator Tree:
        $hdt$_2:$hdt$_2:lineitem 
          TableScan
            alias: lineitem
            Statistics: Num rows: 100 Data size: 11999 Basic stats: COMPLETE Column stats: NONE
            Filter Operator
              predicate: (l_shipmode = 'AIR') (type: boolean)
              Statistics: Num rows: 50 Data size: 5999 Basic stats: COMPLETE Column stats: NONE
              Select Operator
                expressions: l_orderkey (type: int), l_linenumber (type: int)
                outputColumnNames: _col0, _col1
                Statistics: Num rows: 50 Data size: 5999 Basic stats: COMPLETE Column stats: NONE
                HashTable Sink Operator
                  keys:
                    0 _col1 (type: int)
                    1 _col0 (type: int)

  Stage: Stage-6
    Map Reduce
      Map Operator Tree:
          TableScan
            Map Join Operator
              condition map:
                   Inner Join 0 to 1
              keys:
                0 _col1 (type: int)
                1 _col0 (type: int)
              outputColumnNames: _col0, _col3
              Statistics: Num rows: 60 Data size: 7258 Basic stats: COMPLETE Column stats: NONE
              Group By Operator
                keys: _col0 (type: int), _col3 (type: int)
                mode: hash
                outputColumnNames: _col0, _col1
                Statistics: Num rows: 60 Data size: 7258 Basic stats: COMPLETE Column stats: NONE
                Reduce Output Operator
                  key expressions: _col0 (type: int), _col1 (type: int)
                  sort order: ++
                  Map-reduce partition columns: _col0 (type: int), _col1 (type: int)
                  Statistics: Num rows: 60 Data size: 7258 Basic stats: COMPLETE Column stats: NONE
      Local Work:
        Map Reduce Local Work
      Reduce Operator Tree:
        Group By Operator
          keys: KEY._col0 (type: int), KEY._col1 (type: int)
          mode: mergepartial
          outputColumnNames: _col0, _col1
          Statistics: Num rows: 30 Data size: 3629 Basic stats: COMPLETE Column stats: NONE
          File Output Operator
            compressed: false
            table:
                input format: org.apache.hadoop.mapred.SequenceFileInputFormat
                output format: org.apache.hadoop.hive.ql.io.HiveSequenceFileOutputFormat
                serde: org.apache.hadoop.hive.serde2.lazybinary.LazyBinarySerDe

  Stage: Stage-0
    Fetch Operator
      limit: -1
      Processor Tree:
        ListSink

PREHOOK: query: select p.p_partkey, li.l_suppkey 
from (select distinct l_partkey as p_partkey from lineitem) p join lineitem li on p.p_partkey = li.l_partkey 
where li.l_linenumber = 1 and
 li.l_orderkey in (select l_orderkey from lineitem where l_shipmode = 'AIR' and l_linenumber = li.l_linenumber)
PREHOOK: type: QUERY
PREHOOK: Input: default@lineitem
#### A masked pattern was here ####
POSTHOOK: query: select p.p_partkey, li.l_suppkey 
from (select distinct l_partkey as p_partkey from lineitem) p join lineitem li on p.p_partkey = li.l_partkey 
where li.l_linenumber = 1 and
 li.l_orderkey in (select l_orderkey from lineitem where l_shipmode = 'AIR' and l_linenumber = li.l_linenumber)
POSTHOOK: type: QUERY
POSTHOOK: Input: default@lineitem
#### A masked pattern was here ####
108570	8571
4297	1798
